[0.011s] Invoking command in '/home/yousef/ROS-starter-tutorial/ROS2_demo_ws/build/turtle_package': CMAKE_PREFIX_PATH=${CMAKE_PREFIX_PATH}:/opt/ros/humble /usr/bin/cmake --build /home/yousef/ROS-starter-tutorial/ROS2_demo_ws/build/turtle_package -- -j6 -l6
[0.035s] -- Found ament_cmake: 1.3.11 (/opt/ros/humble/share/ament_cmake/cmake)
[0.157s] -- Found ament_lint_auto: 0.12.11 (/opt/ros/humble/share/ament_lint_auto/cmake)
[0.225s] -- Added test 'cppcheck' to perform static code analysis on C / C++ code
[0.225s] -- Configured cppcheck include dirs: $<BUILD_INTERFACE:/home/yousef/ROS-starter-tutorial/ROS2_demo_ws/src/turtle_package/include>
[0.225s] -- Configured cppcheck exclude dirs and/or files: 
[0.226s] -- Added test 'flake8' to check Python code syntax and style conventions
[0.226s] -- Added test 'lint_cmake' to check CMake code style
[0.226s] -- Added test 'pep257' to check Python code against some of the docstring style conventions in PEP 257
[0.227s] -- Added test 'uncrustify' to check C / C++ code style
[0.227s] -- Configured uncrustify additional arguments: 
[0.228s] -- Added test 'xmllint' to check XML markup files
[0.228s] -- Configuring done
[0.234s] -- Generating done
[0.237s] -- Build files have been written to: /home/yousef/ROS-starter-tutorial/ROS2_demo_ws/build/turtle_package
[0.257s] [35m[1mConsolidate compiler generated dependencies of target demo_node[0m
[0.267s] [100%] Built target demo_node
[0.278s] Invoked command in '/home/yousef/ROS-starter-tutorial/ROS2_demo_ws/build/turtle_package' returned '0': CMAKE_PREFIX_PATH=${CMAKE_PREFIX_PATH}:/opt/ros/humble /usr/bin/cmake --build /home/yousef/ROS-starter-tutorial/ROS2_demo_ws/build/turtle_package -- -j6 -l6
[0.287s] Invoking command in '/home/yousef/ROS-starter-tutorial/ROS2_demo_ws/build/turtle_package': CMAKE_PREFIX_PATH=${CMAKE_PREFIX_PATH}:/opt/ros/humble /usr/bin/cmake --install /home/yousef/ROS-starter-tutorial/ROS2_demo_ws/build/turtle_package
[0.293s] -- Install configuration: ""
[0.293s] -- Up-to-date: /home/yousef/ROS-starter-tutorial/ROS2_demo_ws/install/turtle_package/lib/turtle_package/demo_node
[0.294s] -- Installing: /home/yousef/ROS-starter-tutorial/ROS2_demo_ws/install/turtle_package/lib/turtle_package/circle.py
[0.294s] -- Up-to-date: /home/yousef/ROS-starter-tutorial/ROS2_demo_ws/install/turtle_package/share/ament_index/resource_index/package_run_dependencies/turtle_package
[0.294s] -- Installing: /home/yousef/ROS-starter-tutorial/ROS2_demo_ws/install/turtle_package/share/ament_index/resource_index/parent_prefix_path/turtle_package
[0.294s] -- Up-to-date: /home/yousef/ROS-starter-tutorial/ROS2_demo_ws/install/turtle_package/share/turtle_package/environment/ament_prefix_path.sh
[0.294s] -- Installing: /home/yousef/ROS-starter-tutorial/ROS2_demo_ws/install/turtle_package/share/turtle_package/environment/ament_prefix_path.dsv
[0.294s] -- Up-to-date: /home/yousef/ROS-starter-tutorial/ROS2_demo_ws/install/turtle_package/share/turtle_package/environment/path.sh
[0.294s] -- Installing: /home/yousef/ROS-starter-tutorial/ROS2_demo_ws/install/turtle_package/share/turtle_package/environment/path.dsv
[0.294s] -- Up-to-date: /home/yousef/ROS-starter-tutorial/ROS2_demo_ws/install/turtle_package/share/turtle_package/local_setup.bash
[0.295s] -- Up-to-date: /home/yousef/ROS-starter-tutorial/ROS2_demo_ws/install/turtle_package/share/turtle_package/local_setup.sh
[0.295s] -- Up-to-date: /home/yousef/ROS-starter-tutorial/ROS2_demo_ws/install/turtle_package/share/turtle_package/local_setup.zsh
[0.295s] -- Installing: /home/yousef/ROS-starter-tutorial/ROS2_demo_ws/install/turtle_package/share/turtle_package/local_setup.dsv
[0.295s] -- Installing: /home/yousef/ROS-starter-tutorial/ROS2_demo_ws/install/turtle_package/share/turtle_package/package.dsv
[0.295s] -- Up-to-date: /home/yousef/ROS-starter-tutorial/ROS2_demo_ws/install/turtle_package/share/ament_index/resource_index/packages/turtle_package
[0.295s] -- Up-to-date: /home/yousef/ROS-starter-tutorial/ROS2_demo_ws/install/turtle_package/share/turtle_package/cmake/turtle_packageConfig.cmake
[0.295s] -- Up-to-date: /home/yousef/ROS-starter-tutorial/ROS2_demo_ws/install/turtle_package/share/turtle_package/cmake/turtle_packageConfig-version.cmake
[0.295s] -- Up-to-date: /home/yousef/ROS-starter-tutorial/ROS2_demo_ws/install/turtle_package/share/turtle_package/package.xml
[0.297s] Invoked command in '/home/yousef/ROS-starter-tutorial/ROS2_demo_ws/build/turtle_package' returned '0': CMAKE_PREFIX_PATH=${CMAKE_PREFIX_PATH}:/opt/ros/humble /usr/bin/cmake --install /home/yousef/ROS-starter-tutorial/ROS2_demo_ws/build/turtle_package
