[0.110s] DEBUG:colcon:Command line arguments: ['/usr/bin/colcon', 'build']
[0.111s] DEBUG:colcon:Parsed command line arguments: Namespace(log_base=None, log_level=None, verb_name='build', build_base='build', install_base='install', merge_install=False, symlink_install=False, test_result_base=None, continue_on_error=False, executor='parallel', parallel_workers=8, event_handlers=None, ignore_user_meta=False, metas=['./colcon.meta'], base_paths=['.'], packages_ignore=None, packages_ignore_regex=None, paths=None, packages_up_to=None, packages_up_to_regex=None, packages_above=None, packages_above_and_dependencies=None, packages_above_depth=None, packages_select_by_dep=None, packages_skip_by_dep=None, packages_skip_up_to=None, packages_select_build_failed=False, packages_skip_build_finished=False, packages_select_test_failures=False, packages_skip_test_passed=False, packages_select=None, packages_skip=None, packages_select_regex=None, packages_skip_regex=None, packages_start=None, packages_end=None, allow_overriding=[], cmake_args=None, cmake_target=None, cmake_target_skip_unavailable=False, cmake_clean_cache=False, cmake_clean_first=False, cmake_force_configure=False, ament_cmake_args=None, catkin_cmake_args=None, catkin_skip_building_tests=False, mixin_files=None, mixin=None, verb_parser=<colcon_mixin.mixin.mixin_argument.MixinArgumentDecorator object at 0x752ca042b700>, verb_extension=<colcon_core.verb.build.BuildVerb object at 0x752ca0594400>, main=<bound method BuildVerb.main of <colcon_core.verb.build.BuildVerb object at 0x752ca0594400>>, mixin_verb=('build',))
[0.311s] Level 1:colcon.colcon_core.package_discovery:discover_packages(colcon_meta) check parameters
[0.311s] Level 1:colcon.colcon_core.package_discovery:discover_packages(recursive) check parameters
[0.311s] Level 1:colcon.colcon_core.package_discovery:discover_packages(ignore) check parameters
[0.311s] Level 1:colcon.colcon_core.package_discovery:discover_packages(path) check parameters
[0.311s] Level 1:colcon.colcon_core.package_discovery:discover_packages(colcon_meta) discover
[0.311s] Level 1:colcon.colcon_core.package_discovery:discover_packages(recursive) discover
[0.311s] INFO:colcon.colcon_core.package_discovery:Crawling recursively for packages in '/home/zaynap/ROS-starter-tutorial/ROS2_demo_ws'
[0.312s] Level 1:colcon.colcon_core.package_identification:_identify(.) by extensions ['ignore', 'ignore_ament_install']
[0.312s] Level 1:colcon.colcon_core.package_identification:_identify(.) by extension 'ignore'
[0.312s] Level 1:colcon.colcon_core.package_identification:_identify(.) by extension 'ignore_ament_install'
[0.312s] Level 1:colcon.colcon_core.package_identification:_identify(.) by extensions ['colcon_pkg']
[0.312s] Level 1:colcon.colcon_core.package_identification:_identify(.) by extension 'colcon_pkg'
[0.312s] Level 1:colcon.colcon_core.package_identification:_identify(.) by extensions ['colcon_meta']
[0.312s] Level 1:colcon.colcon_core.package_identification:_identify(.) by extension 'colcon_meta'
[0.312s] Level 1:colcon.colcon_core.package_identification:_identify(.) by extensions ['ros']
[0.312s] Level 1:colcon.colcon_core.package_identification:_identify(.) by extension 'ros'
[0.341s] Level 1:colcon.colcon_core.package_identification:_identify(.) by extensions ['cmake', 'python']
[0.341s] Level 1:colcon.colcon_core.package_identification:_identify(.) by extension 'cmake'
[0.341s] Level 1:colcon.colcon_core.package_identification:_identify(.) by extension 'python'
[0.341s] Level 1:colcon.colcon_core.package_identification:_identify(.) by extensions ['python_setup_py']
[0.341s] Level 1:colcon.colcon_core.package_identification:_identify(.) by extension 'python_setup_py'
[0.341s] Level 1:colcon.colcon_core.package_identification:_identify(build) by extensions ['ignore', 'ignore_ament_install']
[0.341s] Level 1:colcon.colcon_core.package_identification:_identify(build) by extension 'ignore'
[0.341s] Level 1:colcon.colcon_core.package_identification:_identify(build) ignored
[0.341s] Level 1:colcon.colcon_core.package_identification:_identify(install) by extensions ['ignore', 'ignore_ament_install']
[0.341s] Level 1:colcon.colcon_core.package_identification:_identify(install) by extension 'ignore'
[0.341s] Level 1:colcon.colcon_core.package_identification:_identify(install) ignored
[0.341s] Level 1:colcon.colcon_core.package_identification:_identify(log) by extensions ['ignore', 'ignore_ament_install']
[0.342s] Level 1:colcon.colcon_core.package_identification:_identify(log) by extension 'ignore'
[0.342s] Level 1:colcon.colcon_core.package_identification:_identify(log) ignored
[0.342s] Level 1:colcon.colcon_core.package_identification:_identify(src) by extensions ['ignore', 'ignore_ament_install']
[0.342s] Level 1:colcon.colcon_core.package_identification:_identify(src) by extension 'ignore'
[0.342s] Level 1:colcon.colcon_core.package_identification:_identify(src) by extension 'ignore_ament_install'
[0.342s] Level 1:colcon.colcon_core.package_identification:_identify(src) by extensions ['colcon_pkg']
[0.342s] Level 1:colcon.colcon_core.package_identification:_identify(src) by extension 'colcon_pkg'
[0.342s] Level 1:colcon.colcon_core.package_identification:_identify(src) by extensions ['colcon_meta']
[0.342s] Level 1:colcon.colcon_core.package_identification:_identify(src) by extension 'colcon_meta'
[0.342s] Level 1:colcon.colcon_core.package_identification:_identify(src) by extensions ['ros']
[0.342s] Level 1:colcon.colcon_core.package_identification:_identify(src) by extension 'ros'
[0.342s] Level 1:colcon.colcon_core.package_identification:_identify(src) by extensions ['cmake', 'python']
[0.342s] Level 1:colcon.colcon_core.package_identification:_identify(src) by extension 'cmake'
[0.342s] Level 1:colcon.colcon_core.package_identification:_identify(src) by extension 'python'
[0.342s] Level 1:colcon.colcon_core.package_identification:_identify(src) by extensions ['python_setup_py']
[0.342s] Level 1:colcon.colcon_core.package_identification:_identify(src) by extension 'python_setup_py'
[0.342s] Level 1:colcon.colcon_core.package_identification:_identify(src/robot_info_system) by extensions ['ignore', 'ignore_ament_install']
[0.343s] Level 1:colcon.colcon_core.package_identification:_identify(src/robot_info_system) by extension 'ignore'
[0.343s] Level 1:colcon.colcon_core.package_identification:_identify(src/robot_info_system) by extension 'ignore_ament_install'
[0.343s] Level 1:colcon.colcon_core.package_identification:_identify(src/robot_info_system) by extensions ['colcon_pkg']
[0.343s] Level 1:colcon.colcon_core.package_identification:_identify(src/robot_info_system) by extension 'colcon_pkg'
[0.343s] Level 1:colcon.colcon_core.package_identification:_identify(src/robot_info_system) by extensions ['colcon_meta']
[0.343s] Level 1:colcon.colcon_core.package_identification:_identify(src/robot_info_system) by extension 'colcon_meta'
[0.343s] Level 1:colcon.colcon_core.package_identification:_identify(src/robot_info_system) by extensions ['ros']
[0.343s] Level 1:colcon.colcon_core.package_identification:_identify(src/robot_info_system) by extension 'ros'
[0.425s] DEBUG:colcon.colcon_core.package_identification:Found ROS schema reference in package manifest in 'src/robot_info_system'
[0.425s] WARNING:colcon.colcon_core.package_identification:Failed to parse ROS package manifest in 'src/robot_info_system': Error(s) in package 'src/robot_info_system/package.xml':
Error(s):
- The generic dependency on 'std_msgs' is redundant with: build_depend, build_export_depend, exec_depend
[0.426s] Level 1:colcon.colcon_core.package_identification:_identify(src/robot_info_system) by extensions ['cmake', 'python']
[0.426s] Level 1:colcon.colcon_core.package_identification:_identify(src/robot_info_system) by extension 'cmake'
[0.426s] Level 1:colcon.colcon_core.package_identification:_identify(src/robot_info_system) by extension 'python'
[0.427s] DEBUG:colcon.colcon_core.package_identification:Python package in 'src/robot_info_system' passes arguments to the setup() function which requires a different identification extension than 'python'
[0.427s] Level 1:colcon.colcon_core.package_identification:_identify(src/robot_info_system) by extensions ['python_setup_py']
[0.427s] Level 1:colcon.colcon_core.package_identification:_identify(src/robot_info_system) by extension 'python_setup_py'
[0.836s] DEBUG:colcon.colcon_core.package_identification:Package 'src/robot_info_system' with type 'python' and name 'robot_info_system'
[0.836s] Level 1:colcon.colcon_core.package_identification:_identify(src/turtle_package) by extensions ['ignore', 'ignore_ament_install']
[0.836s] Level 1:colcon.colcon_core.package_identification:_identify(src/turtle_package) by extension 'ignore'
[0.836s] Level 1:colcon.colcon_core.package_identification:_identify(src/turtle_package) by extension 'ignore_ament_install'
[0.836s] Level 1:colcon.colcon_core.package_identification:_identify(src/turtle_package) by extensions ['colcon_pkg']
[0.836s] Level 1:colcon.colcon_core.package_identification:_identify(src/turtle_package) by extension 'colcon_pkg'
[0.836s] Level 1:colcon.colcon_core.package_identification:_identify(src/turtle_package) by extensions ['colcon_meta']
[0.837s] Level 1:colcon.colcon_core.package_identification:_identify(src/turtle_package) by extension 'colcon_meta'
[0.837s] Level 1:colcon.colcon_core.package_identification:_identify(src/turtle_package) by extensions ['ros']
[0.837s] Level 1:colcon.colcon_core.package_identification:_identify(src/turtle_package) by extension 'ros'
[0.838s] DEBUG:colcon.colcon_core.package_identification:Package 'src/turtle_package' with type 'ros.ament_cmake' and name 'turtle_package'
[0.838s] Level 1:colcon.colcon_core.package_discovery:discover_packages(recursive) using defaults
[0.838s] Level 1:colcon.colcon_core.package_discovery:discover_packages(ignore) discover
[0.838s] Level 1:colcon.colcon_core.package_discovery:discover_packages(ignore) using defaults
[0.838s] Level 1:colcon.colcon_core.package_discovery:discover_packages(path) discover
[0.838s] Level 1:colcon.colcon_core.package_discovery:discover_packages(path) using defaults
[0.856s] Level 1:colcon.colcon_core.package_discovery:discover_packages(prefix_path) check parameters
[0.857s] Level 1:colcon.colcon_core.package_discovery:discover_packages(prefix_path) discover
[0.859s] DEBUG:colcon.colcon_installed_package_information.package_discovery:Found 309 installed packages in /opt/ros/humble
[0.861s] Level 1:colcon.colcon_core.package_discovery:discover_packages(prefix_path) using defaults
[0.899s] Level 5:colcon.colcon_core.verb:set package 'robot_info_system' build argument 'cmake_args' from command line to 'None'
[0.899s] Level 5:colcon.colcon_core.verb:set package 'robot_info_system' build argument 'cmake_target' from command line to 'None'
[0.899s] Level 5:colcon.colcon_core.verb:set package 'robot_info_system' build argument 'cmake_target_skip_unavailable' from command line to 'False'
[0.899s] Level 5:colcon.colcon_core.verb:set package 'robot_info_system' build argument 'cmake_clean_cache' from command line to 'False'
[0.899s] Level 5:colcon.colcon_core.verb:set package 'robot_info_system' build argument 'cmake_clean_first' from command line to 'False'
[0.900s] Level 5:colcon.colcon_core.verb:set package 'robot_info_system' build argument 'cmake_force_configure' from command line to 'False'
[0.900s] Level 5:colcon.colcon_core.verb:set package 'robot_info_system' build argument 'ament_cmake_args' from command line to 'None'
[0.900s] Level 5:colcon.colcon_core.verb:set package 'robot_info_system' build argument 'catkin_cmake_args' from command line to 'None'
[0.900s] Level 5:colcon.colcon_core.verb:set package 'robot_info_system' build argument 'catkin_skip_building_tests' from command line to 'False'
[0.900s] DEBUG:colcon.colcon_core.verb:Building package 'robot_info_system' with the following arguments: {'ament_cmake_args': None, 'build_base': '/home/zaynap/ROS-starter-tutorial/ROS2_demo_ws/build/robot_info_system', 'catkin_cmake_args': None, 'catkin_skip_building_tests': False, 'cmake_args': None, 'cmake_clean_cache': False, 'cmake_clean_first': False, 'cmake_force_configure': False, 'cmake_target': None, 'cmake_target_skip_unavailable': False, 'install_base': '/home/zaynap/ROS-starter-tutorial/ROS2_demo_ws/install/robot_info_system', 'merge_install': False, 'path': '/home/zaynap/ROS-starter-tutorial/ROS2_demo_ws/src/robot_info_system', 'symlink_install': False, 'test_result_base': None}
[0.900s] Level 5:colcon.colcon_core.verb:set package 'turtle_package' build argument 'cmake_args' from command line to 'None'
[0.900s] Level 5:colcon.colcon_core.verb:set package 'turtle_package' build argument 'cmake_target' from command line to 'None'
[0.900s] Level 5:colcon.colcon_core.verb:set package 'turtle_package' build argument 'cmake_target_skip_unavailable' from command line to 'False'
[0.900s] Level 5:colcon.colcon_core.verb:set package 'turtle_package' build argument 'cmake_clean_cache' from command line to 'False'
[0.900s] Level 5:colcon.colcon_core.verb:set package 'turtle_package' build argument 'cmake_clean_first' from command line to 'False'
[0.900s] Level 5:colcon.colcon_core.verb:set package 'turtle_package' build argument 'cmake_force_configure' from command line to 'False'
[0.900s] Level 5:colcon.colcon_core.verb:set package 'turtle_package' build argument 'ament_cmake_args' from command line to 'None'
[0.900s] Level 5:colcon.colcon_core.verb:set package 'turtle_package' build argument 'catkin_cmake_args' from command line to 'None'
[0.900s] Level 5:colcon.colcon_core.verb:set package 'turtle_package' build argument 'catkin_skip_building_tests' from command line to 'False'
[0.900s] DEBUG:colcon.colcon_core.verb:Building package 'turtle_package' with the following arguments: {'ament_cmake_args': None, 'build_base': '/home/zaynap/ROS-starter-tutorial/ROS2_demo_ws/build/turtle_package', 'catkin_cmake_args': None, 'catkin_skip_building_tests': False, 'cmake_args': None, 'cmake_clean_cache': False, 'cmake_clean_first': False, 'cmake_force_configure': False, 'cmake_target': None, 'cmake_target_skip_unavailable': False, 'install_base': '/home/zaynap/ROS-starter-tutorial/ROS2_demo_ws/install/turtle_package', 'merge_install': False, 'path': '/home/zaynap/ROS-starter-tutorial/ROS2_demo_ws/src/turtle_package', 'symlink_install': False, 'test_result_base': None}
[0.900s] INFO:colcon.colcon_core.executor:Executing jobs using 'parallel' executor
[0.901s] DEBUG:colcon.colcon_parallel_executor.executor.parallel:run_until_complete
[0.902s] INFO:colcon.colcon_core.task.python.build:Building Python package in '/home/zaynap/ROS-starter-tutorial/ROS2_demo_ws/src/robot_info_system'
[0.903s] INFO:colcon.colcon_core.plugin_system:Skipping extension 'colcon_core.shell.bat': Not used on non-Windows systems
[0.903s] INFO:colcon.colcon_core.shell:Skip shell extension 'powershell' for command environment: Not usable outside of PowerShell
[0.904s] DEBUG:colcon.colcon_core.shell:Skip shell extension 'dsv' for command environment
[0.933s] INFO:colcon.colcon_ros.task.ament_cmake.build:Building ROS package in '/home/zaynap/ROS-starter-tutorial/ROS2_demo_ws/src/turtle_package' with build type 'ament_cmake'
[0.933s] INFO:colcon.colcon_cmake.task.cmake.build:Building CMake package in '/home/zaynap/ROS-starter-tutorial/ROS2_demo_ws/src/turtle_package'
[0.934s] INFO:colcon.colcon_core.shell:Skip shell extension 'powershell' for command environment: Not usable outside of PowerShell
[0.934s] DEBUG:colcon.colcon_core.shell:Skip shell extension 'dsv' for command environment
[1.269s] DEBUG:colcon.colcon_core.event_handler.log_command:Invoking command in '/home/zaynap/ROS-starter-tutorial/ROS2_demo_ws/build/turtle_package': CMAKE_PREFIX_PATH=/opt/ros/humble /usr/bin/cmake --build /home/zaynap/ROS-starter-tutorial/ROS2_demo_ws/build/turtle_package -- -j8 -l8
[1.511s] DEBUG:colcon.colcon_core.event_handler.log_command:Invoked command in '/home/zaynap/ROS-starter-tutorial/ROS2_demo_ws/build/turtle_package' returned '2': CMAKE_PREFIX_PATH=/opt/ros/humble /usr/bin/cmake --build /home/zaynap/ROS-starter-tutorial/ROS2_demo_ws/build/turtle_package -- -j8 -l8
[1.529s] Level 1:colcon.colcon_core.environment:create_environment_scripts_only(turtle_package)
[1.615s] Level 1:colcon.colcon_core.environment:checking '/home/zaynap/ROS-starter-tutorial/ROS2_demo_ws/install/turtle_package' for CMake module files
[1.616s] Level 1:colcon.colcon_core.environment:checking '/home/zaynap/ROS-starter-tutorial/ROS2_demo_ws/install/turtle_package' for CMake config files
[1.618s] Level 1:colcon.colcon_core.shell:create_environment_hook('turtle_package', 'cmake_prefix_path')
[1.618s] INFO:colcon.colcon_core.shell:Creating environment hook '/home/zaynap/ROS-starter-tutorial/ROS2_demo_ws/install/turtle_package/share/turtle_package/hook/cmake_prefix_path.ps1'
[1.649s] INFO:colcon.colcon_core.shell:Creating environment descriptor '/home/zaynap/ROS-starter-tutorial/ROS2_demo_ws/install/turtle_package/share/turtle_package/hook/cmake_prefix_path.dsv'
[1.651s] INFO:colcon.colcon_core.shell:Creating environment hook '/home/zaynap/ROS-starter-tutorial/ROS2_demo_ws/install/turtle_package/share/turtle_package/hook/cmake_prefix_path.sh'
[1.655s] Level 1:colcon.colcon_core.environment:checking '/home/zaynap/ROS-starter-tutorial/ROS2_demo_ws/install/turtle_package/lib'
[1.656s] Level 1:colcon.colcon_core.environment:checking '/home/zaynap/ROS-starter-tutorial/ROS2_demo_ws/install/turtle_package/bin'
[1.656s] Level 1:colcon.colcon_core.environment:checking '/home/zaynap/ROS-starter-tutorial/ROS2_demo_ws/install/turtle_package/lib/pkgconfig/turtle_package.pc'
[1.657s] Level 1:colcon.colcon_core.environment:checking '/home/zaynap/ROS-starter-tutorial/ROS2_demo_ws/install/turtle_package/lib/python3.10/site-packages'
[1.658s] Level 1:colcon.colcon_core.environment:checking '/home/zaynap/ROS-starter-tutorial/ROS2_demo_ws/install/turtle_package/bin'
[1.659s] INFO:colcon.colcon_core.shell:Creating package script '/home/zaynap/ROS-starter-tutorial/ROS2_demo_ws/install/turtle_package/share/turtle_package/package.ps1'
[1.663s] INFO:colcon.colcon_core.shell:Creating package descriptor '/home/zaynap/ROS-starter-tutorial/ROS2_demo_ws/install/turtle_package/share/turtle_package/package.dsv'
[1.666s] INFO:colcon.colcon_core.shell:Creating package script '/home/zaynap/ROS-starter-tutorial/ROS2_demo_ws/install/turtle_package/share/turtle_package/package.sh'
[1.670s] INFO:colcon.colcon_core.shell:Creating package script '/home/zaynap/ROS-starter-tutorial/ROS2_demo_ws/install/turtle_package/share/turtle_package/package.bash'
[1.701s] INFO:colcon.colcon_core.shell:Creating package script '/home/zaynap/ROS-starter-tutorial/ROS2_demo_ws/install/turtle_package/share/turtle_package/package.zsh'
[1.720s] Level 1:colcon.colcon_core.environment:create_file_with_runtime_dependencies(/home/zaynap/ROS-starter-tutorial/ROS2_demo_ws/install/turtle_package/share/colcon-core/packages/turtle_package)
[2.153s] DEBUG:colcon.colcon_parallel_executor.executor.parallel:closing loop
[2.153s] DEBUG:colcon.colcon_parallel_executor.executor.parallel:loop closed
[2.153s] DEBUG:colcon.colcon_parallel_executor.executor.parallel:run_until_complete finished with '2'
[2.153s] DEBUG:colcon.colcon_core.event_reactor:joining thread
[2.159s] INFO:colcon.colcon_core.plugin_system:Skipping extension 'colcon_notification.desktop_notification.terminal_notifier': Not used on non-Darwin systems
[2.159s] INFO:colcon.colcon_core.plugin_system:Skipping extension 'colcon_notification.desktop_notification.win32': Not used on non-Windows systems
[2.159s] INFO:colcon.colcon_notification.desktop_notification:Sending desktop notification using 'notify2'
[2.192s] DEBUG:colcon.colcon_core.event_reactor:joined thread
[2.193s] INFO:colcon.colcon_core.shell:Creating prefix script '/home/zaynap/ROS-starter-tutorial/ROS2_demo_ws/install/local_setup.ps1'
[2.196s] INFO:colcon.colcon_core.shell:Creating prefix util module '/home/zaynap/ROS-starter-tutorial/ROS2_demo_ws/install/_local_setup_util_ps1.py'
[2.202s] INFO:colcon.colcon_core.shell:Creating prefix chain script '/home/zaynap/ROS-starter-tutorial/ROS2_demo_ws/install/setup.ps1'
[2.205s] INFO:colcon.colcon_core.shell:Creating prefix script '/home/zaynap/ROS-starter-tutorial/ROS2_demo_ws/install/local_setup.sh'
[2.207s] INFO:colcon.colcon_core.shell:Creating prefix util module '/home/zaynap/ROS-starter-tutorial/ROS2_demo_ws/install/_local_setup_util_sh.py'
[2.209s] INFO:colcon.colcon_core.shell:Creating prefix chain script '/home/zaynap/ROS-starter-tutorial/ROS2_demo_ws/install/setup.sh'
[2.213s] INFO:colcon.colcon_core.shell:Creating prefix script '/home/zaynap/ROS-starter-tutorial/ROS2_demo_ws/install/local_setup.bash'
[2.215s] INFO:colcon.colcon_core.shell:Creating prefix chain script '/home/zaynap/ROS-starter-tutorial/ROS2_demo_ws/install/setup.bash'
[2.219s] INFO:colcon.colcon_core.shell:Creating prefix script '/home/zaynap/ROS-starter-tutorial/ROS2_demo_ws/install/local_setup.zsh'
[2.221s] INFO:colcon.colcon_core.shell:Creating prefix chain script '/home/zaynap/ROS-starter-tutorial/ROS2_demo_ws/install/setup.zsh'
