[0.844s] Invoking command in '/home/zaynap/ROS-starter-tutorial/ROS2_demo_ws/src/robot_info_system': PYTHONPATH=/home/zaynap/ROS-starter-tutorial/ROS2_demo_ws/build/robot_info_system/prefix_override:/usr/lib/python3/dist-packages/colcon_core/task/python/colcon_distutils_commands:/home/zaynap/ROS-starter-tutorial/ROS2_demo_ws/install/robot_info_system/lib/python3.10/site-packages:${PYTHONPATH} /usr/bin/python3 -W ignore:setup.py install is deprecated setup.py egg_info --egg-base ../../build/robot_info_system build --build-base /home/zaynap/ROS-starter-tutorial/ROS2_demo_ws/build/robot_info_system/build install --record /home/zaynap/ROS-starter-tutorial/ROS2_demo_ws/build/robot_info_system/install.log --single-version-externally-managed install_data
[1.115s] running egg_info
[1.116s] writing ../../build/robot_info_system/robot_info_system.egg-info/PKG-INFO
[1.116s] writing dependency_links to ../../build/robot_info_system/robot_info_system.egg-info/dependency_links.txt
[1.116s] writing entry points to ../../build/robot_info_system/robot_info_system.egg-info/entry_points.txt
[1.116s] writing requirements to ../../build/robot_info_system/robot_info_system.egg-info/requires.txt
[1.116s] writing top-level names to ../../build/robot_info_system/robot_info_system.egg-info/top_level.txt
[1.118s] reading manifest file '../../build/robot_info_system/robot_info_system.egg-info/SOURCES.txt'
[1.257s] writing manifest file '../../build/robot_info_system/robot_info_system.egg-info/SOURCES.txt'
[1.257s] running build
[1.257s] running build_py
[1.258s] copying robot_info_system/robot_monitor.py -> /home/zaynap/ROS-starter-tutorial/ROS2_demo_ws/build/robot_info_system/build/lib/robot_info_system
[1.258s] copying robot_info_system/robot_state_publisher.py -> /home/zaynap/ROS-starter-tutorial/ROS2_demo_ws/build/robot_info_system/build/lib/robot_info_system
[1.258s] running install
[1.259s] running install_lib
[1.261s] copying /home/zaynap/ROS-starter-tutorial/ROS2_demo_ws/build/robot_info_system/build/lib/robot_info_system/robot_monitor.py -> /home/zaynap/ROS-starter-tutorial/ROS2_demo_ws/install/robot_info_system/lib/python3.10/site-packages/robot_info_system
[1.262s] copying /home/zaynap/ROS-starter-tutorial/ROS2_demo_ws/build/robot_info_system/build/lib/robot_info_system/robot_state_publisher.py -> /home/zaynap/ROS-starter-tutorial/ROS2_demo_ws/install/robot_info_system/lib/python3.10/site-packages/robot_info_system
[1.262s] byte-compiling /home/zaynap/ROS-starter-tutorial/ROS2_demo_ws/install/robot_info_system/lib/python3.10/site-packages/robot_info_system/robot_monitor.py to robot_monitor.cpython-310.pyc
[1.262s] byte-compiling /home/zaynap/ROS-starter-tutorial/ROS2_demo_ws/install/robot_info_system/lib/python3.10/site-packages/robot_info_system/robot_state_publisher.py to robot_state_publisher.cpython-310.pyc
[1.263s] running install_data
[1.263s] running install_egg_info
[1.265s] removing '/home/zaynap/ROS-starter-tutorial/ROS2_demo_ws/install/robot_info_system/lib/python3.10/site-packages/robot_info_system-0.0.0-py3.10.egg-info' (and everything under it)
[1.265s] Copying ../../build/robot_info_system/robot_info_system.egg-info to /home/zaynap/ROS-starter-tutorial/ROS2_demo_ws/install/robot_info_system/lib/python3.10/site-packages/robot_info_system-0.0.0-py3.10.egg-info
[1.266s] running install_scripts
[1.287s] writing list of installed files to '/home/zaynap/ROS-starter-tutorial/ROS2_demo_ws/build/robot_info_system/install.log'
[1.309s] Invoked command in '/home/zaynap/ROS-starter-tutorial/ROS2_demo_ws/src/robot_info_system' returned '0': PYTHONPATH=/home/zaynap/ROS-starter-tutorial/ROS2_demo_ws/build/robot_info_system/prefix_override:/usr/lib/python3/dist-packages/colcon_core/task/python/colcon_distutils_commands:/home/zaynap/ROS-starter-tutorial/ROS2_demo_ws/install/robot_info_system/lib/python3.10/site-packages:${PYTHONPATH} /usr/bin/python3 -W ignore:setup.py install is deprecated setup.py egg_info --egg-base ../../build/robot_info_system build --build-base /home/zaynap/ROS-starter-tutorial/ROS2_demo_ws/build/robot_info_system/build install --record /home/zaynap/ROS-starter-tutorial/ROS2_demo_ws/build/robot_info_system/install.log --single-version-externally-managed install_data
