running egg_info
writing ../../build/robot_info_system2/robot_info_system2.egg-info/PKG-INFO
writing dependency_links to ../../build/robot_info_system2/robot_info_system2.egg-info/dependency_links.txt
writing entry points to ../../build/robot_info_system2/robot_info_system2.egg-info/entry_points.txt
writing requirements to ../../build/robot_info_system2/robot_info_system2.egg-info/requires.txt
writing top-level names to ../../build/robot_info_system2/robot_info_system2.egg-info/top_level.txt
reading manifest file '../../build/robot_info_system2/robot_info_system2.egg-info/SOURCES.txt'
writing manifest file '../../build/robot_info_system2/robot_info_system2.egg-info/SOURCES.txt'
running build
running build_py
copying robot_info_system2/robot_monitor.py -> /home/zaynap/ROS-starter-tutorial/ROS2_demo_ws/build/robot_info_system2/build/lib/robot_info_system2
copying robot_info_system2/__init__.py -> /home/zaynap/ROS-starter-tutorial/ROS2_demo_ws/build/robot_info_system2/build/lib/robot_info_system2
copying robot_info_system2/robot_state_publisher.py -> /home/zaynap/ROS-starter-tutorial/ROS2_demo_ws/build/robot_info_system2/build/lib/robot_info_system2
running install
running install_lib
running install_data
copying resource/robot_info_system2 -> /home/zaynap/ROS-starter-tutorial/ROS2_demo_ws/install/robot_info_system2/share/ament_index/resource_index/packages
copying package.xml -> /home/zaynap/ROS-starter-tutorial/ROS2_demo_ws/install/robot_info_system2/share/robot_info_system2
running install_egg_info
removing '/home/zaynap/ROS-starter-tutorial/ROS2_demo_ws/install/robot_info_system2/lib/python3.10/site-packages/robot_info_system2-0.0.0-py3.10.egg-info' (and everything under it)
Copying ../../build/robot_info_system2/robot_info_system2.egg-info to /home/zaynap/ROS-starter-tutorial/ROS2_demo_ws/install/robot_info_system2/lib/python3.10/site-packages/robot_info_system2-0.0.0-py3.10.egg-info
running install_scripts
Installing robot_monitor script to /home/zaynap/ROS-starter-tutorial/ROS2_demo_ws/install/robot_info_system2/lib/robot_info_system2
Installing robot_state_publisher script to /home/zaynap/ROS-starter-tutorial/ROS2_demo_ws/install/robot_info_system2/lib/robot_info_system2
writing list of installed files to '/home/zaynap/ROS-starter-tutorial/ROS2_demo_ws/build/robot_info_system2/install.log'
