[0.012s] Invoking command in '/home/zaynap/ROS-starter-tutorial/ROS2_demo_ws/build/robot_info_system_msg': CMAKE_PREFIX_PATH=${CMAKE_PREFIX_PATH}:/home/zaynap/ROS-starter-tutorial/ROS2_demo_ws/install/robot_info_system2:/home/zaynap/ROS-starter-tutorial/ROS2_demo_ws/install/robot_info_system:/opt/ros/humble /usr/bin/cmake --build /home/zaynap/ROS-starter-tutorial/ROS2_demo_ws/build/robot_info_system_msg -- -j8 -l8
[0.045s] -- Found ament_cmake: 1.3.10 (/opt/ros/humble/share/ament_cmake/cmake)
[0.193s] -- Found rosidl_default_generators: 1.2.0 (/opt/ros/humble/share/rosidl_default_generators/cmake)
[0.195s] -- Using all available rosidl_typesupport_c: rosidl_typesupport_fastrtps_c;rosidl_typesupport_introspection_c
[0.198s] -- Found rosidl_adapter: 3.1.5 (/opt/ros/humble/share/rosidl_adapter/cmake)
[0.227s] -- Using all available rosidl_typesupport_cpp: rosidl_typesupport_fastrtps_cpp;rosidl_typesupport_introspection_cpp
[0.255s] -- Found std_msgs: 4.2.4 (/opt/ros/humble/share/std_msgs/cmake)
[0.633s] -- Found ament_cmake_ros: 0.10.0 (/opt/ros/humble/share/ament_cmake_ros/cmake)
[0.864s] -- Using all available rosidl_typesupport_c: rosidl_typesupport_fastrtps_c;rosidl_typesupport_introspection_c
[1.154s] -- Using all available rosidl_typesupport_cpp: rosidl_typesupport_fastrtps_cpp;rosidl_typesupport_introspection_cpp
[1.177s] -- Found python_cmake_module: 0.10.0 (/opt/ros/humble/share/python_cmake_module/cmake)
[1.200s] -- Using PYTHON_EXECUTABLE: /usr/bin/python3
[1.201s] -- Using PYTHON_INCLUDE_DIRS: /usr/include/python3.10
[1.201s] -- Using PYTHON_LIBRARIES: /usr/lib/x86_64-linux-gnu/libpython3.10.so
[1.277s] -- Configuring done
[1.346s] -- Generating done
[1.349s] -- Build files have been written to: /home/zaynap/ROS-starter-tutorial/ROS2_demo_ws/build/robot_info_system_msg
[1.371s] [35m[1mConsolidate compiler generated dependencies of target robot_info_system_msg__rosidl_generator_c[0m
[1.380s] [  3%] Built target robot_info_system_msg__cpp
[1.380s] [ 12%] Built target robot_info_system_msg__rosidl_generator_c
[1.394s] [35m[1mConsolidate compiler generated dependencies of target robot_info_system_msg__rosidl_typesupport_introspection_c[0m
[1.394s] [ 12%] Built target ament_cmake_python_copy_robot_info_system_msg
[1.395s] [35m[1mConsolidate compiler generated dependencies of target robot_info_system_msg__rosidl_typesupport_cpp[0m
[1.395s] [35m[1mConsolidate compiler generated dependencies of target robot_info_system_msg__rosidl_typesupport_c[0m
[1.395s] [35m[1mConsolidate compiler generated dependencies of target robot_info_system_msg__rosidl_typesupport_fastrtps_cpp[0m
[1.395s] [35m[1mConsolidate compiler generated dependencies of target robot_info_system_msg__rosidl_typesupport_introspection_cpp[0m
[1.395s] [35m[1mConsolidate compiler generated dependencies of target robot_info_system_msg__rosidl_typesupport_fastrtps_c[0m
[1.404s] [ 22%] Built target robot_info_system_msg__rosidl_typesupport_introspection_c
[1.408s] [ 54%] Built target robot_info_system_msg__rosidl_typesupport_c
[1.409s] [ 54%] Built target robot_info_system_msg__rosidl_typesupport_fastrtps_c
[1.409s] [ 61%] Built target robot_info_system_msg__rosidl_typesupport_fastrtps_cpp
[1.411s] [ 58%] Built target robot_info_system_msg__rosidl_typesupport_cpp
[1.412s] [ 70%] Built target robot_info_system_msg__rosidl_typesupport_introspection_cpp
[1.430s] [ 70%] Built target robot_info_system_msg
[1.449s] [ 74%] Built target robot_info_system_msg__py
[1.459s] [35m[1mConsolidate compiler generated dependencies of target robot_info_system_msg__rosidl_generator_py[0m
[1.475s] [ 80%] Built target robot_info_system_msg__rosidl_generator_py
[1.485s] [35m[1mConsolidate compiler generated dependencies of target robot_info_system_msg__rosidl_typesupport_introspection_c__pyext[0m
[1.485s] [35m[1mConsolidate compiler generated dependencies of target robot_info_system_msg__rosidl_typesupport_fastrtps_c__pyext[0m
[1.489s] [35m[1mConsolidate compiler generated dependencies of target robot_info_system_msg__rosidl_typesupport_c__pyext[0m
[1.501s] [ 93%] Built target robot_info_system_msg__rosidl_typesupport_fastrtps_c__pyext
[1.501s] [ 93%] Built target robot_info_system_msg__rosidl_typesupport_introspection_c__pyext
[1.503s] [100%] Built target robot_info_system_msg__rosidl_typesupport_c__pyext
[1.701s] running egg_info
[1.724s] writing robot_info_system_msg.egg-info/PKG-INFO
[1.725s] writing dependency_links to robot_info_system_msg.egg-info/dependency_links.txt
[1.725s] writing top-level names to robot_info_system_msg.egg-info/top_level.txt
[1.793s] reading manifest file 'robot_info_system_msg.egg-info/SOURCES.txt'
[1.794s] writing manifest file 'robot_info_system_msg.egg-info/SOURCES.txt'
[1.819s] [100%] Built target ament_cmake_python_build_robot_info_system_msg_egg
[1.829s] Invoked command in '/home/zaynap/ROS-starter-tutorial/ROS2_demo_ws/build/robot_info_system_msg' returned '0': CMAKE_PREFIX_PATH=${CMAKE_PREFIX_PATH}:/home/zaynap/ROS-starter-tutorial/ROS2_demo_ws/install/robot_info_system2:/home/zaynap/ROS-starter-tutorial/ROS2_demo_ws/install/robot_info_system:/opt/ros/humble /usr/bin/cmake --build /home/zaynap/ROS-starter-tutorial/ROS2_demo_ws/build/robot_info_system_msg -- -j8 -l8
[1.876s] Invoking command in '/home/zaynap/ROS-starter-tutorial/ROS2_demo_ws/build/robot_info_system_msg': CMAKE_PREFIX_PATH=${CMAKE_PREFIX_PATH}:/home/zaynap/ROS-starter-tutorial/ROS2_demo_ws/install/robot_info_system2:/home/zaynap/ROS-starter-tutorial/ROS2_demo_ws/install/robot_info_system:/opt/ros/humble /usr/bin/cmake --install /home/zaynap/ROS-starter-tutorial/ROS2_demo_ws/build/robot_info_system_msg
[1.884s] -- Install configuration: ""
[1.884s] -- Up-to-date: /home/zaynap/ROS-starter-tutorial/ROS2_demo_ws/install/robot_info_system_msg/share/ament_index/resource_index/rosidl_interfaces/robot_info_system_msg
[1.884s] -- Up-to-date: /home/zaynap/ROS-starter-tutorial/ROS2_demo_ws/install/robot_info_system_msg/include/robot_info_system_msg/robot_info_system_msg
[1.884s] -- Up-to-date: /home/zaynap/ROS-starter-tutorial/ROS2_demo_ws/install/robot_info_system_msg/include/robot_info_system_msg/robot_info_system_msg/msg
[1.884s] -- Up-to-date: /home/zaynap/ROS-starter-tutorial/ROS2_demo_ws/install/robot_info_system_msg/include/robot_info_system_msg/robot_info_system_msg/msg/rosidl_generator_c__visibility_control.h
[1.884s] -- Up-to-date: /home/zaynap/ROS-starter-tutorial/ROS2_demo_ws/install/robot_info_system_msg/include/robot_info_system_msg/robot_info_system_msg/msg/robot_status.h
[1.884s] -- Up-to-date: /home/zaynap/ROS-starter-tutorial/ROS2_demo_ws/install/robot_info_system_msg/include/robot_info_system_msg/robot_info_system_msg/msg/detail
[1.884s] -- Up-to-date: /home/zaynap/ROS-starter-tutorial/ROS2_demo_ws/install/robot_info_system_msg/include/robot_info_system_msg/robot_info_system_msg/msg/detail/robot_status__type_support.h
[1.884s] -- Up-to-date: /home/zaynap/ROS-starter-tutorial/ROS2_demo_ws/install/robot_info_system_msg/include/robot_info_system_msg/robot_info_system_msg/msg/detail/robot_status__struct.h
[1.884s] -- Up-to-date: /home/zaynap/ROS-starter-tutorial/ROS2_demo_ws/install/robot_info_system_msg/include/robot_info_system_msg/robot_info_system_msg/msg/detail/robot_status__functions.h
[1.884s] -- Up-to-date: /home/zaynap/ROS-starter-tutorial/ROS2_demo_ws/install/robot_info_system_msg/include/robot_info_system_msg/robot_info_system_msg/msg/detail/robot_status__functions.c
[1.885s] -- Up-to-date: /home/zaynap/ROS-starter-tutorial/ROS2_demo_ws/install/robot_info_system_msg/share/robot_info_system_msg/environment/library_path.sh
[1.885s] -- Installing: /home/zaynap/ROS-starter-tutorial/ROS2_demo_ws/install/robot_info_system_msg/share/robot_info_system_msg/environment/library_path.dsv
[1.885s] -- Up-to-date: /home/zaynap/ROS-starter-tutorial/ROS2_demo_ws/install/robot_info_system_msg/lib/librobot_info_system_msg__rosidl_generator_c.so
[1.885s] -- Up-to-date: /home/zaynap/ROS-starter-tutorial/ROS2_demo_ws/install/robot_info_system_msg/include/robot_info_system_msg/robot_info_system_msg
[1.885s] -- Up-to-date: /home/zaynap/ROS-starter-tutorial/ROS2_demo_ws/install/robot_info_system_msg/include/robot_info_system_msg/robot_info_system_msg/msg
[1.885s] -- Up-to-date: /home/zaynap/ROS-starter-tutorial/ROS2_demo_ws/install/robot_info_system_msg/include/robot_info_system_msg/robot_info_system_msg/msg/detail
[1.885s] -- Up-to-date: /home/zaynap/ROS-starter-tutorial/ROS2_demo_ws/install/robot_info_system_msg/include/robot_info_system_msg/robot_info_system_msg/msg/detail/robot_status__rosidl_typesupport_fastrtps_c.h
[1.885s] -- Up-to-date: /home/zaynap/ROS-starter-tutorial/ROS2_demo_ws/install/robot_info_system_msg/include/robot_info_system_msg/robot_info_system_msg/msg/rosidl_typesupport_fastrtps_c__visibility_control.h
[1.885s] -- Up-to-date: /home/zaynap/ROS-starter-tutorial/ROS2_demo_ws/install/robot_info_system_msg/lib/librobot_info_system_msg__rosidl_typesupport_fastrtps_c.so
[1.885s] -- Up-to-date: /home/zaynap/ROS-starter-tutorial/ROS2_demo_ws/install/robot_info_system_msg/include/robot_info_system_msg/robot_info_system_msg
[1.885s] -- Up-to-date: /home/zaynap/ROS-starter-tutorial/ROS2_demo_ws/install/robot_info_system_msg/include/robot_info_system_msg/robot_info_system_msg/msg
[1.885s] -- Up-to-date: /home/zaynap/ROS-starter-tutorial/ROS2_demo_ws/install/robot_info_system_msg/include/robot_info_system_msg/robot_info_system_msg/msg/rosidl_typesupport_introspection_c__visibility_control.h
[1.886s] -- Up-to-date: /home/zaynap/ROS-starter-tutorial/ROS2_demo_ws/install/robot_info_system_msg/include/robot_info_system_msg/robot_info_system_msg/msg/detail
[1.886s] -- Up-to-date: /home/zaynap/ROS-starter-tutorial/ROS2_demo_ws/install/robot_info_system_msg/include/robot_info_system_msg/robot_info_system_msg/msg/detail/robot_status__rosidl_typesupport_introspection_c.h
[1.886s] -- Up-to-date: /home/zaynap/ROS-starter-tutorial/ROS2_demo_ws/install/robot_info_system_msg/include/robot_info_system_msg/robot_info_system_msg/msg/detail/robot_status__type_support.c
[1.886s] -- Up-to-date: /home/zaynap/ROS-starter-tutorial/ROS2_demo_ws/install/robot_info_system_msg/lib/librobot_info_system_msg__rosidl_typesupport_introspection_c.so
[1.886s] -- Up-to-date: /home/zaynap/ROS-starter-tutorial/ROS2_demo_ws/install/robot_info_system_msg/lib/librobot_info_system_msg__rosidl_typesupport_c.so
[1.886s] -- Up-to-date: /home/zaynap/ROS-starter-tutorial/ROS2_demo_ws/install/robot_info_system_msg/include/robot_info_system_msg/robot_info_system_msg
[1.886s] -- Up-to-date: /home/zaynap/ROS-starter-tutorial/ROS2_demo_ws/install/robot_info_system_msg/include/robot_info_system_msg/robot_info_system_msg/msg
[1.886s] -- Up-to-date: /home/zaynap/ROS-starter-tutorial/ROS2_demo_ws/install/robot_info_system_msg/include/robot_info_system_msg/robot_info_system_msg/msg/robot_status.hpp
[1.886s] -- Up-to-date: /home/zaynap/ROS-starter-tutorial/ROS2_demo_ws/install/robot_info_system_msg/include/robot_info_system_msg/robot_info_system_msg/msg/detail
[1.886s] -- Up-to-date: /home/zaynap/ROS-starter-tutorial/ROS2_demo_ws/install/robot_info_system_msg/include/robot_info_system_msg/robot_info_system_msg/msg/detail/robot_status__traits.hpp
[1.886s] -- Up-to-date: /home/zaynap/ROS-starter-tutorial/ROS2_demo_ws/install/robot_info_system_msg/include/robot_info_system_msg/robot_info_system_msg/msg/detail/robot_status__struct.hpp
[1.886s] -- Up-to-date: /home/zaynap/ROS-starter-tutorial/ROS2_demo_ws/install/robot_info_system_msg/include/robot_info_system_msg/robot_info_system_msg/msg/detail/robot_status__builder.hpp
[1.887s] -- Up-to-date: /home/zaynap/ROS-starter-tutorial/ROS2_demo_ws/install/robot_info_system_msg/include/robot_info_system_msg/robot_info_system_msg
[1.887s] -- Up-to-date: /home/zaynap/ROS-starter-tutorial/ROS2_demo_ws/install/robot_info_system_msg/include/robot_info_system_msg/robot_info_system_msg/msg
[1.887s] -- Up-to-date: /home/zaynap/ROS-starter-tutorial/ROS2_demo_ws/install/robot_info_system_msg/include/robot_info_system_msg/robot_info_system_msg/msg/detail
[1.887s] -- Up-to-date: /home/zaynap/ROS-starter-tutorial/ROS2_demo_ws/install/robot_info_system_msg/include/robot_info_system_msg/robot_info_system_msg/msg/detail/robot_status__rosidl_typesupport_fastrtps_cpp.hpp
[1.887s] -- Up-to-date: /home/zaynap/ROS-starter-tutorial/ROS2_demo_ws/install/robot_info_system_msg/include/robot_info_system_msg/robot_info_system_msg/msg/detail/dds_fastrtps
[1.887s] -- Up-to-date: /home/zaynap/ROS-starter-tutorial/ROS2_demo_ws/install/robot_info_system_msg/include/robot_info_system_msg/robot_info_system_msg/msg/rosidl_typesupport_fastrtps_cpp__visibility_control.h
[1.887s] -- Up-to-date: /home/zaynap/ROS-starter-tutorial/ROS2_demo_ws/install/robot_info_system_msg/lib/librobot_info_system_msg__rosidl_typesupport_fastrtps_cpp.so
[1.887s] -- Up-to-date: /home/zaynap/ROS-starter-tutorial/ROS2_demo_ws/install/robot_info_system_msg/include/robot_info_system_msg/robot_info_system_msg
[1.887s] -- Up-to-date: /home/zaynap/ROS-starter-tutorial/ROS2_demo_ws/install/robot_info_system_msg/include/robot_info_system_msg/robot_info_system_msg/msg
[1.887s] -- Up-to-date: /home/zaynap/ROS-starter-tutorial/ROS2_demo_ws/install/robot_info_system_msg/include/robot_info_system_msg/robot_info_system_msg/msg/detail
[1.887s] -- Up-to-date: /home/zaynap/ROS-starter-tutorial/ROS2_demo_ws/install/robot_info_system_msg/include/robot_info_system_msg/robot_info_system_msg/msg/detail/robot_status__type_support.cpp
[1.887s] -- Up-to-date: /home/zaynap/ROS-starter-tutorial/ROS2_demo_ws/install/robot_info_system_msg/include/robot_info_system_msg/robot_info_system_msg/msg/detail/robot_status__rosidl_typesupport_introspection_cpp.hpp
[1.887s] -- Up-to-date: /home/zaynap/ROS-starter-tutorial/ROS2_demo_ws/install/robot_info_system_msg/lib/librobot_info_system_msg__rosidl_typesupport_introspection_cpp.so
[1.888s] -- Up-to-date: /home/zaynap/ROS-starter-tutorial/ROS2_demo_ws/install/robot_info_system_msg/lib/librobot_info_system_msg__rosidl_typesupport_cpp.so
[1.888s] -- Up-to-date: /home/zaynap/ROS-starter-tutorial/ROS2_demo_ws/install/robot_info_system_msg/share/robot_info_system_msg/environment/pythonpath.sh
[1.888s] -- Installing: /home/zaynap/ROS-starter-tutorial/ROS2_demo_ws/install/robot_info_system_msg/share/robot_info_system_msg/environment/pythonpath.dsv
[1.888s] -- Up-to-date: /home/zaynap/ROS-starter-tutorial/ROS2_demo_ws/install/robot_info_system_msg/local/lib/python3.10/dist-packages/robot_info_system_msg-0.0.0-py3.10.egg-info
[1.888s] -- Installing: /home/zaynap/ROS-starter-tutorial/ROS2_demo_ws/install/robot_info_system_msg/local/lib/python3.10/dist-packages/robot_info_system_msg-0.0.0-py3.10.egg-info/top_level.txt
[1.888s] -- Installing: /home/zaynap/ROS-starter-tutorial/ROS2_demo_ws/install/robot_info_system_msg/local/lib/python3.10/dist-packages/robot_info_system_msg-0.0.0-py3.10.egg-info/PKG-INFO
[1.888s] -- Installing: /home/zaynap/ROS-starter-tutorial/ROS2_demo_ws/install/robot_info_system_msg/local/lib/python3.10/dist-packages/robot_info_system_msg-0.0.0-py3.10.egg-info/SOURCES.txt
[1.888s] -- Installing: /home/zaynap/ROS-starter-tutorial/ROS2_demo_ws/install/robot_info_system_msg/local/lib/python3.10/dist-packages/robot_info_system_msg-0.0.0-py3.10.egg-info/dependency_links.txt
[1.888s] -- Up-to-date: /home/zaynap/ROS-starter-tutorial/ROS2_demo_ws/install/robot_info_system_msg/local/lib/python3.10/dist-packages/robot_info_system_msg
[1.888s] -- Up-to-date: /home/zaynap/ROS-starter-tutorial/ROS2_demo_ws/install/robot_info_system_msg/local/lib/python3.10/dist-packages/robot_info_system_msg/librobot_info_system_msg__rosidl_generator_py.so
[1.888s] -- Installing: /home/zaynap/ROS-starter-tutorial/ROS2_demo_ws/install/robot_info_system_msg/local/lib/python3.10/dist-packages/robot_info_system_msg/__init__.py
[1.888s] -- Up-to-date: /home/zaynap/ROS-starter-tutorial/ROS2_demo_ws/install/robot_info_system_msg/local/lib/python3.10/dist-packages/robot_info_system_msg/robot_info_system_msg_s__rosidl_typesupport_fastrtps_c.cpython-310-x86_64-linux-gnu.so
[1.888s] -- Up-to-date: /home/zaynap/ROS-starter-tutorial/ROS2_demo_ws/install/robot_info_system_msg/local/lib/python3.10/dist-packages/robot_info_system_msg/robot_info_system_msg_s__rosidl_typesupport_introspection_c.cpython-310-x86_64-linux-gnu.so
[1.888s] -- Up-to-date: /home/zaynap/ROS-starter-tutorial/ROS2_demo_ws/install/robot_info_system_msg/local/lib/python3.10/dist-packages/robot_info_system_msg/robot_info_system_msg_s__rosidl_typesupport_c.cpython-310-x86_64-linux-gnu.so
[1.888s] -- Up-to-date: /home/zaynap/ROS-starter-tutorial/ROS2_demo_ws/install/robot_info_system_msg/local/lib/python3.10/dist-packages/robot_info_system_msg/msg
[1.888s] -- Up-to-date: /home/zaynap/ROS-starter-tutorial/ROS2_demo_ws/install/robot_info_system_msg/local/lib/python3.10/dist-packages/robot_info_system_msg/msg/__init__.py
[1.888s] -- Up-to-date: /home/zaynap/ROS-starter-tutorial/ROS2_demo_ws/install/robot_info_system_msg/local/lib/python3.10/dist-packages/robot_info_system_msg/msg/_robot_status_s.c
[1.888s] -- Up-to-date: /home/zaynap/ROS-starter-tutorial/ROS2_demo_ws/install/robot_info_system_msg/local/lib/python3.10/dist-packages/robot_info_system_msg/msg/_robot_status.py
[1.889s] -- Up-to-date: /home/zaynap/ROS-starter-tutorial/ROS2_demo_ws/install/robot_info_system_msg/local/lib/python3.10/dist-packages/robot_info_system_msg/_robot_info_system_msg_s.ep.rosidl_typesupport_c.c
[1.889s] -- Up-to-date: /home/zaynap/ROS-starter-tutorial/ROS2_demo_ws/install/robot_info_system_msg/local/lib/python3.10/dist-packages/robot_info_system_msg/_robot_info_system_msg_s.ep.rosidl_typesupport_fastrtps_c.c
[1.889s] -- Up-to-date: /home/zaynap/ROS-starter-tutorial/ROS2_demo_ws/install/robot_info_system_msg/local/lib/python3.10/dist-packages/robot_info_system_msg/_robot_info_system_msg_s.ep.rosidl_typesupport_introspection_c.c
[1.950s] Listing '/home/zaynap/ROS-starter-tutorial/ROS2_demo_ws/install/robot_info_system_msg/local/lib/python3.10/dist-packages/robot_info_system_msg'...
[1.950s] Compiling '/home/zaynap/ROS-starter-tutorial/ROS2_demo_ws/install/robot_info_system_msg/local/lib/python3.10/dist-packages/robot_info_system_msg/__init__.py'...
[1.950s] Listing '/home/zaynap/ROS-starter-tutorial/ROS2_demo_ws/install/robot_info_system_msg/local/lib/python3.10/dist-packages/robot_info_system_msg/msg'...
[1.955s] -- Up-to-date: /home/zaynap/ROS-starter-tutorial/ROS2_demo_ws/install/robot_info_system_msg/local/lib/python3.10/dist-packages/robot_info_system_msg/robot_info_system_msg_s__rosidl_typesupport_fastrtps_c.cpython-310-x86_64-linux-gnu.so
[1.956s] -- Up-to-date: /home/zaynap/ROS-starter-tutorial/ROS2_demo_ws/install/robot_info_system_msg/local/lib/python3.10/dist-packages/robot_info_system_msg/robot_info_system_msg_s__rosidl_typesupport_introspection_c.cpython-310-x86_64-linux-gnu.so
[1.956s] -- Up-to-date: /home/zaynap/ROS-starter-tutorial/ROS2_demo_ws/install/robot_info_system_msg/local/lib/python3.10/dist-packages/robot_info_system_msg/robot_info_system_msg_s__rosidl_typesupport_c.cpython-310-x86_64-linux-gnu.so
[1.956s] -- Up-to-date: /home/zaynap/ROS-starter-tutorial/ROS2_demo_ws/install/robot_info_system_msg/lib/librobot_info_system_msg__rosidl_generator_py.so
[1.956s] -- Up-to-date: /home/zaynap/ROS-starter-tutorial/ROS2_demo_ws/install/robot_info_system_msg/share/robot_info_system_msg/msg/RobotStatus.idl
[1.956s] -- Installing: /home/zaynap/ROS-starter-tutorial/ROS2_demo_ws/install/robot_info_system_msg/share/robot_info_system_msg/msg/RobotStatus.msg
[1.956s] -- Up-to-date: /home/zaynap/ROS-starter-tutorial/ROS2_demo_ws/install/robot_info_system_msg/share/ament_index/resource_index/package_run_dependencies/robot_info_system_msg
[1.956s] -- Installing: /home/zaynap/ROS-starter-tutorial/ROS2_demo_ws/install/robot_info_system_msg/share/ament_index/resource_index/parent_prefix_path/robot_info_system_msg
[1.957s] -- Up-to-date: /home/zaynap/ROS-starter-tutorial/ROS2_demo_ws/install/robot_info_system_msg/share/robot_info_system_msg/environment/ament_prefix_path.sh
[1.957s] -- Installing: /home/zaynap/ROS-starter-tutorial/ROS2_demo_ws/install/robot_info_system_msg/share/robot_info_system_msg/environment/ament_prefix_path.dsv
[1.957s] -- Up-to-date: /home/zaynap/ROS-starter-tutorial/ROS2_demo_ws/install/robot_info_system_msg/share/robot_info_system_msg/environment/path.sh
[1.957s] -- Installing: /home/zaynap/ROS-starter-tutorial/ROS2_demo_ws/install/robot_info_system_msg/share/robot_info_system_msg/environment/path.dsv
[1.957s] -- Up-to-date: /home/zaynap/ROS-starter-tutorial/ROS2_demo_ws/install/robot_info_system_msg/share/robot_info_system_msg/local_setup.bash
[1.957s] -- Up-to-date: /home/zaynap/ROS-starter-tutorial/ROS2_demo_ws/install/robot_info_system_msg/share/robot_info_system_msg/local_setup.sh
[1.957s] -- Up-to-date: /home/zaynap/ROS-starter-tutorial/ROS2_demo_ws/install/robot_info_system_msg/share/robot_info_system_msg/local_setup.zsh
[1.957s] -- Installing: /home/zaynap/ROS-starter-tutorial/ROS2_demo_ws/install/robot_info_system_msg/share/robot_info_system_msg/local_setup.dsv
[1.957s] -- Installing: /home/zaynap/ROS-starter-tutorial/ROS2_demo_ws/install/robot_info_system_msg/share/robot_info_system_msg/package.dsv
[1.958s] -- Up-to-date: /home/zaynap/ROS-starter-tutorial/ROS2_demo_ws/install/robot_info_system_msg/share/ament_index/resource_index/packages/robot_info_system_msg
[1.958s] -- Up-to-date: /home/zaynap/ROS-starter-tutorial/ROS2_demo_ws/install/robot_info_system_msg/share/robot_info_system_msg/cmake/export_robot_info_system_msg__rosidl_generator_cExport.cmake
[1.958s] -- Up-to-date: /home/zaynap/ROS-starter-tutorial/ROS2_demo_ws/install/robot_info_system_msg/share/robot_info_system_msg/cmake/export_robot_info_system_msg__rosidl_generator_cExport-noconfig.cmake
[1.958s] -- Up-to-date: /home/zaynap/ROS-starter-tutorial/ROS2_demo_ws/install/robot_info_system_msg/share/robot_info_system_msg/cmake/export_robot_info_system_msg__rosidl_typesupport_fastrtps_cExport.cmake
[1.958s] -- Up-to-date: /home/zaynap/ROS-starter-tutorial/ROS2_demo_ws/install/robot_info_system_msg/share/robot_info_system_msg/cmake/export_robot_info_system_msg__rosidl_typesupport_fastrtps_cExport-noconfig.cmake
[1.958s] -- Up-to-date: /home/zaynap/ROS-starter-tutorial/ROS2_demo_ws/install/robot_info_system_msg/share/robot_info_system_msg/cmake/robot_info_system_msg__rosidl_typesupport_introspection_cExport.cmake
[1.958s] -- Up-to-date: /home/zaynap/ROS-starter-tutorial/ROS2_demo_ws/install/robot_info_system_msg/share/robot_info_system_msg/cmake/robot_info_system_msg__rosidl_typesupport_introspection_cExport-noconfig.cmake
[1.958s] -- Up-to-date: /home/zaynap/ROS-starter-tutorial/ROS2_demo_ws/install/robot_info_system_msg/share/robot_info_system_msg/cmake/robot_info_system_msg__rosidl_typesupport_cExport.cmake
[1.958s] -- Up-to-date: /home/zaynap/ROS-starter-tutorial/ROS2_demo_ws/install/robot_info_system_msg/share/robot_info_system_msg/cmake/robot_info_system_msg__rosidl_typesupport_cExport-noconfig.cmake
[1.958s] -- Up-to-date: /home/zaynap/ROS-starter-tutorial/ROS2_demo_ws/install/robot_info_system_msg/share/robot_info_system_msg/cmake/export_robot_info_system_msg__rosidl_generator_cppExport.cmake
[1.958s] -- Up-to-date: /home/zaynap/ROS-starter-tutorial/ROS2_demo_ws/install/robot_info_system_msg/share/robot_info_system_msg/cmake/export_robot_info_system_msg__rosidl_typesupport_fastrtps_cppExport.cmake
[1.958s] -- Up-to-date: /home/zaynap/ROS-starter-tutorial/ROS2_demo_ws/install/robot_info_system_msg/share/robot_info_system_msg/cmake/export_robot_info_system_msg__rosidl_typesupport_fastrtps_cppExport-noconfig.cmake
[1.958s] -- Up-to-date: /home/zaynap/ROS-starter-tutorial/ROS2_demo_ws/install/robot_info_system_msg/share/robot_info_system_msg/cmake/robot_info_system_msg__rosidl_typesupport_introspection_cppExport.cmake
[1.959s] -- Up-to-date: /home/zaynap/ROS-starter-tutorial/ROS2_demo_ws/install/robot_info_system_msg/share/robot_info_system_msg/cmake/robot_info_system_msg__rosidl_typesupport_introspection_cppExport-noconfig.cmake
[1.959s] -- Up-to-date: /home/zaynap/ROS-starter-tutorial/ROS2_demo_ws/install/robot_info_system_msg/share/robot_info_system_msg/cmake/robot_info_system_msg__rosidl_typesupport_cppExport.cmake
[1.959s] -- Up-to-date: /home/zaynap/ROS-starter-tutorial/ROS2_demo_ws/install/robot_info_system_msg/share/robot_info_system_msg/cmake/robot_info_system_msg__rosidl_typesupport_cppExport-noconfig.cmake
[1.959s] -- Up-to-date: /home/zaynap/ROS-starter-tutorial/ROS2_demo_ws/install/robot_info_system_msg/share/robot_info_system_msg/cmake/export_robot_info_system_msg__rosidl_generator_pyExport.cmake
[1.959s] -- Up-to-date: /home/zaynap/ROS-starter-tutorial/ROS2_demo_ws/install/robot_info_system_msg/share/robot_info_system_msg/cmake/export_robot_info_system_msg__rosidl_generator_pyExport-noconfig.cmake
[1.959s] -- Up-to-date: /home/zaynap/ROS-starter-tutorial/ROS2_demo_ws/install/robot_info_system_msg/share/robot_info_system_msg/cmake/rosidl_cmake-extras.cmake
[1.959s] -- Up-to-date: /home/zaynap/ROS-starter-tutorial/ROS2_demo_ws/install/robot_info_system_msg/share/robot_info_system_msg/cmake/ament_cmake_export_dependencies-extras.cmake
[1.959s] -- Up-to-date: /home/zaynap/ROS-starter-tutorial/ROS2_demo_ws/install/robot_info_system_msg/share/robot_info_system_msg/cmake/ament_cmake_export_include_directories-extras.cmake
[1.959s] -- Up-to-date: /home/zaynap/ROS-starter-tutorial/ROS2_demo_ws/install/robot_info_system_msg/share/robot_info_system_msg/cmake/ament_cmake_export_libraries-extras.cmake
[1.959s] -- Up-to-date: /home/zaynap/ROS-starter-tutorial/ROS2_demo_ws/install/robot_info_system_msg/share/robot_info_system_msg/cmake/ament_cmake_export_targets-extras.cmake
[1.959s] -- Up-to-date: /home/zaynap/ROS-starter-tutorial/ROS2_demo_ws/install/robot_info_system_msg/share/robot_info_system_msg/cmake/rosidl_cmake_export_typesupport_targets-extras.cmake
[1.959s] -- Up-to-date: /home/zaynap/ROS-starter-tutorial/ROS2_demo_ws/install/robot_info_system_msg/share/robot_info_system_msg/cmake/rosidl_cmake_export_typesupport_libraries-extras.cmake
[1.959s] -- Up-to-date: /home/zaynap/ROS-starter-tutorial/ROS2_demo_ws/install/robot_info_system_msg/share/robot_info_system_msg/cmake/robot_info_system_msgConfig.cmake
[1.959s] -- Up-to-date: /home/zaynap/ROS-starter-tutorial/ROS2_demo_ws/install/robot_info_system_msg/share/robot_info_system_msg/cmake/robot_info_system_msgConfig-version.cmake
[1.959s] -- Installing: /home/zaynap/ROS-starter-tutorial/ROS2_demo_ws/install/robot_info_system_msg/share/robot_info_system_msg/package.xml
[1.962s] Invoked command in '/home/zaynap/ROS-starter-tutorial/ROS2_demo_ws/build/robot_info_system_msg' returned '0': CMAKE_PREFIX_PATH=${CMAKE_PREFIX_PATH}:/home/zaynap/ROS-starter-tutorial/ROS2_demo_ws/install/robot_info_system2:/home/zaynap/ROS-starter-tutorial/ROS2_demo_ws/install/robot_info_system:/opt/ros/humble /usr/bin/cmake --install /home/zaynap/ROS-starter-tutorial/ROS2_demo_ws/build/robot_info_system_msg
