/home/zaynap/.local/lib/python3.10/site-packages/setuptools/_distutils/dist.py:270: UserWarning: Unknown distribution option: 'tests_require'
  warnings.warn(msg)
running egg_info
creating ../../build/robot_info_system/robot_info_system.egg-info
writing ../../build/robot_info_system/robot_info_system.egg-info/PKG-INFO
writing dependency_links to ../../build/robot_info_system/robot_info_system.egg-info/dependency_links.txt
writing entry points to ../../build/robot_info_system/robot_info_system.egg-info/entry_points.txt
writing requirements to ../../build/robot_info_system/robot_info_system.egg-info/requires.txt
writing top-level names to ../../build/robot_info_system/robot_info_system.egg-info/top_level.txt
writing manifest file '../../build/robot_info_system/robot_info_system.egg-info/SOURCES.txt'
reading manifest file '../../build/robot_info_system/robot_info_system.egg-info/SOURCES.txt'
writing manifest file '../../build/robot_info_system/robot_info_system.egg-info/SOURCES.txt'
running build
running build_py
creating /home/zaynap/ROS-starter-tutorial/ROS2_demo_ws/build/robot_info_system/build/lib/robot_info_system
copying robot_info_system/robot_monitor.py -> /home/zaynap/ROS-starter-tutorial/ROS2_demo_ws/build/robot_info_system/build/lib/robot_info_system
copying robot_info_system/__init__.py -> /home/zaynap/ROS-starter-tutorial/ROS2_demo_ws/build/robot_info_system/build/lib/robot_info_system
copying robot_info_system/robot_state_publisher.py -> /home/zaynap/ROS-starter-tutorial/ROS2_demo_ws/build/robot_info_system/build/lib/robot_info_system
creating /home/zaynap/ROS-starter-tutorial/ROS2_demo_ws/build/robot_info_system/build/lib/msg
copying msg/__init__.py -> /home/zaynap/ROS-starter-tutorial/ROS2_demo_ws/build/robot_info_system/build/lib/msg
running install
running install_lib
creating /home/zaynap/ROS-starter-tutorial/ROS2_demo_ws/install/robot_info_system/lib/python3.10/site-packages/robot_info_system
copying /home/zaynap/ROS-starter-tutorial/ROS2_demo_ws/build/robot_info_system/build/lib/robot_info_system/robot_monitor.py -> /home/zaynap/ROS-starter-tutorial/ROS2_demo_ws/install/robot_info_system/lib/python3.10/site-packages/robot_info_system
copying /home/zaynap/ROS-starter-tutorial/ROS2_demo_ws/build/robot_info_system/build/lib/robot_info_system/__init__.py -> /home/zaynap/ROS-starter-tutorial/ROS2_demo_ws/install/robot_info_system/lib/python3.10/site-packages/robot_info_system
copying /home/zaynap/ROS-starter-tutorial/ROS2_demo_ws/build/robot_info_system/build/lib/robot_info_system/robot_state_publisher.py -> /home/zaynap/ROS-starter-tutorial/ROS2_demo_ws/install/robot_info_system/lib/python3.10/site-packages/robot_info_system
creating /home/zaynap/ROS-starter-tutorial/ROS2_demo_ws/install/robot_info_system/lib/python3.10/site-packages/msg
copying /home/zaynap/ROS-starter-tutorial/ROS2_demo_ws/build/robot_info_system/build/lib/msg/__init__.py -> /home/zaynap/ROS-starter-tutorial/ROS2_demo_ws/install/robot_info_system/lib/python3.10/site-packages/msg
byte-compiling /home/zaynap/ROS-starter-tutorial/ROS2_demo_ws/install/robot_info_system/lib/python3.10/site-packages/robot_info_system/robot_monitor.py to robot_monitor.cpython-310.pyc
byte-compiling /home/zaynap/ROS-starter-tutorial/ROS2_demo_ws/install/robot_info_system/lib/python3.10/site-packages/robot_info_system/__init__.py to __init__.cpython-310.pyc
byte-compiling /home/zaynap/ROS-starter-tutorial/ROS2_demo_ws/install/robot_info_system/lib/python3.10/site-packages/robot_info_system/robot_state_publisher.py to robot_state_publisher.cpython-310.pyc
byte-compiling /home/zaynap/ROS-starter-tutorial/ROS2_demo_ws/install/robot_info_system/lib/python3.10/site-packages/msg/__init__.py to __init__.cpython-310.pyc
running install_data
creating /home/zaynap/ROS-starter-tutorial/ROS2_demo_ws/install/robot_info_system/share/ament_index/resource_index/packages
copying resource/robot_info_system -> /home/zaynap/ROS-starter-tutorial/ROS2_demo_ws/install/robot_info_system/share/ament_index/resource_index/packages
copying package.xml -> /home/zaynap/ROS-starter-tutorial/ROS2_demo_ws/install/robot_info_system/share/robot_info_system
creating /home/zaynap/ROS-starter-tutorial/ROS2_demo_ws/install/robot_info_system/share/robot_info_system/msg
copying msg/RobotStatus.msg -> /home/zaynap/ROS-starter-tutorial/ROS2_demo_ws/install/robot_info_system/share/robot_info_system/msg
running install_egg_info
Copying ../../build/robot_info_system/robot_info_system.egg-info to /home/zaynap/ROS-starter-tutorial/ROS2_demo_ws/install/robot_info_system/lib/python3.10/site-packages/robot_info_system-0.0.1-py3.10.egg-info
running install_scripts
Installing robot_monitor script to /home/zaynap/ROS-starter-tutorial/ROS2_demo_ws/install/robot_info_system/lib/robot_info_system
Installing robot_state_publisher script to /home/zaynap/ROS-starter-tutorial/ROS2_demo_ws/install/robot_info_system/lib/robot_info_system
writing list of installed files to '/home/zaynap/ROS-starter-tutorial/ROS2_demo_ws/build/robot_info_system/install.log'
