[0.115s] Invoking command in '/home/zaynap/ROS-starter-tutorial/ROS2_demo_ws/build/robot_info_system_msg': CMAKE_PREFIX_PATH=/opt/ros/humble /usr/bin/cmake --build /home/zaynap/ROS-starter-tutorial/ROS2_demo_ws/build/robot_info_system_msg -- -j8 -l8
[0.695s] -- Found ament_cmake: 1.3.10 (/opt/ros/humble/share/ament_cmake/cmake)
[1.194s] -- Found rosidl_default_generators: 1.2.0 (/opt/ros/humble/share/rosidl_default_generators/cmake)
[1.219s] -- Using all available rosidl_typesupport_c: rosidl_typesupport_fastrtps_c;rosidl_typesupport_introspection_c
[1.282s] -- Found rosidl_adapter: 3.1.5 (/opt/ros/humble/share/rosidl_adapter/cmake)
[1.472s] -- Using all available rosidl_typesupport_cpp: rosidl_typesupport_fastrtps_cpp;rosidl_typesupport_introspection_cpp
[1.697s] -- Found std_msgs: 4.2.4 (/opt/ros/humble/share/std_msgs/cmake)
[2.130s] -- Found ament_cmake_ros: 0.10.0 (/opt/ros/humble/share/ament_cmake_ros/cmake)
[2.338s] -- Using all available rosidl_typesupport_c: rosidl_typesupport_fastrtps_c;rosidl_typesupport_introspection_c
[2.687s] -- Using all available rosidl_typesupport_cpp: rosidl_typesupport_fastrtps_cpp;rosidl_typesupport_introspection_cpp
[2.767s] -- Found python_cmake_module: 0.10.0 (/opt/ros/humble/share/python_cmake_module/cmake)
[2.851s] -- Using PYTHON_EXECUTABLE: /usr/bin/python3
[2.851s] -- Using PYTHON_INCLUDE_DIRS: /usr/include/python3.10
[2.852s] -- Using PYTHON_LIBRARIES: /usr/lib/x86_64-linux-gnu/libpython3.10.so
[2.915s] -- Configuring done
[3.096s] -- Generating done
[3.101s] -- Build files have been written to: /home/zaynap/ROS-starter-tutorial/ROS2_demo_ws/build/robot_info_system_msg
[3.143s] [35m[1mConsolidate compiler generated dependencies of target robot_info_system_msg__rosidl_generator_c[0m
[3.168s] [  9%] Built target robot_info_system_msg__rosidl_generator_c
[3.173s] [ 12%] Built target robot_info_system_msg__cpp
[3.181s] [35m[1mConsolidate compiler generated dependencies of target robot_info_system_msg__rosidl_typesupport_introspection_c[0m
[3.183s] [35m[1mConsolidate compiler generated dependencies of target robot_info_system_msg__rosidl_typesupport_fastrtps_c[0m
[3.183s] [35m[1mConsolidate compiler generated dependencies of target robot_info_system_msg__rosidl_typesupport_c[0m
[3.184s] [ 12%] Built target ament_cmake_python_copy_robot_info_system_msg
[3.186s] [35m[1mConsolidate compiler generated dependencies of target robot_info_system_msg__rosidl_typesupport_introspection_cpp[0m
[3.186s] [35m[1mConsolidate compiler generated dependencies of target robot_info_system_msg__rosidl_typesupport_fastrtps_cpp[0m
[3.187s] [35m[1mConsolidate compiler generated dependencies of target robot_info_system_msg__rosidl_typesupport_cpp[0m
[3.196s] [ 32%] Built target robot_info_system_msg__rosidl_typesupport_introspection_c
[3.196s] [ 32%] Built target robot_info_system_msg__rosidl_typesupport_c
[3.196s] [ 41%] Built target robot_info_system_msg__rosidl_typesupport_fastrtps_c
[3.200s] [ 58%] Built target robot_info_system_msg__rosidl_typesupport_cpp
[3.200s] [ 61%] Built target robot_info_system_msg__rosidl_typesupport_introspection_cpp
[3.200s] [ 70%] Built target robot_info_system_msg__rosidl_typesupport_fastrtps_cpp
[3.216s] [ 70%] Built target robot_info_system_msg
[3.254s] [ 74%] Built target robot_info_system_msg__py
[3.263s] [35m[1mConsolidate compiler generated dependencies of target robot_info_system_msg__rosidl_generator_py[0m
[3.308s] [ 80%] Built target robot_info_system_msg__rosidl_generator_py
[3.317s] [35m[1mConsolidate compiler generated dependencies of target robot_info_system_msg__rosidl_typesupport_fastrtps_c__pyext[0m
[3.319s] [35m[1mConsolidate compiler generated dependencies of target robot_info_system_msg__rosidl_typesupport_introspection_c__pyext[0m
[3.320s] [35m[1mConsolidate compiler generated dependencies of target robot_info_system_msg__rosidl_typesupport_c__pyext[0m
[3.329s] [ 87%] Built target robot_info_system_msg__rosidl_typesupport_fastrtps_c__pyext
[3.332s] [ 93%] Built target robot_info_system_msg__rosidl_typesupport_c__pyext
[3.333s] [100%] Built target robot_info_system_msg__rosidl_typesupport_introspection_c__pyext
[3.464s] running egg_info
[3.486s] writing robot_info_system_msg.egg-info/PKG-INFO
[3.486s] writing dependency_links to robot_info_system_msg.egg-info/dependency_links.txt
[3.487s] writing top-level names to robot_info_system_msg.egg-info/top_level.txt
[3.550s] reading manifest file 'robot_info_system_msg.egg-info/SOURCES.txt'
[3.560s] writing manifest file 'robot_info_system_msg.egg-info/SOURCES.txt'
[3.588s] [100%] Built target ament_cmake_python_build_robot_info_system_msg_egg
[3.597s] Invoked command in '/home/zaynap/ROS-starter-tutorial/ROS2_demo_ws/build/robot_info_system_msg' returned '0': CMAKE_PREFIX_PATH=/opt/ros/humble /usr/bin/cmake --build /home/zaynap/ROS-starter-tutorial/ROS2_demo_ws/build/robot_info_system_msg -- -j8 -l8
[3.637s] Invoking command in '/home/zaynap/ROS-starter-tutorial/ROS2_demo_ws/build/robot_info_system_msg': CMAKE_PREFIX_PATH=/opt/ros/humble /usr/bin/cmake --install /home/zaynap/ROS-starter-tutorial/ROS2_demo_ws/build/robot_info_system_msg
[3.644s] -- Install configuration: ""
[3.644s] -- Up-to-date: /home/zaynap/ROS-starter-tutorial/ROS2_demo_ws/install/robot_info_system_msg/share/ament_index/resource_index/rosidl_interfaces/robot_info_system_msg
[3.644s] -- Up-to-date: /home/zaynap/ROS-starter-tutorial/ROS2_demo_ws/install/robot_info_system_msg/include/robot_info_system_msg/robot_info_system_msg
[3.644s] -- Up-to-date: /home/zaynap/ROS-starter-tutorial/ROS2_demo_ws/install/robot_info_system_msg/include/robot_info_system_msg/robot_info_system_msg/msg
[3.644s] -- Up-to-date: /home/zaynap/ROS-starter-tutorial/ROS2_demo_ws/install/robot_info_system_msg/include/robot_info_system_msg/robot_info_system_msg/msg/rosidl_generator_c__visibility_control.h
[3.644s] -- Up-to-date: /home/zaynap/ROS-starter-tutorial/ROS2_demo_ws/install/robot_info_system_msg/include/robot_info_system_msg/robot_info_system_msg/msg/robot_status.h
[3.644s] -- Up-to-date: /home/zaynap/ROS-starter-tutorial/ROS2_demo_ws/install/robot_info_system_msg/include/robot_info_system_msg/robot_info_system_msg/msg/detail
[3.644s] -- Up-to-date: /home/zaynap/ROS-starter-tutorial/ROS2_demo_ws/install/robot_info_system_msg/include/robot_info_system_msg/robot_info_system_msg/msg/detail/robot_status__type_support.h
[3.644s] -- Up-to-date: /home/zaynap/ROS-starter-tutorial/ROS2_demo_ws/install/robot_info_system_msg/include/robot_info_system_msg/robot_info_system_msg/msg/detail/robot_status__struct.h
[3.644s] -- Up-to-date: /home/zaynap/ROS-starter-tutorial/ROS2_demo_ws/install/robot_info_system_msg/include/robot_info_system_msg/robot_info_system_msg/msg/detail/robot_status__functions.h
[3.645s] -- Up-to-date: /home/zaynap/ROS-starter-tutorial/ROS2_demo_ws/install/robot_info_system_msg/include/robot_info_system_msg/robot_info_system_msg/msg/detail/robot_status__functions.c
[3.645s] -- Up-to-date: /home/zaynap/ROS-starter-tutorial/ROS2_demo_ws/install/robot_info_system_msg/share/robot_info_system_msg/environment/library_path.sh
[3.645s] -- Installing: /home/zaynap/ROS-starter-tutorial/ROS2_demo_ws/install/robot_info_system_msg/share/robot_info_system_msg/environment/library_path.dsv
[3.645s] -- Up-to-date: /home/zaynap/ROS-starter-tutorial/ROS2_demo_ws/install/robot_info_system_msg/lib/librobot_info_system_msg__rosidl_generator_c.so
[3.645s] -- Up-to-date: /home/zaynap/ROS-starter-tutorial/ROS2_demo_ws/install/robot_info_system_msg/include/robot_info_system_msg/robot_info_system_msg
[3.645s] -- Up-to-date: /home/zaynap/ROS-starter-tutorial/ROS2_demo_ws/install/robot_info_system_msg/include/robot_info_system_msg/robot_info_system_msg/msg
[3.645s] -- Up-to-date: /home/zaynap/ROS-starter-tutorial/ROS2_demo_ws/install/robot_info_system_msg/include/robot_info_system_msg/robot_info_system_msg/msg/detail
[3.645s] -- Up-to-date: /home/zaynap/ROS-starter-tutorial/ROS2_demo_ws/install/robot_info_system_msg/include/robot_info_system_msg/robot_info_system_msg/msg/detail/robot_status__rosidl_typesupport_fastrtps_c.h
[3.645s] -- Up-to-date: /home/zaynap/ROS-starter-tutorial/ROS2_demo_ws/install/robot_info_system_msg/include/robot_info_system_msg/robot_info_system_msg/msg/rosidl_typesupport_fastrtps_c__visibility_control.h
[3.645s] -- Up-to-date: /home/zaynap/ROS-starter-tutorial/ROS2_demo_ws/install/robot_info_system_msg/lib/librobot_info_system_msg__rosidl_typesupport_fastrtps_c.so
[3.645s] -- Up-to-date: /home/zaynap/ROS-starter-tutorial/ROS2_demo_ws/install/robot_info_system_msg/include/robot_info_system_msg/robot_info_system_msg
[3.645s] -- Up-to-date: /home/zaynap/ROS-starter-tutorial/ROS2_demo_ws/install/robot_info_system_msg/include/robot_info_system_msg/robot_info_system_msg/msg
[3.645s] -- Up-to-date: /home/zaynap/ROS-starter-tutorial/ROS2_demo_ws/install/robot_info_system_msg/include/robot_info_system_msg/robot_info_system_msg/msg/rosidl_typesupport_introspection_c__visibility_control.h
[3.646s] -- Up-to-date: /home/zaynap/ROS-starter-tutorial/ROS2_demo_ws/install/robot_info_system_msg/include/robot_info_system_msg/robot_info_system_msg/msg/detail
[3.646s] -- Up-to-date: /home/zaynap/ROS-starter-tutorial/ROS2_demo_ws/install/robot_info_system_msg/include/robot_info_system_msg/robot_info_system_msg/msg/detail/robot_status__rosidl_typesupport_introspection_c.h
[3.646s] -- Up-to-date: /home/zaynap/ROS-starter-tutorial/ROS2_demo_ws/install/robot_info_system_msg/include/robot_info_system_msg/robot_info_system_msg/msg/detail/robot_status__type_support.c
[3.646s] -- Up-to-date: /home/zaynap/ROS-starter-tutorial/ROS2_demo_ws/install/robot_info_system_msg/lib/librobot_info_system_msg__rosidl_typesupport_introspection_c.so
[3.646s] -- Up-to-date: /home/zaynap/ROS-starter-tutorial/ROS2_demo_ws/install/robot_info_system_msg/lib/librobot_info_system_msg__rosidl_typesupport_c.so
[3.646s] -- Up-to-date: /home/zaynap/ROS-starter-tutorial/ROS2_demo_ws/install/robot_info_system_msg/include/robot_info_system_msg/robot_info_system_msg
[3.646s] -- Up-to-date: /home/zaynap/ROS-starter-tutorial/ROS2_demo_ws/install/robot_info_system_msg/include/robot_info_system_msg/robot_info_system_msg/msg
[3.646s] -- Up-to-date: /home/zaynap/ROS-starter-tutorial/ROS2_demo_ws/install/robot_info_system_msg/include/robot_info_system_msg/robot_info_system_msg/msg/robot_status.hpp
[3.646s] -- Up-to-date: /home/zaynap/ROS-starter-tutorial/ROS2_demo_ws/install/robot_info_system_msg/include/robot_info_system_msg/robot_info_system_msg/msg/detail
[3.646s] -- Up-to-date: /home/zaynap/ROS-starter-tutorial/ROS2_demo_ws/install/robot_info_system_msg/include/robot_info_system_msg/robot_info_system_msg/msg/detail/robot_status__traits.hpp
[3.646s] -- Up-to-date: /home/zaynap/ROS-starter-tutorial/ROS2_demo_ws/install/robot_info_system_msg/include/robot_info_system_msg/robot_info_system_msg/msg/detail/robot_status__struct.hpp
[3.647s] -- Up-to-date: /home/zaynap/ROS-starter-tutorial/ROS2_demo_ws/install/robot_info_system_msg/include/robot_info_system_msg/robot_info_system_msg/msg/detail/robot_status__builder.hpp
[3.647s] -- Up-to-date: /home/zaynap/ROS-starter-tutorial/ROS2_demo_ws/install/robot_info_system_msg/include/robot_info_system_msg/robot_info_system_msg
[3.647s] -- Up-to-date: /home/zaynap/ROS-starter-tutorial/ROS2_demo_ws/install/robot_info_system_msg/include/robot_info_system_msg/robot_info_system_msg/msg
[3.647s] -- Up-to-date: /home/zaynap/ROS-starter-tutorial/ROS2_demo_ws/install/robot_info_system_msg/include/robot_info_system_msg/robot_info_system_msg/msg/detail
[3.647s] -- Up-to-date: /home/zaynap/ROS-starter-tutorial/ROS2_demo_ws/install/robot_info_system_msg/include/robot_info_system_msg/robot_info_system_msg/msg/detail/robot_status__rosidl_typesupport_fastrtps_cpp.hpp
[3.647s] -- Up-to-date: /home/zaynap/ROS-starter-tutorial/ROS2_demo_ws/install/robot_info_system_msg/include/robot_info_system_msg/robot_info_system_msg/msg/detail/dds_fastrtps
[3.647s] -- Up-to-date: /home/zaynap/ROS-starter-tutorial/ROS2_demo_ws/install/robot_info_system_msg/include/robot_info_system_msg/robot_info_system_msg/msg/rosidl_typesupport_fastrtps_cpp__visibility_control.h
[3.647s] -- Up-to-date: /home/zaynap/ROS-starter-tutorial/ROS2_demo_ws/install/robot_info_system_msg/lib/librobot_info_system_msg__rosidl_typesupport_fastrtps_cpp.so
[3.647s] -- Up-to-date: /home/zaynap/ROS-starter-tutorial/ROS2_demo_ws/install/robot_info_system_msg/include/robot_info_system_msg/robot_info_system_msg
[3.647s] -- Up-to-date: /home/zaynap/ROS-starter-tutorial/ROS2_demo_ws/install/robot_info_system_msg/include/robot_info_system_msg/robot_info_system_msg/msg
[3.647s] -- Up-to-date: /home/zaynap/ROS-starter-tutorial/ROS2_demo_ws/install/robot_info_system_msg/include/robot_info_system_msg/robot_info_system_msg/msg/detail
[3.647s] -- Up-to-date: /home/zaynap/ROS-starter-tutorial/ROS2_demo_ws/install/robot_info_system_msg/include/robot_info_system_msg/robot_info_system_msg/msg/detail/robot_status__type_support.cpp
[3.647s] -- Up-to-date: /home/zaynap/ROS-starter-tutorial/ROS2_demo_ws/install/robot_info_system_msg/include/robot_info_system_msg/robot_info_system_msg/msg/detail/robot_status__rosidl_typesupport_introspection_cpp.hpp
[3.647s] -- Up-to-date: /home/zaynap/ROS-starter-tutorial/ROS2_demo_ws/install/robot_info_system_msg/lib/librobot_info_system_msg__rosidl_typesupport_introspection_cpp.so
[3.648s] -- Up-to-date: /home/zaynap/ROS-starter-tutorial/ROS2_demo_ws/install/robot_info_system_msg/lib/librobot_info_system_msg__rosidl_typesupport_cpp.so
[3.648s] -- Up-to-date: /home/zaynap/ROS-starter-tutorial/ROS2_demo_ws/install/robot_info_system_msg/share/robot_info_system_msg/environment/pythonpath.sh
[3.648s] -- Installing: /home/zaynap/ROS-starter-tutorial/ROS2_demo_ws/install/robot_info_system_msg/share/robot_info_system_msg/environment/pythonpath.dsv
[3.648s] -- Up-to-date: /home/zaynap/ROS-starter-tutorial/ROS2_demo_ws/install/robot_info_system_msg/local/lib/python3.10/dist-packages/robot_info_system_msg-0.0.0-py3.10.egg-info
[3.648s] -- Installing: /home/zaynap/ROS-starter-tutorial/ROS2_demo_ws/install/robot_info_system_msg/local/lib/python3.10/dist-packages/robot_info_system_msg-0.0.0-py3.10.egg-info/top_level.txt
[3.648s] -- Installing: /home/zaynap/ROS-starter-tutorial/ROS2_demo_ws/install/robot_info_system_msg/local/lib/python3.10/dist-packages/robot_info_system_msg-0.0.0-py3.10.egg-info/PKG-INFO
[3.648s] -- Installing: /home/zaynap/ROS-starter-tutorial/ROS2_demo_ws/install/robot_info_system_msg/local/lib/python3.10/dist-packages/robot_info_system_msg-0.0.0-py3.10.egg-info/SOURCES.txt
[3.648s] -- Installing: /home/zaynap/ROS-starter-tutorial/ROS2_demo_ws/install/robot_info_system_msg/local/lib/python3.10/dist-packages/robot_info_system_msg-0.0.0-py3.10.egg-info/dependency_links.txt
[3.648s] -- Up-to-date: /home/zaynap/ROS-starter-tutorial/ROS2_demo_ws/install/robot_info_system_msg/local/lib/python3.10/dist-packages/robot_info_system_msg
[3.648s] -- Up-to-date: /home/zaynap/ROS-starter-tutorial/ROS2_demo_ws/install/robot_info_system_msg/local/lib/python3.10/dist-packages/robot_info_system_msg/librobot_info_system_msg__rosidl_generator_py.so
[3.649s] -- Installing: /home/zaynap/ROS-starter-tutorial/ROS2_demo_ws/install/robot_info_system_msg/local/lib/python3.10/dist-packages/robot_info_system_msg/__init__.py
[3.649s] -- Up-to-date: /home/zaynap/ROS-starter-tutorial/ROS2_demo_ws/install/robot_info_system_msg/local/lib/python3.10/dist-packages/robot_info_system_msg/robot_info_system_msg_s__rosidl_typesupport_fastrtps_c.cpython-310-x86_64-linux-gnu.so
[3.649s] -- Up-to-date: /home/zaynap/ROS-starter-tutorial/ROS2_demo_ws/install/robot_info_system_msg/local/lib/python3.10/dist-packages/robot_info_system_msg/robot_info_system_msg_s__rosidl_typesupport_introspection_c.cpython-310-x86_64-linux-gnu.so
[3.649s] -- Up-to-date: /home/zaynap/ROS-starter-tutorial/ROS2_demo_ws/install/robot_info_system_msg/local/lib/python3.10/dist-packages/robot_info_system_msg/robot_info_system_msg_s__rosidl_typesupport_c.cpython-310-x86_64-linux-gnu.so
[3.649s] -- Up-to-date: /home/zaynap/ROS-starter-tutorial/ROS2_demo_ws/install/robot_info_system_msg/local/lib/python3.10/dist-packages/robot_info_system_msg/msg
[3.649s] -- Up-to-date: /home/zaynap/ROS-starter-tutorial/ROS2_demo_ws/install/robot_info_system_msg/local/lib/python3.10/dist-packages/robot_info_system_msg/msg/__init__.py
[3.649s] -- Up-to-date: /home/zaynap/ROS-starter-tutorial/ROS2_demo_ws/install/robot_info_system_msg/local/lib/python3.10/dist-packages/robot_info_system_msg/msg/_robot_status_s.c
[3.649s] -- Up-to-date: /home/zaynap/ROS-starter-tutorial/ROS2_demo_ws/install/robot_info_system_msg/local/lib/python3.10/dist-packages/robot_info_system_msg/msg/_robot_status.py
[3.649s] -- Up-to-date: /home/zaynap/ROS-starter-tutorial/ROS2_demo_ws/install/robot_info_system_msg/local/lib/python3.10/dist-packages/robot_info_system_msg/_robot_info_system_msg_s.ep.rosidl_typesupport_c.c
[3.649s] -- Up-to-date: /home/zaynap/ROS-starter-tutorial/ROS2_demo_ws/install/robot_info_system_msg/local/lib/python3.10/dist-packages/robot_info_system_msg/_robot_info_system_msg_s.ep.rosidl_typesupport_fastrtps_c.c
[3.649s] -- Up-to-date: /home/zaynap/ROS-starter-tutorial/ROS2_demo_ws/install/robot_info_system_msg/local/lib/python3.10/dist-packages/robot_info_system_msg/_robot_info_system_msg_s.ep.rosidl_typesupport_introspection_c.c
[3.694s] Listing '/home/zaynap/ROS-starter-tutorial/ROS2_demo_ws/install/robot_info_system_msg/local/lib/python3.10/dist-packages/robot_info_system_msg'...
[3.694s] Compiling '/home/zaynap/ROS-starter-tutorial/ROS2_demo_ws/install/robot_info_system_msg/local/lib/python3.10/dist-packages/robot_info_system_msg/__init__.py'...
[3.694s] Listing '/home/zaynap/ROS-starter-tutorial/ROS2_demo_ws/install/robot_info_system_msg/local/lib/python3.10/dist-packages/robot_info_system_msg/msg'...
[3.699s] -- Up-to-date: /home/zaynap/ROS-starter-tutorial/ROS2_demo_ws/install/robot_info_system_msg/local/lib/python3.10/dist-packages/robot_info_system_msg/robot_info_system_msg_s__rosidl_typesupport_fastrtps_c.cpython-310-x86_64-linux-gnu.so
[3.699s] -- Up-to-date: /home/zaynap/ROS-starter-tutorial/ROS2_demo_ws/install/robot_info_system_msg/local/lib/python3.10/dist-packages/robot_info_system_msg/robot_info_system_msg_s__rosidl_typesupport_introspection_c.cpython-310-x86_64-linux-gnu.so
[3.699s] -- Up-to-date: /home/zaynap/ROS-starter-tutorial/ROS2_demo_ws/install/robot_info_system_msg/local/lib/python3.10/dist-packages/robot_info_system_msg/robot_info_system_msg_s__rosidl_typesupport_c.cpython-310-x86_64-linux-gnu.so
[3.700s] -- Up-to-date: /home/zaynap/ROS-starter-tutorial/ROS2_demo_ws/install/robot_info_system_msg/lib/librobot_info_system_msg__rosidl_generator_py.so
[3.700s] -- Up-to-date: /home/zaynap/ROS-starter-tutorial/ROS2_demo_ws/install/robot_info_system_msg/share/robot_info_system_msg/msg/RobotStatus.idl
[3.700s] -- Installing: /home/zaynap/ROS-starter-tutorial/ROS2_demo_ws/install/robot_info_system_msg/share/robot_info_system_msg/msg/RobotStatus.msg
[3.700s] -- Up-to-date: /home/zaynap/ROS-starter-tutorial/ROS2_demo_ws/install/robot_info_system_msg/share/ament_index/resource_index/package_run_dependencies/robot_info_system_msg
[3.700s] -- Installing: /home/zaynap/ROS-starter-tutorial/ROS2_demo_ws/install/robot_info_system_msg/share/ament_index/resource_index/parent_prefix_path/robot_info_system_msg
[3.700s] -- Up-to-date: /home/zaynap/ROS-starter-tutorial/ROS2_demo_ws/install/robot_info_system_msg/share/robot_info_system_msg/environment/ament_prefix_path.sh
[3.700s] -- Installing: /home/zaynap/ROS-starter-tutorial/ROS2_demo_ws/install/robot_info_system_msg/share/robot_info_system_msg/environment/ament_prefix_path.dsv
[3.700s] -- Up-to-date: /home/zaynap/ROS-starter-tutorial/ROS2_demo_ws/install/robot_info_system_msg/share/robot_info_system_msg/environment/path.sh
[3.701s] -- Installing: /home/zaynap/ROS-starter-tutorial/ROS2_demo_ws/install/robot_info_system_msg/share/robot_info_system_msg/environment/path.dsv
[3.701s] -- Up-to-date: /home/zaynap/ROS-starter-tutorial/ROS2_demo_ws/install/robot_info_system_msg/share/robot_info_system_msg/local_setup.bash
[3.701s] -- Up-to-date: /home/zaynap/ROS-starter-tutorial/ROS2_demo_ws/install/robot_info_system_msg/share/robot_info_system_msg/local_setup.sh
[3.701s] -- Up-to-date: /home/zaynap/ROS-starter-tutorial/ROS2_demo_ws/install/robot_info_system_msg/share/robot_info_system_msg/local_setup.zsh
[3.701s] -- Installing: /home/zaynap/ROS-starter-tutorial/ROS2_demo_ws/install/robot_info_system_msg/share/robot_info_system_msg/local_setup.dsv
[3.701s] -- Installing: /home/zaynap/ROS-starter-tutorial/ROS2_demo_ws/install/robot_info_system_msg/share/robot_info_system_msg/package.dsv
[3.701s] -- Up-to-date: /home/zaynap/ROS-starter-tutorial/ROS2_demo_ws/install/robot_info_system_msg/share/ament_index/resource_index/packages/robot_info_system_msg
[3.701s] -- Up-to-date: /home/zaynap/ROS-starter-tutorial/ROS2_demo_ws/install/robot_info_system_msg/share/robot_info_system_msg/cmake/export_robot_info_system_msg__rosidl_generator_cExport.cmake
[3.701s] -- Up-to-date: /home/zaynap/ROS-starter-tutorial/ROS2_demo_ws/install/robot_info_system_msg/share/robot_info_system_msg/cmake/export_robot_info_system_msg__rosidl_generator_cExport-noconfig.cmake
[3.701s] -- Up-to-date: /home/zaynap/ROS-starter-tutorial/ROS2_demo_ws/install/robot_info_system_msg/share/robot_info_system_msg/cmake/export_robot_info_system_msg__rosidl_typesupport_fastrtps_cExport.cmake
[3.701s] -- Up-to-date: /home/zaynap/ROS-starter-tutorial/ROS2_demo_ws/install/robot_info_system_msg/share/robot_info_system_msg/cmake/export_robot_info_system_msg__rosidl_typesupport_fastrtps_cExport-noconfig.cmake
[3.702s] -- Up-to-date: /home/zaynap/ROS-starter-tutorial/ROS2_demo_ws/install/robot_info_system_msg/share/robot_info_system_msg/cmake/robot_info_system_msg__rosidl_typesupport_introspection_cExport.cmake
[3.702s] -- Up-to-date: /home/zaynap/ROS-starter-tutorial/ROS2_demo_ws/install/robot_info_system_msg/share/robot_info_system_msg/cmake/robot_info_system_msg__rosidl_typesupport_introspection_cExport-noconfig.cmake
[3.702s] -- Up-to-date: /home/zaynap/ROS-starter-tutorial/ROS2_demo_ws/install/robot_info_system_msg/share/robot_info_system_msg/cmake/robot_info_system_msg__rosidl_typesupport_cExport.cmake
[3.702s] -- Up-to-date: /home/zaynap/ROS-starter-tutorial/ROS2_demo_ws/install/robot_info_system_msg/share/robot_info_system_msg/cmake/robot_info_system_msg__rosidl_typesupport_cExport-noconfig.cmake
[3.702s] -- Up-to-date: /home/zaynap/ROS-starter-tutorial/ROS2_demo_ws/install/robot_info_system_msg/share/robot_info_system_msg/cmake/export_robot_info_system_msg__rosidl_generator_cppExport.cmake
[3.702s] -- Up-to-date: /home/zaynap/ROS-starter-tutorial/ROS2_demo_ws/install/robot_info_system_msg/share/robot_info_system_msg/cmake/export_robot_info_system_msg__rosidl_typesupport_fastrtps_cppExport.cmake
[3.702s] -- Up-to-date: /home/zaynap/ROS-starter-tutorial/ROS2_demo_ws/install/robot_info_system_msg/share/robot_info_system_msg/cmake/export_robot_info_system_msg__rosidl_typesupport_fastrtps_cppExport-noconfig.cmake
[3.702s] -- Up-to-date: /home/zaynap/ROS-starter-tutorial/ROS2_demo_ws/install/robot_info_system_msg/share/robot_info_system_msg/cmake/robot_info_system_msg__rosidl_typesupport_introspection_cppExport.cmake
[3.702s] -- Up-to-date: /home/zaynap/ROS-starter-tutorial/ROS2_demo_ws/install/robot_info_system_msg/share/robot_info_system_msg/cmake/robot_info_system_msg__rosidl_typesupport_introspection_cppExport-noconfig.cmake
[3.702s] -- Up-to-date: /home/zaynap/ROS-starter-tutorial/ROS2_demo_ws/install/robot_info_system_msg/share/robot_info_system_msg/cmake/robot_info_system_msg__rosidl_typesupport_cppExport.cmake
[3.703s] -- Up-to-date: /home/zaynap/ROS-starter-tutorial/ROS2_demo_ws/install/robot_info_system_msg/share/robot_info_system_msg/cmake/robot_info_system_msg__rosidl_typesupport_cppExport-noconfig.cmake
[3.703s] -- Up-to-date: /home/zaynap/ROS-starter-tutorial/ROS2_demo_ws/install/robot_info_system_msg/share/robot_info_system_msg/cmake/export_robot_info_system_msg__rosidl_generator_pyExport.cmake
[3.703s] -- Up-to-date: /home/zaynap/ROS-starter-tutorial/ROS2_demo_ws/install/robot_info_system_msg/share/robot_info_system_msg/cmake/export_robot_info_system_msg__rosidl_generator_pyExport-noconfig.cmake
[3.703s] -- Up-to-date: /home/zaynap/ROS-starter-tutorial/ROS2_demo_ws/install/robot_info_system_msg/share/robot_info_system_msg/cmake/rosidl_cmake-extras.cmake
[3.703s] -- Up-to-date: /home/zaynap/ROS-starter-tutorial/ROS2_demo_ws/install/robot_info_system_msg/share/robot_info_system_msg/cmake/ament_cmake_export_dependencies-extras.cmake
[3.703s] -- Up-to-date: /home/zaynap/ROS-starter-tutorial/ROS2_demo_ws/install/robot_info_system_msg/share/robot_info_system_msg/cmake/ament_cmake_export_include_directories-extras.cmake
[3.703s] -- Up-to-date: /home/zaynap/ROS-starter-tutorial/ROS2_demo_ws/install/robot_info_system_msg/share/robot_info_system_msg/cmake/ament_cmake_export_libraries-extras.cmake
[3.703s] -- Up-to-date: /home/zaynap/ROS-starter-tutorial/ROS2_demo_ws/install/robot_info_system_msg/share/robot_info_system_msg/cmake/ament_cmake_export_targets-extras.cmake
[3.703s] -- Up-to-date: /home/zaynap/ROS-starter-tutorial/ROS2_demo_ws/install/robot_info_system_msg/share/robot_info_system_msg/cmake/rosidl_cmake_export_typesupport_targets-extras.cmake
[3.703s] -- Up-to-date: /home/zaynap/ROS-starter-tutorial/ROS2_demo_ws/install/robot_info_system_msg/share/robot_info_system_msg/cmake/rosidl_cmake_export_typesupport_libraries-extras.cmake
[3.703s] -- Up-to-date: /home/zaynap/ROS-starter-tutorial/ROS2_demo_ws/install/robot_info_system_msg/share/robot_info_system_msg/cmake/robot_info_system_msgConfig.cmake
[3.703s] -- Up-to-date: /home/zaynap/ROS-starter-tutorial/ROS2_demo_ws/install/robot_info_system_msg/share/robot_info_system_msg/cmake/robot_info_system_msgConfig-version.cmake
[3.703s] -- Up-to-date: /home/zaynap/ROS-starter-tutorial/ROS2_demo_ws/install/robot_info_system_msg/share/robot_info_system_msg/package.xml
[3.705s] Invoked command in '/home/zaynap/ROS-starter-tutorial/ROS2_demo_ws/build/robot_info_system_msg' returned '0': CMAKE_PREFIX_PATH=/opt/ros/humble /usr/bin/cmake --install /home/zaynap/ROS-starter-tutorial/ROS2_demo_ws/build/robot_info_system_msg
