[0.822s] Invoking command in '/home/zaynap/ROS-starter-tutorial/ROS2_demo_ws/src/robot_info_system2': CMAKE_PREFIX_PATH=/home/zaynap/ROS-starter-tutorial/ROS2_demo_ws/install/robot_info_system_msg:/home/zaynap/ROS-starter-tutorial/ROS2_demo_ws/install/turtle_package PYTHONPATH=/home/zaynap/ROS-starter-tutorial/ROS2_demo_ws/build/robot_info_system2/prefix_override:/usr/lib/python3/dist-packages/colcon_core/task/python/colcon_distutils_commands:/home/zaynap/ROS-starter-tutorial/ROS2_demo_ws/install/robot_info_system2/lib/python3.10/site-packages:${PYTHONPATH} /usr/bin/python3 -W ignore:setup.py install is deprecated setup.py egg_info --egg-base ../../build/robot_info_system2 build --build-base /home/zaynap/ROS-starter-tutorial/ROS2_demo_ws/build/robot_info_system2/build install --record /home/zaynap/ROS-starter-tutorial/ROS2_demo_ws/build/robot_info_system2/install.log --single-version-externally-managed install_data
[0.987s] /home/zaynap/.local/lib/python3.10/site-packages/setuptools/_distutils/dist.py:270: UserWarning: Unknown distribution option: 'tests_require'
[0.987s]   warnings.warn(msg)
[1.117s] running egg_info
[1.138s] writing ../../build/robot_info_system2/robot_info_system2.egg-info/PKG-INFO
[1.139s] writing dependency_links to ../../build/robot_info_system2/robot_info_system2.egg-info/dependency_links.txt
[1.139s] writing entry points to ../../build/robot_info_system2/robot_info_system2.egg-info/entry_points.txt
[1.139s] writing requirements to ../../build/robot_info_system2/robot_info_system2.egg-info/requires.txt
[1.139s] writing top-level names to ../../build/robot_info_system2/robot_info_system2.egg-info/top_level.txt
[1.185s] reading manifest file '../../build/robot_info_system2/robot_info_system2.egg-info/SOURCES.txt'
[1.187s] writing manifest file '../../build/robot_info_system2/robot_info_system2.egg-info/SOURCES.txt'
[1.187s] running build
[1.187s] running build_py
[1.187s] copying robot_info_system2/robot_monitor.py -> /home/zaynap/ROS-starter-tutorial/ROS2_demo_ws/build/robot_info_system2/build/lib/robot_info_system2
[1.188s] copying robot_info_system2/__init__.py -> /home/zaynap/ROS-starter-tutorial/ROS2_demo_ws/build/robot_info_system2/build/lib/robot_info_system2
[1.188s] copying robot_info_system2/robot_state_publisher.py -> /home/zaynap/ROS-starter-tutorial/ROS2_demo_ws/build/robot_info_system2/build/lib/robot_info_system2
[1.188s] running install
[1.197s] running install_lib
[1.218s] copying /home/zaynap/ROS-starter-tutorial/ROS2_demo_ws/build/robot_info_system2/build/lib/robot_info_system2/robot_monitor.py -> /home/zaynap/ROS-starter-tutorial/ROS2_demo_ws/install/robot_info_system2/lib/python3.10/site-packages/robot_info_system2
[1.219s] byte-compiling /home/zaynap/ROS-starter-tutorial/ROS2_demo_ws/install/robot_info_system2/lib/python3.10/site-packages/robot_info_system2/robot_monitor.py to robot_monitor.cpython-310.pyc
[1.220s] running install_data
[1.220s] copying resource/robot_info_system2 -> /home/zaynap/ROS-starter-tutorial/ROS2_demo_ws/install/robot_info_system2/share/ament_index/resource_index/packages
[1.221s] copying package.xml -> /home/zaynap/ROS-starter-tutorial/ROS2_demo_ws/install/robot_info_system2/share/robot_info_system2
[1.221s] copying launch/launch.py -> /home/zaynap/ROS-starter-tutorial/ROS2_demo_ws/install/robot_info_system2/share/robot_info_system2/launch
[1.221s] running install_egg_info
[1.246s] removing '/home/zaynap/ROS-starter-tutorial/ROS2_demo_ws/install/robot_info_system2/lib/python3.10/site-packages/robot_info_system2-0.0.0-py3.10.egg-info' (and everything under it)
[1.246s] Copying ../../build/robot_info_system2/robot_info_system2.egg-info to /home/zaynap/ROS-starter-tutorial/ROS2_demo_ws/install/robot_info_system2/lib/python3.10/site-packages/robot_info_system2-0.0.0-py3.10.egg-info
[1.247s] running install_scripts
[1.417s] Installing robot_monitor script to /home/zaynap/ROS-starter-tutorial/ROS2_demo_ws/install/robot_info_system2/lib/robot_info_system2
[1.417s] Installing robot_state_publisher script to /home/zaynap/ROS-starter-tutorial/ROS2_demo_ws/install/robot_info_system2/lib/robot_info_system2
[1.418s] writing list of installed files to '/home/zaynap/ROS-starter-tutorial/ROS2_demo_ws/build/robot_info_system2/install.log'
[1.457s] Invoked command in '/home/zaynap/ROS-starter-tutorial/ROS2_demo_ws/src/robot_info_system2' returned '0': CMAKE_PREFIX_PATH=/home/zaynap/ROS-starter-tutorial/ROS2_demo_ws/install/robot_info_system_msg:/home/zaynap/ROS-starter-tutorial/ROS2_demo_ws/install/turtle_package PYTHONPATH=/home/zaynap/ROS-starter-tutorial/ROS2_demo_ws/build/robot_info_system2/prefix_override:/usr/lib/python3/dist-packages/colcon_core/task/python/colcon_distutils_commands:/home/zaynap/ROS-starter-tutorial/ROS2_demo_ws/install/robot_info_system2/lib/python3.10/site-packages:${PYTHONPATH} /usr/bin/python3 -W ignore:setup.py install is deprecated setup.py egg_info --egg-base ../../build/robot_info_system2 build --build-base /home/zaynap/ROS-starter-tutorial/ROS2_demo_ws/build/robot_info_system2/build install --record /home/zaynap/ROS-starter-tutorial/ROS2_demo_ws/build/robot_info_system2/install.log --single-version-externally-managed install_data
