[0.689s] Invoking command in '/home/zaynap/ROS-starter-tutorial/ROS2_demo_ws/build/robot_info_system': PYTHONPATH=/home/zaynap/ROS-starter-tutorial/ROS2_demo_ws/build/robot_info_system/prefix_override:/usr/lib/python3/dist-packages/colcon_core/task/python/colcon_distutils_commands:/home/zaynap/ROS-starter-tutorial/ROS2_demo_ws/install/robot_info_system/lib/python3.10/site-packages:${PYTHONPATH} /usr/bin/python3 -W ignore:setup.py install is deprecated setup.py develop --editable --build-directory /home/zaynap/ROS-starter-tutorial/ROS2_demo_ws/build/robot_info_system/build --no-deps symlink_data
[0.979s] running develop
[0.979s] /usr/lib/python3/dist-packages/setuptools/command/easy_install.py:158: EasyInstallDeprecationWarning: easy_install command is deprecated. Use build and pip and other standards-based tools.
[0.979s]   warnings.warn(
[1.215s] running egg_info
[1.216s] writing robot_info_system.egg-info/PKG-INFO
[1.216s] writing dependency_links to robot_info_system.egg-info/dependency_links.txt
[1.216s] writing entry points to robot_info_system.egg-info/entry_points.txt
[1.216s] writing requirements to robot_info_system.egg-info/requires.txt
[1.216s] writing top-level names to robot_info_system.egg-info/top_level.txt
[1.218s] reading manifest file 'robot_info_system.egg-info/SOURCES.txt'
[1.218s] writing manifest file 'robot_info_system.egg-info/SOURCES.txt'
[1.220s] running build_ext
[1.220s] Creating /home/zaynap/ROS-starter-tutorial/ROS2_demo_ws/install/robot_info_system/lib/python3.10/site-packages/robot-info-system.egg-link (link to .)
[1.221s] Installing robot_monitor script to /home/zaynap/ROS-starter-tutorial/ROS2_demo_ws/install/robot_info_system/lib/robot_info_system
[1.221s] Installing robot_state_publisher script to /home/zaynap/ROS-starter-tutorial/ROS2_demo_ws/install/robot_info_system/lib/robot_info_system
[1.221s] 
[1.221s] Installed /home/zaynap/ROS-starter-tutorial/ROS2_demo_ws/build/robot_info_system
[1.221s] running symlink_data
[1.221s] error: can't copy '/home/zaynap/ROS-starter-tutorial/ROS2_demo_ws/build/robot_info_system/launch/robot_system.py': doesn't exist or not a regular file
[1.248s] Invoked command in '/home/zaynap/ROS-starter-tutorial/ROS2_demo_ws/build/robot_info_system' returned '1': PYTHONPATH=/home/zaynap/ROS-starter-tutorial/ROS2_demo_ws/build/robot_info_system/prefix_override:/usr/lib/python3/dist-packages/colcon_core/task/python/colcon_distutils_commands:/home/zaynap/ROS-starter-tutorial/ROS2_demo_ws/install/robot_info_system/lib/python3.10/site-packages:${PYTHONPATH} /usr/bin/python3 -W ignore:setup.py install is deprecated setup.py develop --editable --build-directory /home/zaynap/ROS-starter-tutorial/ROS2_demo_ws/build/robot_info_system/build --no-deps symlink_data
