[  3%] Built target robot_info_system_msg__cpp
[ 12%] Built target robot_info_system_msg__rosidl_generator_c
[ 12%] Built target ament_cmake_python_copy_robot_info_system_msg
[ 22%] Built target robot_info_system_msg__rosidl_typesupport_fastrtps_cpp
[ 32%] Built target robot_info_system_msg__rosidl_typesupport_introspection_cpp
[ 41%] Built target robot_info_system_msg__rosidl_typesupport_cpp
[ 51%] Built target robot_info_system_msg__rosidl_typesupport_c
[ 61%] Built target robot_info_system_msg__rosidl_typesupport_fastrtps_c
[ 70%] Built target robot_info_system_msg__rosidl_typesupport_introspection_c
[ 70%] Built target robot_info_system_msg
[ 74%] Built target robot_info_system_msg__py
[ 80%] Built target robot_info_system_msg__rosidl_generator_py
[ 87%] Built target robot_info_system_msg__rosidl_typesupport_fastrtps_c__pyext
[ 93%] Built target robot_info_system_msg__rosidl_typesupport_introspection_c__pyext
[100%] Built target robot_info_system_msg__rosidl_typesupport_c__pyext
running egg_info
writing robot_info_system_msg.egg-info/PKG-INFO
writing dependency_links to robot_info_system_msg.egg-info/dependency_links.txt
writing top-level names to robot_info_system_msg.egg-info/top_level.txt
reading manifest file 'robot_info_system_msg.egg-info/SOURCES.txt'
writing manifest file 'robot_info_system_msg.egg-info/SOURCES.txt'
[100%] Built target ament_cmake_python_build_robot_info_system_msg_egg
-- Install configuration: ""
-- Up-to-date: /home/zaynap/ROS-starter-tutorial/ROS2_demo_ws/install/robot_info_system_msg/share/ament_index/resource_index/rosidl_interfaces/robot_info_system_msg
-- Up-to-date: /home/zaynap/ROS-starter-tutorial/ROS2_demo_ws/install/robot_info_system_msg/include/robot_info_system_msg/robot_info_system_msg
-- Up-to-date: /home/zaynap/ROS-starter-tutorial/ROS2_demo_ws/install/robot_info_system_msg/include/robot_info_system_msg/robot_info_system_msg/msg
-- Up-to-date: /home/zaynap/ROS-starter-tutorial/ROS2_demo_ws/install/robot_info_system_msg/include/robot_info_system_msg/robot_info_system_msg/msg/rosidl_generator_c__visibility_control.h
-- Up-to-date: /home/zaynap/ROS-starter-tutorial/ROS2_demo_ws/install/robot_info_system_msg/include/robot_info_system_msg/robot_info_system_msg/msg/robot_status.h
-- Up-to-date: /home/zaynap/ROS-starter-tutorial/ROS2_demo_ws/install/robot_info_system_msg/include/robot_info_system_msg/robot_info_system_msg/msg/detail
-- Up-to-date: /home/zaynap/ROS-starter-tutorial/ROS2_demo_ws/install/robot_info_system_msg/include/robot_info_system_msg/robot_info_system_msg/msg/detail/robot_status__type_support.h
-- Up-to-date: /home/zaynap/ROS-starter-tutorial/ROS2_demo_ws/install/robot_info_system_msg/include/robot_info_system_msg/robot_info_system_msg/msg/detail/robot_status__struct.h
-- Up-to-date: /home/zaynap/ROS-starter-tutorial/ROS2_demo_ws/install/robot_info_system_msg/include/robot_info_system_msg/robot_info_system_msg/msg/detail/robot_status__functions.h
-- Up-to-date: /home/zaynap/ROS-starter-tutorial/ROS2_demo_ws/install/robot_info_system_msg/include/robot_info_system_msg/robot_info_system_msg/msg/detail/robot_status__functions.c
-- Up-to-date: /home/zaynap/ROS-starter-tutorial/ROS2_demo_ws/install/robot_info_system_msg/share/robot_info_system_msg/environment/library_path.sh
-- Up-to-date: /home/zaynap/ROS-starter-tutorial/ROS2_demo_ws/install/robot_info_system_msg/share/robot_info_system_msg/environment/library_path.dsv
-- Up-to-date: /home/zaynap/ROS-starter-tutorial/ROS2_demo_ws/install/robot_info_system_msg/lib/librobot_info_system_msg__rosidl_generator_c.so
-- Up-to-date: /home/zaynap/ROS-starter-tutorial/ROS2_demo_ws/install/robot_info_system_msg/include/robot_info_system_msg/robot_info_system_msg
-- Up-to-date: /home/zaynap/ROS-starter-tutorial/ROS2_demo_ws/install/robot_info_system_msg/include/robot_info_system_msg/robot_info_system_msg/msg
-- Up-to-date: /home/zaynap/ROS-starter-tutorial/ROS2_demo_ws/install/robot_info_system_msg/include/robot_info_system_msg/robot_info_system_msg/msg/detail
-- Up-to-date: /home/zaynap/ROS-starter-tutorial/ROS2_demo_ws/install/robot_info_system_msg/include/robot_info_system_msg/robot_info_system_msg/msg/detail/robot_status__rosidl_typesupport_fastrtps_c.h
-- Up-to-date: /home/zaynap/ROS-starter-tutorial/ROS2_demo_ws/install/robot_info_system_msg/include/robot_info_system_msg/robot_info_system_msg/msg/rosidl_typesupport_fastrtps_c__visibility_control.h
-- Up-to-date: /home/zaynap/ROS-starter-tutorial/ROS2_demo_ws/install/robot_info_system_msg/lib/librobot_info_system_msg__rosidl_typesupport_fastrtps_c.so
-- Up-to-date: /home/zaynap/ROS-starter-tutorial/ROS2_demo_ws/install/robot_info_system_msg/include/robot_info_system_msg/robot_info_system_msg
-- Up-to-date: /home/zaynap/ROS-starter-tutorial/ROS2_demo_ws/install/robot_info_system_msg/include/robot_info_system_msg/robot_info_system_msg/msg
-- Up-to-date: /home/zaynap/ROS-starter-tutorial/ROS2_demo_ws/install/robot_info_system_msg/include/robot_info_system_msg/robot_info_system_msg/msg/rosidl_typesupport_introspection_c__visibility_control.h
-- Up-to-date: /home/zaynap/ROS-starter-tutorial/ROS2_demo_ws/install/robot_info_system_msg/include/robot_info_system_msg/robot_info_system_msg/msg/detail
-- Up-to-date: /home/zaynap/ROS-starter-tutorial/ROS2_demo_ws/install/robot_info_system_msg/include/robot_info_system_msg/robot_info_system_msg/msg/detail/robot_status__rosidl_typesupport_introspection_c.h
-- Up-to-date: /home/zaynap/ROS-starter-tutorial/ROS2_demo_ws/install/robot_info_system_msg/include/robot_info_system_msg/robot_info_system_msg/msg/detail/robot_status__type_support.c
-- Up-to-date: /home/zaynap/ROS-starter-tutorial/ROS2_demo_ws/install/robot_info_system_msg/lib/librobot_info_system_msg__rosidl_typesupport_introspection_c.so
-- Up-to-date: /home/zaynap/ROS-starter-tutorial/ROS2_demo_ws/install/robot_info_system_msg/lib/librobot_info_system_msg__rosidl_typesupport_c.so
-- Up-to-date: /home/zaynap/ROS-starter-tutorial/ROS2_demo_ws/install/robot_info_system_msg/include/robot_info_system_msg/robot_info_system_msg
-- Up-to-date: /home/zaynap/ROS-starter-tutorial/ROS2_demo_ws/install/robot_info_system_msg/include/robot_info_system_msg/robot_info_system_msg/msg
-- Up-to-date: /home/zaynap/ROS-starter-tutorial/ROS2_demo_ws/install/robot_info_system_msg/include/robot_info_system_msg/robot_info_system_msg/msg/robot_status.hpp
-- Up-to-date: /home/zaynap/ROS-starter-tutorial/ROS2_demo_ws/install/robot_info_system_msg/include/robot_info_system_msg/robot_info_system_msg/msg/detail
-- Up-to-date: /home/zaynap/ROS-starter-tutorial/ROS2_demo_ws/install/robot_info_system_msg/include/robot_info_system_msg/robot_info_system_msg/msg/detail/robot_status__traits.hpp
-- Up-to-date: /home/zaynap/ROS-starter-tutorial/ROS2_demo_ws/install/robot_info_system_msg/include/robot_info_system_msg/robot_info_system_msg/msg/detail/robot_status__struct.hpp
-- Up-to-date: /home/zaynap/ROS-starter-tutorial/ROS2_demo_ws/install/robot_info_system_msg/include/robot_info_system_msg/robot_info_system_msg/msg/detail/robot_status__builder.hpp
-- Up-to-date: /home/zaynap/ROS-starter-tutorial/ROS2_demo_ws/install/robot_info_system_msg/include/robot_info_system_msg/robot_info_system_msg
-- Up-to-date: /home/zaynap/ROS-starter-tutorial/ROS2_demo_ws/install/robot_info_system_msg/include/robot_info_system_msg/robot_info_system_msg/msg
-- Up-to-date: /home/zaynap/ROS-starter-tutorial/ROS2_demo_ws/install/robot_info_system_msg/include/robot_info_system_msg/robot_info_system_msg/msg/detail
-- Up-to-date: /home/zaynap/ROS-starter-tutorial/ROS2_demo_ws/install/robot_info_system_msg/include/robot_info_system_msg/robot_info_system_msg/msg/detail/robot_status__rosidl_typesupport_fastrtps_cpp.hpp
-- Up-to-date: /home/zaynap/ROS-starter-tutorial/ROS2_demo_ws/install/robot_info_system_msg/include/robot_info_system_msg/robot_info_system_msg/msg/detail/dds_fastrtps
-- Up-to-date: /home/zaynap/ROS-starter-tutorial/ROS2_demo_ws/install/robot_info_system_msg/include/robot_info_system_msg/robot_info_system_msg/msg/rosidl_typesupport_fastrtps_cpp__visibility_control.h
-- Up-to-date: /home/zaynap/ROS-starter-tutorial/ROS2_demo_ws/install/robot_info_system_msg/lib/librobot_info_system_msg__rosidl_typesupport_fastrtps_cpp.so
-- Up-to-date: /home/zaynap/ROS-starter-tutorial/ROS2_demo_ws/install/robot_info_system_msg/include/robot_info_system_msg/robot_info_system_msg
-- Up-to-date: /home/zaynap/ROS-starter-tutorial/ROS2_demo_ws/install/robot_info_system_msg/include/robot_info_system_msg/robot_info_system_msg/msg
-- Up-to-date: /home/zaynap/ROS-starter-tutorial/ROS2_demo_ws/install/robot_info_system_msg/include/robot_info_system_msg/robot_info_system_msg/msg/detail
-- Up-to-date: /home/zaynap/ROS-starter-tutorial/ROS2_demo_ws/install/robot_info_system_msg/include/robot_info_system_msg/robot_info_system_msg/msg/detail/robot_status__type_support.cpp
-- Up-to-date: /home/zaynap/ROS-starter-tutorial/ROS2_demo_ws/install/robot_info_system_msg/include/robot_info_system_msg/robot_info_system_msg/msg/detail/robot_status__rosidl_typesupport_introspection_cpp.hpp
-- Up-to-date: /home/zaynap/ROS-starter-tutorial/ROS2_demo_ws/install/robot_info_system_msg/lib/librobot_info_system_msg__rosidl_typesupport_introspection_cpp.so
-- Up-to-date: /home/zaynap/ROS-starter-tutorial/ROS2_demo_ws/install/robot_info_system_msg/lib/librobot_info_system_msg__rosidl_typesupport_cpp.so
-- Up-to-date: /home/zaynap/ROS-starter-tutorial/ROS2_demo_ws/install/robot_info_system_msg/share/robot_info_system_msg/environment/pythonpath.sh
-- Up-to-date: /home/zaynap/ROS-starter-tutorial/ROS2_demo_ws/install/robot_info_system_msg/share/robot_info_system_msg/environment/pythonpath.dsv
-- Up-to-date: /home/zaynap/ROS-starter-tutorial/ROS2_demo_ws/install/robot_info_system_msg/local/lib/python3.10/dist-packages/robot_info_system_msg-0.0.0-py3.10.egg-info
-- Installing: /home/zaynap/ROS-starter-tutorial/ROS2_demo_ws/install/robot_info_system_msg/local/lib/python3.10/dist-packages/robot_info_system_msg-0.0.0-py3.10.egg-info/top_level.txt
-- Installing: /home/zaynap/ROS-starter-tutorial/ROS2_demo_ws/install/robot_info_system_msg/local/lib/python3.10/dist-packages/robot_info_system_msg-0.0.0-py3.10.egg-info/PKG-INFO
-- Installing: /home/zaynap/ROS-starter-tutorial/ROS2_demo_ws/install/robot_info_system_msg/local/lib/python3.10/dist-packages/robot_info_system_msg-0.0.0-py3.10.egg-info/SOURCES.txt
-- Installing: /home/zaynap/ROS-starter-tutorial/ROS2_demo_ws/install/robot_info_system_msg/local/lib/python3.10/dist-packages/robot_info_system_msg-0.0.0-py3.10.egg-info/dependency_links.txt
-- Up-to-date: /home/zaynap/ROS-starter-tutorial/ROS2_demo_ws/install/robot_info_system_msg/local/lib/python3.10/dist-packages/robot_info_system_msg
-- Up-to-date: /home/zaynap/ROS-starter-tutorial/ROS2_demo_ws/install/robot_info_system_msg/local/lib/python3.10/dist-packages/robot_info_system_msg/librobot_info_system_msg__rosidl_generator_py.so
-- Up-to-date: /home/zaynap/ROS-starter-tutorial/ROS2_demo_ws/install/robot_info_system_msg/local/lib/python3.10/dist-packages/robot_info_system_msg/__init__.py
-- Up-to-date: /home/zaynap/ROS-starter-tutorial/ROS2_demo_ws/install/robot_info_system_msg/local/lib/python3.10/dist-packages/robot_info_system_msg/robot_info_system_msg_s__rosidl_typesupport_fastrtps_c.cpython-310-x86_64-linux-gnu.so
-- Up-to-date: /home/zaynap/ROS-starter-tutorial/ROS2_demo_ws/install/robot_info_system_msg/local/lib/python3.10/dist-packages/robot_info_system_msg/robot_info_system_msg_s__rosidl_typesupport_introspection_c.cpython-310-x86_64-linux-gnu.so
-- Up-to-date: /home/zaynap/ROS-starter-tutorial/ROS2_demo_ws/install/robot_info_system_msg/local/lib/python3.10/dist-packages/robot_info_system_msg/robot_info_system_msg_s__rosidl_typesupport_c.cpython-310-x86_64-linux-gnu.so
-- Up-to-date: /home/zaynap/ROS-starter-tutorial/ROS2_demo_ws/install/robot_info_system_msg/local/lib/python3.10/dist-packages/robot_info_system_msg/msg
-- Up-to-date: /home/zaynap/ROS-starter-tutorial/ROS2_demo_ws/install/robot_info_system_msg/local/lib/python3.10/dist-packages/robot_info_system_msg/msg/__init__.py
-- Up-to-date: /home/zaynap/ROS-starter-tutorial/ROS2_demo_ws/install/robot_info_system_msg/local/lib/python3.10/dist-packages/robot_info_system_msg/msg/_robot_status_s.c
-- Up-to-date: /home/zaynap/ROS-starter-tutorial/ROS2_demo_ws/install/robot_info_system_msg/local/lib/python3.10/dist-packages/robot_info_system_msg/msg/_robot_status.py
-- Up-to-date: /home/zaynap/ROS-starter-tutorial/ROS2_demo_ws/install/robot_info_system_msg/local/lib/python3.10/dist-packages/robot_info_system_msg/_robot_info_system_msg_s.ep.rosidl_typesupport_c.c
-- Up-to-date: /home/zaynap/ROS-starter-tutorial/ROS2_demo_ws/install/robot_info_system_msg/local/lib/python3.10/dist-packages/robot_info_system_msg/_robot_info_system_msg_s.ep.rosidl_typesupport_fastrtps_c.c
-- Up-to-date: /home/zaynap/ROS-starter-tutorial/ROS2_demo_ws/install/robot_info_system_msg/local/lib/python3.10/dist-packages/robot_info_system_msg/_robot_info_system_msg_s.ep.rosidl_typesupport_introspection_c.c
Listing '/home/zaynap/ROS-starter-tutorial/ROS2_demo_ws/install/robot_info_system_msg/local/lib/python3.10/dist-packages/robot_info_system_msg'...
Listing '/home/zaynap/ROS-starter-tutorial/ROS2_demo_ws/install/robot_info_system_msg/local/lib/python3.10/dist-packages/robot_info_system_msg/msg'...
-- Up-to-date: /home/zaynap/ROS-starter-tutorial/ROS2_demo_ws/install/robot_info_system_msg/local/lib/python3.10/dist-packages/robot_info_system_msg/robot_info_system_msg_s__rosidl_typesupport_fastrtps_c.cpython-310-x86_64-linux-gnu.so
-- Up-to-date: /home/zaynap/ROS-starter-tutorial/ROS2_demo_ws/install/robot_info_system_msg/local/lib/python3.10/dist-packages/robot_info_system_msg/robot_info_system_msg_s__rosidl_typesupport_introspection_c.cpython-310-x86_64-linux-gnu.so
-- Up-to-date: /home/zaynap/ROS-starter-tutorial/ROS2_demo_ws/install/robot_info_system_msg/local/lib/python3.10/dist-packages/robot_info_system_msg/robot_info_system_msg_s__rosidl_typesupport_c.cpython-310-x86_64-linux-gnu.so
-- Up-to-date: /home/zaynap/ROS-starter-tutorial/ROS2_demo_ws/install/robot_info_system_msg/lib/librobot_info_system_msg__rosidl_generator_py.so
-- Up-to-date: /home/zaynap/ROS-starter-tutorial/ROS2_demo_ws/install/robot_info_system_msg/share/robot_info_system_msg/msg/RobotStatus.idl
-- Up-to-date: /home/zaynap/ROS-starter-tutorial/ROS2_demo_ws/install/robot_info_system_msg/share/robot_info_system_msg/msg/RobotStatus.msg
-- Up-to-date: /home/zaynap/ROS-starter-tutorial/ROS2_demo_ws/install/robot_info_system_msg/share/ament_index/resource_index/package_run_dependencies/robot_info_system_msg
-- Up-to-date: /home/zaynap/ROS-starter-tutorial/ROS2_demo_ws/install/robot_info_system_msg/share/ament_index/resource_index/parent_prefix_path/robot_info_system_msg
-- Up-to-date: /home/zaynap/ROS-starter-tutorial/ROS2_demo_ws/install/robot_info_system_msg/share/robot_info_system_msg/environment/ament_prefix_path.sh
-- Up-to-date: /home/zaynap/ROS-starter-tutorial/ROS2_demo_ws/install/robot_info_system_msg/share/robot_info_system_msg/environment/ament_prefix_path.dsv
-- Up-to-date: /home/zaynap/ROS-starter-tutorial/ROS2_demo_ws/install/robot_info_system_msg/share/robot_info_system_msg/environment/path.sh
-- Up-to-date: /home/zaynap/ROS-starter-tutorial/ROS2_demo_ws/install/robot_info_system_msg/share/robot_info_system_msg/environment/path.dsv
-- Up-to-date: /home/zaynap/ROS-starter-tutorial/ROS2_demo_ws/install/robot_info_system_msg/share/robot_info_system_msg/local_setup.bash
-- Up-to-date: /home/zaynap/ROS-starter-tutorial/ROS2_demo_ws/install/robot_info_system_msg/share/robot_info_system_msg/local_setup.sh
-- Up-to-date: /home/zaynap/ROS-starter-tutorial/ROS2_demo_ws/install/robot_info_system_msg/share/robot_info_system_msg/local_setup.zsh
-- Up-to-date: /home/zaynap/ROS-starter-tutorial/ROS2_demo_ws/install/robot_info_system_msg/share/robot_info_system_msg/local_setup.dsv
-- Installing: /home/zaynap/ROS-starter-tutorial/ROS2_demo_ws/install/robot_info_system_msg/share/robot_info_system_msg/package.dsv
-- Up-to-date: /home/zaynap/ROS-starter-tutorial/ROS2_demo_ws/install/robot_info_system_msg/share/ament_index/resource_index/packages/robot_info_system_msg
-- Up-to-date: /home/zaynap/ROS-starter-tutorial/ROS2_demo_ws/install/robot_info_system_msg/share/robot_info_system_msg/cmake/export_robot_info_system_msg__rosidl_generator_cExport.cmake
-- Up-to-date: /home/zaynap/ROS-starter-tutorial/ROS2_demo_ws/install/robot_info_system_msg/share/robot_info_system_msg/cmake/export_robot_info_system_msg__rosidl_generator_cExport-noconfig.cmake
-- Up-to-date: /home/zaynap/ROS-starter-tutorial/ROS2_demo_ws/install/robot_info_system_msg/share/robot_info_system_msg/cmake/export_robot_info_system_msg__rosidl_typesupport_fastrtps_cExport.cmake
-- Up-to-date: /home/zaynap/ROS-starter-tutorial/ROS2_demo_ws/install/robot_info_system_msg/share/robot_info_system_msg/cmake/export_robot_info_system_msg__rosidl_typesupport_fastrtps_cExport-noconfig.cmake
-- Up-to-date: /home/zaynap/ROS-starter-tutorial/ROS2_demo_ws/install/robot_info_system_msg/share/robot_info_system_msg/cmake/robot_info_system_msg__rosidl_typesupport_introspection_cExport.cmake
-- Up-to-date: /home/zaynap/ROS-starter-tutorial/ROS2_demo_ws/install/robot_info_system_msg/share/robot_info_system_msg/cmake/robot_info_system_msg__rosidl_typesupport_introspection_cExport-noconfig.cmake
-- Up-to-date: /home/zaynap/ROS-starter-tutorial/ROS2_demo_ws/install/robot_info_system_msg/share/robot_info_system_msg/cmake/robot_info_system_msg__rosidl_typesupport_cExport.cmake
-- Up-to-date: /home/zaynap/ROS-starter-tutorial/ROS2_demo_ws/install/robot_info_system_msg/share/robot_info_system_msg/cmake/robot_info_system_msg__rosidl_typesupport_cExport-noconfig.cmake
-- Up-to-date: /home/zaynap/ROS-starter-tutorial/ROS2_demo_ws/install/robot_info_system_msg/share/robot_info_system_msg/cmake/export_robot_info_system_msg__rosidl_generator_cppExport.cmake
-- Up-to-date: /home/zaynap/ROS-starter-tutorial/ROS2_demo_ws/install/robot_info_system_msg/share/robot_info_system_msg/cmake/export_robot_info_system_msg__rosidl_typesupport_fastrtps_cppExport.cmake
-- Up-to-date: /home/zaynap/ROS-starter-tutorial/ROS2_demo_ws/install/robot_info_system_msg/share/robot_info_system_msg/cmake/export_robot_info_system_msg__rosidl_typesupport_fastrtps_cppExport-noconfig.cmake
-- Up-to-date: /home/zaynap/ROS-starter-tutorial/ROS2_demo_ws/install/robot_info_system_msg/share/robot_info_system_msg/cmake/robot_info_system_msg__rosidl_typesupport_introspection_cppExport.cmake
-- Up-to-date: /home/zaynap/ROS-starter-tutorial/ROS2_demo_ws/install/robot_info_system_msg/share/robot_info_system_msg/cmake/robot_info_system_msg__rosidl_typesupport_introspection_cppExport-noconfig.cmake
-- Up-to-date: /home/zaynap/ROS-starter-tutorial/ROS2_demo_ws/install/robot_info_system_msg/share/robot_info_system_msg/cmake/robot_info_system_msg__rosidl_typesupport_cppExport.cmake
-- Up-to-date: /home/zaynap/ROS-starter-tutorial/ROS2_demo_ws/install/robot_info_system_msg/share/robot_info_system_msg/cmake/robot_info_system_msg__rosidl_typesupport_cppExport-noconfig.cmake
-- Up-to-date: /home/zaynap/ROS-starter-tutorial/ROS2_demo_ws/install/robot_info_system_msg/share/robot_info_system_msg/cmake/export_robot_info_system_msg__rosidl_generator_pyExport.cmake
-- Up-to-date: /home/zaynap/ROS-starter-tutorial/ROS2_demo_ws/install/robot_info_system_msg/share/robot_info_system_msg/cmake/export_robot_info_system_msg__rosidl_generator_pyExport-noconfig.cmake
-- Up-to-date: /home/zaynap/ROS-starter-tutorial/ROS2_demo_ws/install/robot_info_system_msg/share/robot_info_system_msg/cmake/rosidl_cmake-extras.cmake
-- Up-to-date: /home/zaynap/ROS-starter-tutorial/ROS2_demo_ws/install/robot_info_system_msg/share/robot_info_system_msg/cmake/ament_cmake_export_dependencies-extras.cmake
-- Up-to-date: /home/zaynap/ROS-starter-tutorial/ROS2_demo_ws/install/robot_info_system_msg/share/robot_info_system_msg/cmake/ament_cmake_export_include_directories-extras.cmake
-- Up-to-date: /home/zaynap/ROS-starter-tutorial/ROS2_demo_ws/install/robot_info_system_msg/share/robot_info_system_msg/cmake/ament_cmake_export_libraries-extras.cmake
-- Up-to-date: /home/zaynap/ROS-starter-tutorial/ROS2_demo_ws/install/robot_info_system_msg/share/robot_info_system_msg/cmake/ament_cmake_export_targets-extras.cmake
-- Up-to-date: /home/zaynap/ROS-starter-tutorial/ROS2_demo_ws/install/robot_info_system_msg/share/robot_info_system_msg/cmake/rosidl_cmake_export_typesupport_targets-extras.cmake
-- Up-to-date: /home/zaynap/ROS-starter-tutorial/ROS2_demo_ws/install/robot_info_system_msg/share/robot_info_system_msg/cmake/rosidl_cmake_export_typesupport_libraries-extras.cmake
-- Up-to-date: /home/zaynap/ROS-starter-tutorial/ROS2_demo_ws/install/robot_info_system_msg/share/robot_info_system_msg/cmake/robot_info_system_msgConfig.cmake
-- Up-to-date: /home/zaynap/ROS-starter-tutorial/ROS2_demo_ws/install/robot_info_system_msg/share/robot_info_system_msg/cmake/robot_info_system_msgConfig-version.cmake
-- Up-to-date: /home/zaynap/ROS-starter-tutorial/ROS2_demo_ws/install/robot_info_system_msg/share/robot_info_system_msg/package.xml
