[0.013s] Invoking command in '/home/zaynap/ROS-starter-tutorial/ROS2_demo_ws/build/robot_info_system_msg': CMAKE_PREFIX_PATH=${CMAKE_PREFIX_PATH}:/home/zaynap/ROS-starter-tutorial/ROS2_demo_ws/install/robot_info_system2:/home/zaynap/ROS-starter-tutorial/ROS2_demo_ws/install/robot_info_system:/opt/ros/humble /usr/bin/cmake --build /home/zaynap/ROS-starter-tutorial/ROS2_demo_ws/build/robot_info_system_msg -- -j8 -l8
[0.056s] [  3%] Built target robot_info_system_msg__cpp
[0.057s] [ 12%] Built target robot_info_system_msg__rosidl_generator_c
[0.069s] [ 12%] Built target ament_cmake_python_copy_robot_info_system_msg
[0.083s] [ 22%] Built target robot_info_system_msg__rosidl_typesupport_fastrtps_cpp
[0.083s] [ 32%] Built target robot_info_system_msg__rosidl_typesupport_introspection_cpp
[0.086s] [ 41%] Built target robot_info_system_msg__rosidl_typesupport_cpp
[0.088s] [ 51%] Built target robot_info_system_msg__rosidl_typesupport_c
[0.089s] [ 61%] Built target robot_info_system_msg__rosidl_typesupport_fastrtps_c
[0.091s] [ 70%] Built target robot_info_system_msg__rosidl_typesupport_introspection_c
[0.109s] [ 70%] Built target robot_info_system_msg
[0.128s] [ 74%] Built target robot_info_system_msg__py
[0.147s] [ 80%] Built target robot_info_system_msg__rosidl_generator_py
[0.166s] [ 87%] Built target robot_info_system_msg__rosidl_typesupport_fastrtps_c__pyext
[0.168s] [ 93%] Built target robot_info_system_msg__rosidl_typesupport_introspection_c__pyext
[0.169s] [100%] Built target robot_info_system_msg__rosidl_typesupport_c__pyext
[0.335s] running egg_info
[0.358s] writing robot_info_system_msg.egg-info/PKG-INFO
[0.358s] writing dependency_links to robot_info_system_msg.egg-info/dependency_links.txt
[0.358s] writing top-level names to robot_info_system_msg.egg-info/top_level.txt
[0.421s] reading manifest file 'robot_info_system_msg.egg-info/SOURCES.txt'
[0.422s] writing manifest file 'robot_info_system_msg.egg-info/SOURCES.txt'
[0.450s] [100%] Built target ament_cmake_python_build_robot_info_system_msg_egg
[0.462s] Invoked command in '/home/zaynap/ROS-starter-tutorial/ROS2_demo_ws/build/robot_info_system_msg' returned '0': CMAKE_PREFIX_PATH=${CMAKE_PREFIX_PATH}:/home/zaynap/ROS-starter-tutorial/ROS2_demo_ws/install/robot_info_system2:/home/zaynap/ROS-starter-tutorial/ROS2_demo_ws/install/robot_info_system:/opt/ros/humble /usr/bin/cmake --build /home/zaynap/ROS-starter-tutorial/ROS2_demo_ws/build/robot_info_system_msg -- -j8 -l8
[0.508s] Invoking command in '/home/zaynap/ROS-starter-tutorial/ROS2_demo_ws/build/robot_info_system_msg': CMAKE_PREFIX_PATH=${CMAKE_PREFIX_PATH}:/home/zaynap/ROS-starter-tutorial/ROS2_demo_ws/install/robot_info_system2:/home/zaynap/ROS-starter-tutorial/ROS2_demo_ws/install/robot_info_system:/opt/ros/humble /usr/bin/cmake --install /home/zaynap/ROS-starter-tutorial/ROS2_demo_ws/build/robot_info_system_msg
[0.515s] -- Install configuration: ""
[0.515s] -- Up-to-date: /home/zaynap/ROS-starter-tutorial/ROS2_demo_ws/install/robot_info_system_msg/share/ament_index/resource_index/rosidl_interfaces/robot_info_system_msg
[0.515s] -- Up-to-date: /home/zaynap/ROS-starter-tutorial/ROS2_demo_ws/install/robot_info_system_msg/include/robot_info_system_msg/robot_info_system_msg
[0.516s] -- Up-to-date: /home/zaynap/ROS-starter-tutorial/ROS2_demo_ws/install/robot_info_system_msg/include/robot_info_system_msg/robot_info_system_msg/msg
[0.516s] -- Up-to-date: /home/zaynap/ROS-starter-tutorial/ROS2_demo_ws/install/robot_info_system_msg/include/robot_info_system_msg/robot_info_system_msg/msg/rosidl_generator_c__visibility_control.h
[0.516s] -- Up-to-date: /home/zaynap/ROS-starter-tutorial/ROS2_demo_ws/install/robot_info_system_msg/include/robot_info_system_msg/robot_info_system_msg/msg/robot_status.h
[0.516s] -- Up-to-date: /home/zaynap/ROS-starter-tutorial/ROS2_demo_ws/install/robot_info_system_msg/include/robot_info_system_msg/robot_info_system_msg/msg/detail
[0.516s] -- Up-to-date: /home/zaynap/ROS-starter-tutorial/ROS2_demo_ws/install/robot_info_system_msg/include/robot_info_system_msg/robot_info_system_msg/msg/detail/robot_status__type_support.h
[0.516s] -- Up-to-date: /home/zaynap/ROS-starter-tutorial/ROS2_demo_ws/install/robot_info_system_msg/include/robot_info_system_msg/robot_info_system_msg/msg/detail/robot_status__struct.h
[0.516s] -- Up-to-date: /home/zaynap/ROS-starter-tutorial/ROS2_demo_ws/install/robot_info_system_msg/include/robot_info_system_msg/robot_info_system_msg/msg/detail/robot_status__functions.h
[0.516s] -- Up-to-date: /home/zaynap/ROS-starter-tutorial/ROS2_demo_ws/install/robot_info_system_msg/include/robot_info_system_msg/robot_info_system_msg/msg/detail/robot_status__functions.c
[0.516s] -- Up-to-date: /home/zaynap/ROS-starter-tutorial/ROS2_demo_ws/install/robot_info_system_msg/share/robot_info_system_msg/environment/library_path.sh
[0.516s] -- Up-to-date: /home/zaynap/ROS-starter-tutorial/ROS2_demo_ws/install/robot_info_system_msg/share/robot_info_system_msg/environment/library_path.dsv
[0.516s] -- Up-to-date: /home/zaynap/ROS-starter-tutorial/ROS2_demo_ws/install/robot_info_system_msg/lib/librobot_info_system_msg__rosidl_generator_c.so
[0.516s] -- Up-to-date: /home/zaynap/ROS-starter-tutorial/ROS2_demo_ws/install/robot_info_system_msg/include/robot_info_system_msg/robot_info_system_msg
[0.516s] -- Up-to-date: /home/zaynap/ROS-starter-tutorial/ROS2_demo_ws/install/robot_info_system_msg/include/robot_info_system_msg/robot_info_system_msg/msg
[0.516s] -- Up-to-date: /home/zaynap/ROS-starter-tutorial/ROS2_demo_ws/install/robot_info_system_msg/include/robot_info_system_msg/robot_info_system_msg/msg/detail
[0.517s] -- Up-to-date: /home/zaynap/ROS-starter-tutorial/ROS2_demo_ws/install/robot_info_system_msg/include/robot_info_system_msg/robot_info_system_msg/msg/detail/robot_status__rosidl_typesupport_fastrtps_c.h
[0.517s] -- Up-to-date: /home/zaynap/ROS-starter-tutorial/ROS2_demo_ws/install/robot_info_system_msg/include/robot_info_system_msg/robot_info_system_msg/msg/rosidl_typesupport_fastrtps_c__visibility_control.h
[0.517s] -- Up-to-date: /home/zaynap/ROS-starter-tutorial/ROS2_demo_ws/install/robot_info_system_msg/lib/librobot_info_system_msg__rosidl_typesupport_fastrtps_c.so
[0.517s] -- Up-to-date: /home/zaynap/ROS-starter-tutorial/ROS2_demo_ws/install/robot_info_system_msg/include/robot_info_system_msg/robot_info_system_msg
[0.517s] -- Up-to-date: /home/zaynap/ROS-starter-tutorial/ROS2_demo_ws/install/robot_info_system_msg/include/robot_info_system_msg/robot_info_system_msg/msg
[0.517s] -- Up-to-date: /home/zaynap/ROS-starter-tutorial/ROS2_demo_ws/install/robot_info_system_msg/include/robot_info_system_msg/robot_info_system_msg/msg/rosidl_typesupport_introspection_c__visibility_control.h
[0.517s] -- Up-to-date: /home/zaynap/ROS-starter-tutorial/ROS2_demo_ws/install/robot_info_system_msg/include/robot_info_system_msg/robot_info_system_msg/msg/detail
[0.517s] -- Up-to-date: /home/zaynap/ROS-starter-tutorial/ROS2_demo_ws/install/robot_info_system_msg/include/robot_info_system_msg/robot_info_system_msg/msg/detail/robot_status__rosidl_typesupport_introspection_c.h
[0.517s] -- Up-to-date: /home/zaynap/ROS-starter-tutorial/ROS2_demo_ws/install/robot_info_system_msg/include/robot_info_system_msg/robot_info_system_msg/msg/detail/robot_status__type_support.c
[0.517s] -- Up-to-date: /home/zaynap/ROS-starter-tutorial/ROS2_demo_ws/install/robot_info_system_msg/lib/librobot_info_system_msg__rosidl_typesupport_introspection_c.so
[0.517s] -- Up-to-date: /home/zaynap/ROS-starter-tutorial/ROS2_demo_ws/install/robot_info_system_msg/lib/librobot_info_system_msg__rosidl_typesupport_c.so
[0.517s] -- Up-to-date: /home/zaynap/ROS-starter-tutorial/ROS2_demo_ws/install/robot_info_system_msg/include/robot_info_system_msg/robot_info_system_msg
[0.518s] -- Up-to-date: /home/zaynap/ROS-starter-tutorial/ROS2_demo_ws/install/robot_info_system_msg/include/robot_info_system_msg/robot_info_system_msg/msg
[0.518s] -- Up-to-date: /home/zaynap/ROS-starter-tutorial/ROS2_demo_ws/install/robot_info_system_msg/include/robot_info_system_msg/robot_info_system_msg/msg/robot_status.hpp
[0.518s] -- Up-to-date: /home/zaynap/ROS-starter-tutorial/ROS2_demo_ws/install/robot_info_system_msg/include/robot_info_system_msg/robot_info_system_msg/msg/detail
[0.518s] -- Up-to-date: /home/zaynap/ROS-starter-tutorial/ROS2_demo_ws/install/robot_info_system_msg/include/robot_info_system_msg/robot_info_system_msg/msg/detail/robot_status__traits.hpp
[0.518s] -- Up-to-date: /home/zaynap/ROS-starter-tutorial/ROS2_demo_ws/install/robot_info_system_msg/include/robot_info_system_msg/robot_info_system_msg/msg/detail/robot_status__struct.hpp
[0.518s] -- Up-to-date: /home/zaynap/ROS-starter-tutorial/ROS2_demo_ws/install/robot_info_system_msg/include/robot_info_system_msg/robot_info_system_msg/msg/detail/robot_status__builder.hpp
[0.518s] -- Up-to-date: /home/zaynap/ROS-starter-tutorial/ROS2_demo_ws/install/robot_info_system_msg/include/robot_info_system_msg/robot_info_system_msg
[0.518s] -- Up-to-date: /home/zaynap/ROS-starter-tutorial/ROS2_demo_ws/install/robot_info_system_msg/include/robot_info_system_msg/robot_info_system_msg/msg
[0.518s] -- Up-to-date: /home/zaynap/ROS-starter-tutorial/ROS2_demo_ws/install/robot_info_system_msg/include/robot_info_system_msg/robot_info_system_msg/msg/detail
[0.518s] -- Up-to-date: /home/zaynap/ROS-starter-tutorial/ROS2_demo_ws/install/robot_info_system_msg/include/robot_info_system_msg/robot_info_system_msg/msg/detail/robot_status__rosidl_typesupport_fastrtps_cpp.hpp
[0.518s] -- Up-to-date: /home/zaynap/ROS-starter-tutorial/ROS2_demo_ws/install/robot_info_system_msg/include/robot_info_system_msg/robot_info_system_msg/msg/detail/dds_fastrtps
[0.518s] -- Up-to-date: /home/zaynap/ROS-starter-tutorial/ROS2_demo_ws/install/robot_info_system_msg/include/robot_info_system_msg/robot_info_system_msg/msg/rosidl_typesupport_fastrtps_cpp__visibility_control.h
[0.518s] -- Up-to-date: /home/zaynap/ROS-starter-tutorial/ROS2_demo_ws/install/robot_info_system_msg/lib/librobot_info_system_msg__rosidl_typesupport_fastrtps_cpp.so
[0.518s] -- Up-to-date: /home/zaynap/ROS-starter-tutorial/ROS2_demo_ws/install/robot_info_system_msg/include/robot_info_system_msg/robot_info_system_msg
[0.519s] -- Up-to-date: /home/zaynap/ROS-starter-tutorial/ROS2_demo_ws/install/robot_info_system_msg/include/robot_info_system_msg/robot_info_system_msg/msg
[0.519s] -- Up-to-date: /home/zaynap/ROS-starter-tutorial/ROS2_demo_ws/install/robot_info_system_msg/include/robot_info_system_msg/robot_info_system_msg/msg/detail
[0.519s] -- Up-to-date: /home/zaynap/ROS-starter-tutorial/ROS2_demo_ws/install/robot_info_system_msg/include/robot_info_system_msg/robot_info_system_msg/msg/detail/robot_status__type_support.cpp
[0.519s] -- Up-to-date: /home/zaynap/ROS-starter-tutorial/ROS2_demo_ws/install/robot_info_system_msg/include/robot_info_system_msg/robot_info_system_msg/msg/detail/robot_status__rosidl_typesupport_introspection_cpp.hpp
[0.519s] -- Up-to-date: /home/zaynap/ROS-starter-tutorial/ROS2_demo_ws/install/robot_info_system_msg/lib/librobot_info_system_msg__rosidl_typesupport_introspection_cpp.so
[0.519s] -- Up-to-date: /home/zaynap/ROS-starter-tutorial/ROS2_demo_ws/install/robot_info_system_msg/lib/librobot_info_system_msg__rosidl_typesupport_cpp.so
[0.519s] -- Up-to-date: /home/zaynap/ROS-starter-tutorial/ROS2_demo_ws/install/robot_info_system_msg/share/robot_info_system_msg/environment/pythonpath.sh
[0.519s] -- Up-to-date: /home/zaynap/ROS-starter-tutorial/ROS2_demo_ws/install/robot_info_system_msg/share/robot_info_system_msg/environment/pythonpath.dsv
[0.519s] -- Up-to-date: /home/zaynap/ROS-starter-tutorial/ROS2_demo_ws/install/robot_info_system_msg/local/lib/python3.10/dist-packages/robot_info_system_msg-0.0.0-py3.10.egg-info
[0.519s] -- Installing: /home/zaynap/ROS-starter-tutorial/ROS2_demo_ws/install/robot_info_system_msg/local/lib/python3.10/dist-packages/robot_info_system_msg-0.0.0-py3.10.egg-info/top_level.txt
[0.519s] -- Installing: /home/zaynap/ROS-starter-tutorial/ROS2_demo_ws/install/robot_info_system_msg/local/lib/python3.10/dist-packages/robot_info_system_msg-0.0.0-py3.10.egg-info/PKG-INFO
[0.519s] -- Installing: /home/zaynap/ROS-starter-tutorial/ROS2_demo_ws/install/robot_info_system_msg/local/lib/python3.10/dist-packages/robot_info_system_msg-0.0.0-py3.10.egg-info/SOURCES.txt
[0.519s] -- Installing: /home/zaynap/ROS-starter-tutorial/ROS2_demo_ws/install/robot_info_system_msg/local/lib/python3.10/dist-packages/robot_info_system_msg-0.0.0-py3.10.egg-info/dependency_links.txt
[0.520s] -- Up-to-date: /home/zaynap/ROS-starter-tutorial/ROS2_demo_ws/install/robot_info_system_msg/local/lib/python3.10/dist-packages/robot_info_system_msg
[0.520s] -- Up-to-date: /home/zaynap/ROS-starter-tutorial/ROS2_demo_ws/install/robot_info_system_msg/local/lib/python3.10/dist-packages/robot_info_system_msg/librobot_info_system_msg__rosidl_generator_py.so
[0.520s] -- Up-to-date: /home/zaynap/ROS-starter-tutorial/ROS2_demo_ws/install/robot_info_system_msg/local/lib/python3.10/dist-packages/robot_info_system_msg/__init__.py
[0.520s] -- Up-to-date: /home/zaynap/ROS-starter-tutorial/ROS2_demo_ws/install/robot_info_system_msg/local/lib/python3.10/dist-packages/robot_info_system_msg/robot_info_system_msg_s__rosidl_typesupport_fastrtps_c.cpython-310-x86_64-linux-gnu.so
[0.520s] -- Up-to-date: /home/zaynap/ROS-starter-tutorial/ROS2_demo_ws/install/robot_info_system_msg/local/lib/python3.10/dist-packages/robot_info_system_msg/robot_info_system_msg_s__rosidl_typesupport_introspection_c.cpython-310-x86_64-linux-gnu.so
[0.520s] -- Up-to-date: /home/zaynap/ROS-starter-tutorial/ROS2_demo_ws/install/robot_info_system_msg/local/lib/python3.10/dist-packages/robot_info_system_msg/robot_info_system_msg_s__rosidl_typesupport_c.cpython-310-x86_64-linux-gnu.so
[0.520s] -- Up-to-date: /home/zaynap/ROS-starter-tutorial/ROS2_demo_ws/install/robot_info_system_msg/local/lib/python3.10/dist-packages/robot_info_system_msg/msg
[0.520s] -- Up-to-date: /home/zaynap/ROS-starter-tutorial/ROS2_demo_ws/install/robot_info_system_msg/local/lib/python3.10/dist-packages/robot_info_system_msg/msg/__init__.py
[0.520s] -- Up-to-date: /home/zaynap/ROS-starter-tutorial/ROS2_demo_ws/install/robot_info_system_msg/local/lib/python3.10/dist-packages/robot_info_system_msg/msg/_robot_status_s.c
[0.520s] -- Up-to-date: /home/zaynap/ROS-starter-tutorial/ROS2_demo_ws/install/robot_info_system_msg/local/lib/python3.10/dist-packages/robot_info_system_msg/msg/_robot_status.py
[0.520s] -- Up-to-date: /home/zaynap/ROS-starter-tutorial/ROS2_demo_ws/install/robot_info_system_msg/local/lib/python3.10/dist-packages/robot_info_system_msg/_robot_info_system_msg_s.ep.rosidl_typesupport_c.c
[0.520s] -- Up-to-date: /home/zaynap/ROS-starter-tutorial/ROS2_demo_ws/install/robot_info_system_msg/local/lib/python3.10/dist-packages/robot_info_system_msg/_robot_info_system_msg_s.ep.rosidl_typesupport_fastrtps_c.c
[0.520s] -- Up-to-date: /home/zaynap/ROS-starter-tutorial/ROS2_demo_ws/install/robot_info_system_msg/local/lib/python3.10/dist-packages/robot_info_system_msg/_robot_info_system_msg_s.ep.rosidl_typesupport_introspection_c.c
[0.550s] Listing '/home/zaynap/ROS-starter-tutorial/ROS2_demo_ws/install/robot_info_system_msg/local/lib/python3.10/dist-packages/robot_info_system_msg'...
[0.550s] Listing '/home/zaynap/ROS-starter-tutorial/ROS2_demo_ws/install/robot_info_system_msg/local/lib/python3.10/dist-packages/robot_info_system_msg/msg'...
[0.554s] -- Up-to-date: /home/zaynap/ROS-starter-tutorial/ROS2_demo_ws/install/robot_info_system_msg/local/lib/python3.10/dist-packages/robot_info_system_msg/robot_info_system_msg_s__rosidl_typesupport_fastrtps_c.cpython-310-x86_64-linux-gnu.so
[0.555s] -- Up-to-date: /home/zaynap/ROS-starter-tutorial/ROS2_demo_ws/install/robot_info_system_msg/local/lib/python3.10/dist-packages/robot_info_system_msg/robot_info_system_msg_s__rosidl_typesupport_introspection_c.cpython-310-x86_64-linux-gnu.so
[0.555s] -- Up-to-date: /home/zaynap/ROS-starter-tutorial/ROS2_demo_ws/install/robot_info_system_msg/local/lib/python3.10/dist-packages/robot_info_system_msg/robot_info_system_msg_s__rosidl_typesupport_c.cpython-310-x86_64-linux-gnu.so
[0.555s] -- Up-to-date: /home/zaynap/ROS-starter-tutorial/ROS2_demo_ws/install/robot_info_system_msg/lib/librobot_info_system_msg__rosidl_generator_py.so
[0.556s] -- Up-to-date: /home/zaynap/ROS-starter-tutorial/ROS2_demo_ws/install/robot_info_system_msg/share/robot_info_system_msg/msg/RobotStatus.idl
[0.556s] -- Up-to-date: /home/zaynap/ROS-starter-tutorial/ROS2_demo_ws/install/robot_info_system_msg/share/robot_info_system_msg/msg/RobotStatus.msg
[0.556s] -- Up-to-date: /home/zaynap/ROS-starter-tutorial/ROS2_demo_ws/install/robot_info_system_msg/share/ament_index/resource_index/package_run_dependencies/robot_info_system_msg
[0.556s] -- Up-to-date: /home/zaynap/ROS-starter-tutorial/ROS2_demo_ws/install/robot_info_system_msg/share/ament_index/resource_index/parent_prefix_path/robot_info_system_msg
[0.556s] -- Up-to-date: /home/zaynap/ROS-starter-tutorial/ROS2_demo_ws/install/robot_info_system_msg/share/robot_info_system_msg/environment/ament_prefix_path.sh
[0.556s] -- Up-to-date: /home/zaynap/ROS-starter-tutorial/ROS2_demo_ws/install/robot_info_system_msg/share/robot_info_system_msg/environment/ament_prefix_path.dsv
[0.556s] -- Up-to-date: /home/zaynap/ROS-starter-tutorial/ROS2_demo_ws/install/robot_info_system_msg/share/robot_info_system_msg/environment/path.sh
[0.556s] -- Up-to-date: /home/zaynap/ROS-starter-tutorial/ROS2_demo_ws/install/robot_info_system_msg/share/robot_info_system_msg/environment/path.dsv
[0.556s] -- Up-to-date: /home/zaynap/ROS-starter-tutorial/ROS2_demo_ws/install/robot_info_system_msg/share/robot_info_system_msg/local_setup.bash
[0.556s] -- Up-to-date: /home/zaynap/ROS-starter-tutorial/ROS2_demo_ws/install/robot_info_system_msg/share/robot_info_system_msg/local_setup.sh
[0.556s] -- Up-to-date: /home/zaynap/ROS-starter-tutorial/ROS2_demo_ws/install/robot_info_system_msg/share/robot_info_system_msg/local_setup.zsh
[0.556s] -- Up-to-date: /home/zaynap/ROS-starter-tutorial/ROS2_demo_ws/install/robot_info_system_msg/share/robot_info_system_msg/local_setup.dsv
[0.556s] -- Installing: /home/zaynap/ROS-starter-tutorial/ROS2_demo_ws/install/robot_info_system_msg/share/robot_info_system_msg/package.dsv
[0.557s] -- Up-to-date: /home/zaynap/ROS-starter-tutorial/ROS2_demo_ws/install/robot_info_system_msg/share/ament_index/resource_index/packages/robot_info_system_msg
[0.557s] -- Up-to-date: /home/zaynap/ROS-starter-tutorial/ROS2_demo_ws/install/robot_info_system_msg/share/robot_info_system_msg/cmake/export_robot_info_system_msg__rosidl_generator_cExport.cmake
[0.557s] -- Up-to-date: /home/zaynap/ROS-starter-tutorial/ROS2_demo_ws/install/robot_info_system_msg/share/robot_info_system_msg/cmake/export_robot_info_system_msg__rosidl_generator_cExport-noconfig.cmake
[0.557s] -- Up-to-date: /home/zaynap/ROS-starter-tutorial/ROS2_demo_ws/install/robot_info_system_msg/share/robot_info_system_msg/cmake/export_robot_info_system_msg__rosidl_typesupport_fastrtps_cExport.cmake
[0.557s] -- Up-to-date: /home/zaynap/ROS-starter-tutorial/ROS2_demo_ws/install/robot_info_system_msg/share/robot_info_system_msg/cmake/export_robot_info_system_msg__rosidl_typesupport_fastrtps_cExport-noconfig.cmake
[0.557s] -- Up-to-date: /home/zaynap/ROS-starter-tutorial/ROS2_demo_ws/install/robot_info_system_msg/share/robot_info_system_msg/cmake/robot_info_system_msg__rosidl_typesupport_introspection_cExport.cmake
[0.557s] -- Up-to-date: /home/zaynap/ROS-starter-tutorial/ROS2_demo_ws/install/robot_info_system_msg/share/robot_info_system_msg/cmake/robot_info_system_msg__rosidl_typesupport_introspection_cExport-noconfig.cmake
[0.557s] -- Up-to-date: /home/zaynap/ROS-starter-tutorial/ROS2_demo_ws/install/robot_info_system_msg/share/robot_info_system_msg/cmake/robot_info_system_msg__rosidl_typesupport_cExport.cmake
[0.557s] -- Up-to-date: /home/zaynap/ROS-starter-tutorial/ROS2_demo_ws/install/robot_info_system_msg/share/robot_info_system_msg/cmake/robot_info_system_msg__rosidl_typesupport_cExport-noconfig.cmake
[0.557s] -- Up-to-date: /home/zaynap/ROS-starter-tutorial/ROS2_demo_ws/install/robot_info_system_msg/share/robot_info_system_msg/cmake/export_robot_info_system_msg__rosidl_generator_cppExport.cmake
[0.557s] -- Up-to-date: /home/zaynap/ROS-starter-tutorial/ROS2_demo_ws/install/robot_info_system_msg/share/robot_info_system_msg/cmake/export_robot_info_system_msg__rosidl_typesupport_fastrtps_cppExport.cmake
[0.557s] -- Up-to-date: /home/zaynap/ROS-starter-tutorial/ROS2_demo_ws/install/robot_info_system_msg/share/robot_info_system_msg/cmake/export_robot_info_system_msg__rosidl_typesupport_fastrtps_cppExport-noconfig.cmake
[0.558s] -- Up-to-date: /home/zaynap/ROS-starter-tutorial/ROS2_demo_ws/install/robot_info_system_msg/share/robot_info_system_msg/cmake/robot_info_system_msg__rosidl_typesupport_introspection_cppExport.cmake
[0.558s] -- Up-to-date: /home/zaynap/ROS-starter-tutorial/ROS2_demo_ws/install/robot_info_system_msg/share/robot_info_system_msg/cmake/robot_info_system_msg__rosidl_typesupport_introspection_cppExport-noconfig.cmake
[0.558s] -- Up-to-date: /home/zaynap/ROS-starter-tutorial/ROS2_demo_ws/install/robot_info_system_msg/share/robot_info_system_msg/cmake/robot_info_system_msg__rosidl_typesupport_cppExport.cmake
[0.558s] -- Up-to-date: /home/zaynap/ROS-starter-tutorial/ROS2_demo_ws/install/robot_info_system_msg/share/robot_info_system_msg/cmake/robot_info_system_msg__rosidl_typesupport_cppExport-noconfig.cmake
[0.558s] -- Up-to-date: /home/zaynap/ROS-starter-tutorial/ROS2_demo_ws/install/robot_info_system_msg/share/robot_info_system_msg/cmake/export_robot_info_system_msg__rosidl_generator_pyExport.cmake
[0.558s] -- Up-to-date: /home/zaynap/ROS-starter-tutorial/ROS2_demo_ws/install/robot_info_system_msg/share/robot_info_system_msg/cmake/export_robot_info_system_msg__rosidl_generator_pyExport-noconfig.cmake
[0.558s] -- Up-to-date: /home/zaynap/ROS-starter-tutorial/ROS2_demo_ws/install/robot_info_system_msg/share/robot_info_system_msg/cmake/rosidl_cmake-extras.cmake
[0.558s] -- Up-to-date: /home/zaynap/ROS-starter-tutorial/ROS2_demo_ws/install/robot_info_system_msg/share/robot_info_system_msg/cmake/ament_cmake_export_dependencies-extras.cmake
[0.558s] -- Up-to-date: /home/zaynap/ROS-starter-tutorial/ROS2_demo_ws/install/robot_info_system_msg/share/robot_info_system_msg/cmake/ament_cmake_export_include_directories-extras.cmake
[0.558s] -- Up-to-date: /home/zaynap/ROS-starter-tutorial/ROS2_demo_ws/install/robot_info_system_msg/share/robot_info_system_msg/cmake/ament_cmake_export_libraries-extras.cmake
[0.558s] -- Up-to-date: /home/zaynap/ROS-starter-tutorial/ROS2_demo_ws/install/robot_info_system_msg/share/robot_info_system_msg/cmake/ament_cmake_export_targets-extras.cmake
[0.558s] -- Up-to-date: /home/zaynap/ROS-starter-tutorial/ROS2_demo_ws/install/robot_info_system_msg/share/robot_info_system_msg/cmake/rosidl_cmake_export_typesupport_targets-extras.cmake
[0.559s] -- Up-to-date: /home/zaynap/ROS-starter-tutorial/ROS2_demo_ws/install/robot_info_system_msg/share/robot_info_system_msg/cmake/rosidl_cmake_export_typesupport_libraries-extras.cmake
[0.559s] -- Up-to-date: /home/zaynap/ROS-starter-tutorial/ROS2_demo_ws/install/robot_info_system_msg/share/robot_info_system_msg/cmake/robot_info_system_msgConfig.cmake
[0.559s] -- Up-to-date: /home/zaynap/ROS-starter-tutorial/ROS2_demo_ws/install/robot_info_system_msg/share/robot_info_system_msg/cmake/robot_info_system_msgConfig-version.cmake
[0.559s] -- Up-to-date: /home/zaynap/ROS-starter-tutorial/ROS2_demo_ws/install/robot_info_system_msg/share/robot_info_system_msg/package.xml
[0.562s] Invoked command in '/home/zaynap/ROS-starter-tutorial/ROS2_demo_ws/build/robot_info_system_msg' returned '0': CMAKE_PREFIX_PATH=${CMAKE_PREFIX_PATH}:/home/zaynap/ROS-starter-tutorial/ROS2_demo_ws/install/robot_info_system2:/home/zaynap/ROS-starter-tutorial/ROS2_demo_ws/install/robot_info_system:/opt/ros/humble /usr/bin/cmake --install /home/zaynap/ROS-starter-tutorial/ROS2_demo_ws/build/robot_info_system_msg
