[0.022s] Invoking command in '/home/zaynap/ROS-starter-tutorial/ROS2_demo_ws/build/turtle_package': CMAKE_PREFIX_PATH=${CMAKE_PREFIX_PATH}:/home/zaynap/ROS-starter-tutorial/ROS2_demo_ws/install/robot_info_system2:/home/zaynap/ROS-starter-tutorial/ROS2_demo_ws/install/robot_info_system:/opt/ros/humble /usr/bin/cmake --build /home/zaynap/ROS-starter-tutorial/ROS2_demo_ws/build/turtle_package -- -j8 -l8
[0.051s] [100%] Built target demo_node
[0.073s] Invoked command in '/home/zaynap/ROS-starter-tutorial/ROS2_demo_ws/build/turtle_package' returned '0': CMAKE_PREFIX_PATH=${CMAKE_PREFIX_PATH}:/home/zaynap/ROS-starter-tutorial/ROS2_demo_ws/install/robot_info_system2:/home/zaynap/ROS-starter-tutorial/ROS2_demo_ws/install/robot_info_system:/opt/ros/humble /usr/bin/cmake --build /home/zaynap/ROS-starter-tutorial/ROS2_demo_ws/build/turtle_package -- -j8 -l8
[0.099s] Invoking command in '/home/zaynap/ROS-starter-tutorial/ROS2_demo_ws/build/turtle_package': CMAKE_PREFIX_PATH=${CMAKE_PREFIX_PATH}:/home/zaynap/ROS-starter-tutorial/ROS2_demo_ws/install/robot_info_system2:/home/zaynap/ROS-starter-tutorial/ROS2_demo_ws/install/robot_info_system:/opt/ros/humble /usr/bin/cmake --install /home/zaynap/ROS-starter-tutorial/ROS2_demo_ws/build/turtle_package
[0.105s] -- Install configuration: ""
[0.105s] -- Up-to-date: /home/zaynap/ROS-starter-tutorial/ROS2_demo_ws/install/turtle_package/lib/turtle_package/demo_node
[0.105s] -- Up-to-date: /home/zaynap/ROS-starter-tutorial/ROS2_demo_ws/install/turtle_package/lib/turtle_package/circle.py
[0.105s] -- Up-to-date: /home/zaynap/ROS-starter-tutorial/ROS2_demo_ws/install/turtle_package/share/ament_index/resource_index/package_run_dependencies/turtle_package
[0.106s] -- Up-to-date: /home/zaynap/ROS-starter-tutorial/ROS2_demo_ws/install/turtle_package/share/ament_index/resource_index/parent_prefix_path/turtle_package
[0.106s] -- Up-to-date: /home/zaynap/ROS-starter-tutorial/ROS2_demo_ws/install/turtle_package/share/turtle_package/environment/ament_prefix_path.sh
[0.106s] -- Up-to-date: /home/zaynap/ROS-starter-tutorial/ROS2_demo_ws/install/turtle_package/share/turtle_package/environment/ament_prefix_path.dsv
[0.106s] -- Up-to-date: /home/zaynap/ROS-starter-tutorial/ROS2_demo_ws/install/turtle_package/share/turtle_package/environment/path.sh
[0.106s] -- Up-to-date: /home/zaynap/ROS-starter-tutorial/ROS2_demo_ws/install/turtle_package/share/turtle_package/environment/path.dsv
[0.106s] -- Up-to-date: /home/zaynap/ROS-starter-tutorial/ROS2_demo_ws/install/turtle_package/share/turtle_package/local_setup.bash
[0.106s] -- Up-to-date: /home/zaynap/ROS-starter-tutorial/ROS2_demo_ws/install/turtle_package/share/turtle_package/local_setup.sh
[0.106s] -- Up-to-date: /home/zaynap/ROS-starter-tutorial/ROS2_demo_ws/install/turtle_package/share/turtle_package/local_setup.zsh
[0.106s] -- Up-to-date: /home/zaynap/ROS-starter-tutorial/ROS2_demo_ws/install/turtle_package/share/turtle_package/local_setup.dsv
[0.106s] -- Installing: /home/zaynap/ROS-starter-tutorial/ROS2_demo_ws/install/turtle_package/share/turtle_package/package.dsv
[0.106s] -- Up-to-date: /home/zaynap/ROS-starter-tutorial/ROS2_demo_ws/install/turtle_package/share/ament_index/resource_index/packages/turtle_package
[0.106s] -- Up-to-date: /home/zaynap/ROS-starter-tutorial/ROS2_demo_ws/install/turtle_package/share/turtle_package/cmake/turtle_packageConfig.cmake
[0.106s] -- Up-to-date: /home/zaynap/ROS-starter-tutorial/ROS2_demo_ws/install/turtle_package/share/turtle_package/cmake/turtle_packageConfig-version.cmake
[0.106s] -- Up-to-date: /home/zaynap/ROS-starter-tutorial/ROS2_demo_ws/install/turtle_package/share/turtle_package/package.xml
[0.109s] Invoked command in '/home/zaynap/ROS-starter-tutorial/ROS2_demo_ws/build/turtle_package' returned '0': CMAKE_PREFIX_PATH=${CMAKE_PREFIX_PATH}:/home/zaynap/ROS-starter-tutorial/ROS2_demo_ws/install/robot_info_system2:/home/zaynap/ROS-starter-tutorial/ROS2_demo_ws/install/robot_info_system:/opt/ros/humble /usr/bin/cmake --install /home/zaynap/ROS-starter-tutorial/ROS2_demo_ws/build/turtle_package
