[0.110s] DEBUG:colcon:Command line arguments: ['/usr/bin/colcon', 'build']
[0.110s] DEBUG:colcon:Parsed command line arguments: Namespace(log_base=None, log_level=None, verb_name='build', build_base='build', install_base='install', merge_install=False, symlink_install=False, test_result_base=None, continue_on_error=False, executor='parallel', parallel_workers=8, event_handlers=None, ignore_user_meta=False, metas=['./colcon.meta'], base_paths=['.'], packages_ignore=None, packages_ignore_regex=None, paths=None, packages_up_to=None, packages_up_to_regex=None, packages_above=None, packages_above_and_dependencies=None, packages_above_depth=None, packages_select_by_dep=None, packages_skip_by_dep=None, packages_skip_up_to=None, packages_select_build_failed=False, packages_skip_build_finished=False, packages_select_test_failures=False, packages_skip_test_passed=False, packages_select=None, packages_skip=None, packages_select_regex=None, packages_skip_regex=None, packages_start=None, packages_end=None, allow_overriding=[], cmake_args=None, cmake_target=None, cmake_target_skip_unavailable=False, cmake_clean_cache=False, cmake_clean_first=False, cmake_force_configure=False, ament_cmake_args=None, catkin_cmake_args=None, catkin_skip_building_tests=False, mixin_files=None, mixin=None, verb_parser=<colcon_mixin.mixin.mixin_argument.MixinArgumentDecorator object at 0x794c10094b50>, verb_extension=<colcon_core.verb.build.BuildVerb object at 0x794c101a98a0>, main=<bound method BuildVerb.main of <colcon_core.verb.build.BuildVerb object at 0x794c101a98a0>>, mixin_verb=('build',))
[0.146s] Level 1:colcon.colcon_core.package_discovery:discover_packages(colcon_meta) check parameters
[0.146s] Level 1:colcon.colcon_core.package_discovery:discover_packages(recursive) check parameters
[0.146s] Level 1:colcon.colcon_core.package_discovery:discover_packages(ignore) check parameters
[0.146s] Level 1:colcon.colcon_core.package_discovery:discover_packages(path) check parameters
[0.146s] Level 1:colcon.colcon_core.package_discovery:discover_packages(colcon_meta) discover
[0.146s] Level 1:colcon.colcon_core.package_discovery:discover_packages(recursive) discover
[0.146s] INFO:colcon.colcon_core.package_discovery:Crawling recursively for packages in '/home/zaynap/ROS-starter-tutorial/ROS2_demo_ws'
[0.147s] Level 1:colcon.colcon_core.package_identification:_identify(.) by extensions ['ignore', 'ignore_ament_install']
[0.147s] Level 1:colcon.colcon_core.package_identification:_identify(.) by extension 'ignore'
[0.147s] Level 1:colcon.colcon_core.package_identification:_identify(.) by extension 'ignore_ament_install'
[0.147s] Level 1:colcon.colcon_core.package_identification:_identify(.) by extensions ['colcon_pkg']
[0.147s] Level 1:colcon.colcon_core.package_identification:_identify(.) by extension 'colcon_pkg'
[0.147s] Level 1:colcon.colcon_core.package_identification:_identify(.) by extensions ['colcon_meta']
[0.147s] Level 1:colcon.colcon_core.package_identification:_identify(.) by extension 'colcon_meta'
[0.147s] Level 1:colcon.colcon_core.package_identification:_identify(.) by extensions ['ros']
[0.147s] Level 1:colcon.colcon_core.package_identification:_identify(.) by extension 'ros'
[0.170s] Level 1:colcon.colcon_core.package_identification:_identify(.) by extensions ['cmake', 'python']
[0.170s] Level 1:colcon.colcon_core.package_identification:_identify(.) by extension 'cmake'
[0.170s] Level 1:colcon.colcon_core.package_identification:_identify(.) by extension 'python'
[0.170s] Level 1:colcon.colcon_core.package_identification:_identify(.) by extensions ['python_setup_py']
[0.170s] Level 1:colcon.colcon_core.package_identification:_identify(.) by extension 'python_setup_py'
[0.170s] Level 1:colcon.colcon_core.package_identification:_identify(build) by extensions ['ignore', 'ignore_ament_install']
[0.171s] Level 1:colcon.colcon_core.package_identification:_identify(build) by extension 'ignore'
[0.171s] Level 1:colcon.colcon_core.package_identification:_identify(build) ignored
[0.171s] Level 1:colcon.colcon_core.package_identification:_identify(install) by extensions ['ignore', 'ignore_ament_install']
[0.171s] Level 1:colcon.colcon_core.package_identification:_identify(install) by extension 'ignore'
[0.171s] Level 1:colcon.colcon_core.package_identification:_identify(install) ignored
[0.171s] Level 1:colcon.colcon_core.package_identification:_identify(log) by extensions ['ignore', 'ignore_ament_install']
[0.171s] Level 1:colcon.colcon_core.package_identification:_identify(log) by extension 'ignore'
[0.171s] Level 1:colcon.colcon_core.package_identification:_identify(log) ignored
[0.171s] Level 1:colcon.colcon_core.package_identification:_identify(src) by extensions ['ignore', 'ignore_ament_install']
[0.171s] Level 1:colcon.colcon_core.package_identification:_identify(src) by extension 'ignore'
[0.171s] Level 1:colcon.colcon_core.package_identification:_identify(src) by extension 'ignore_ament_install'
[0.171s] Level 1:colcon.colcon_core.package_identification:_identify(src) by extensions ['colcon_pkg']
[0.171s] Level 1:colcon.colcon_core.package_identification:_identify(src) by extension 'colcon_pkg'
[0.171s] Level 1:colcon.colcon_core.package_identification:_identify(src) by extensions ['colcon_meta']
[0.171s] Level 1:colcon.colcon_core.package_identification:_identify(src) by extension 'colcon_meta'
[0.171s] Level 1:colcon.colcon_core.package_identification:_identify(src) by extensions ['ros']
[0.172s] Level 1:colcon.colcon_core.package_identification:_identify(src) by extension 'ros'
[0.172s] Level 1:colcon.colcon_core.package_identification:_identify(src) by extensions ['cmake', 'python']
[0.172s] Level 1:colcon.colcon_core.package_identification:_identify(src) by extension 'cmake'
[0.172s] Level 1:colcon.colcon_core.package_identification:_identify(src) by extension 'python'
[0.172s] Level 1:colcon.colcon_core.package_identification:_identify(src) by extensions ['python_setup_py']
[0.172s] Level 1:colcon.colcon_core.package_identification:_identify(src) by extension 'python_setup_py'
[0.172s] Level 1:colcon.colcon_core.package_identification:_identify(src/robot_info_system2) by extensions ['ignore', 'ignore_ament_install']
[0.172s] Level 1:colcon.colcon_core.package_identification:_identify(src/robot_info_system2) by extension 'ignore'
[0.172s] Level 1:colcon.colcon_core.package_identification:_identify(src/robot_info_system2) by extension 'ignore_ament_install'
[0.172s] Level 1:colcon.colcon_core.package_identification:_identify(src/robot_info_system2) by extensions ['colcon_pkg']
[0.172s] Level 1:colcon.colcon_core.package_identification:_identify(src/robot_info_system2) by extension 'colcon_pkg'
[0.172s] Level 1:colcon.colcon_core.package_identification:_identify(src/robot_info_system2) by extensions ['colcon_meta']
[0.172s] Level 1:colcon.colcon_core.package_identification:_identify(src/robot_info_system2) by extension 'colcon_meta'
[0.172s] Level 1:colcon.colcon_core.package_identification:_identify(src/robot_info_system2) by extensions ['ros']
[0.172s] Level 1:colcon.colcon_core.package_identification:_identify(src/robot_info_system2) by extension 'ros'
[0.175s] DEBUG:colcon.colcon_core.package_identification:Package 'src/robot_info_system2' with type 'ros.ament_python' and name 'robot_info_system2'
[0.175s] Level 1:colcon.colcon_core.package_identification:_identify(src/robot_info_system_msg) by extensions ['ignore', 'ignore_ament_install']
[0.175s] Level 1:colcon.colcon_core.package_identification:_identify(src/robot_info_system_msg) by extension 'ignore'
[0.175s] Level 1:colcon.colcon_core.package_identification:_identify(src/robot_info_system_msg) by extension 'ignore_ament_install'
[0.175s] Level 1:colcon.colcon_core.package_identification:_identify(src/robot_info_system_msg) by extensions ['colcon_pkg']
[0.175s] Level 1:colcon.colcon_core.package_identification:_identify(src/robot_info_system_msg) by extension 'colcon_pkg'
[0.175s] Level 1:colcon.colcon_core.package_identification:_identify(src/robot_info_system_msg) by extensions ['colcon_meta']
[0.175s] Level 1:colcon.colcon_core.package_identification:_identify(src/robot_info_system_msg) by extension 'colcon_meta'
[0.175s] Level 1:colcon.colcon_core.package_identification:_identify(src/robot_info_system_msg) by extensions ['ros']
[0.175s] Level 1:colcon.colcon_core.package_identification:_identify(src/robot_info_system_msg) by extension 'ros'
[0.176s] DEBUG:colcon.colcon_core.package_identification:Package 'src/robot_info_system_msg' with type 'ros.ament_cmake' and name 'robot_info_system_msg'
[0.176s] Level 1:colcon.colcon_core.package_identification:_identify(src/turtle_package) by extensions ['ignore', 'ignore_ament_install']
[0.176s] Level 1:colcon.colcon_core.package_identification:_identify(src/turtle_package) by extension 'ignore'
[0.176s] Level 1:colcon.colcon_core.package_identification:_identify(src/turtle_package) by extension 'ignore_ament_install'
[0.176s] Level 1:colcon.colcon_core.package_identification:_identify(src/turtle_package) by extensions ['colcon_pkg']
[0.176s] Level 1:colcon.colcon_core.package_identification:_identify(src/turtle_package) by extension 'colcon_pkg'
[0.176s] Level 1:colcon.colcon_core.package_identification:_identify(src/turtle_package) by extensions ['colcon_meta']
[0.176s] Level 1:colcon.colcon_core.package_identification:_identify(src/turtle_package) by extension 'colcon_meta'
[0.176s] Level 1:colcon.colcon_core.package_identification:_identify(src/turtle_package) by extensions ['ros']
[0.176s] Level 1:colcon.colcon_core.package_identification:_identify(src/turtle_package) by extension 'ros'
[0.177s] DEBUG:colcon.colcon_core.package_identification:Package 'src/turtle_package' with type 'ros.ament_cmake' and name 'turtle_package'
[0.177s] Level 1:colcon.colcon_core.package_discovery:discover_packages(recursive) using defaults
[0.177s] Level 1:colcon.colcon_core.package_discovery:discover_packages(ignore) discover
[0.177s] Level 1:colcon.colcon_core.package_discovery:discover_packages(ignore) using defaults
[0.177s] Level 1:colcon.colcon_core.package_discovery:discover_packages(path) discover
[0.177s] Level 1:colcon.colcon_core.package_discovery:discover_packages(path) using defaults
[0.195s] Level 1:colcon.colcon_core.package_discovery:discover_packages(prefix_path) check parameters
[0.195s] Level 1:colcon.colcon_core.package_discovery:discover_packages(prefix_path) discover
[0.197s] DEBUG:colcon.colcon_installed_package_information.package_discovery:Found 4 installed packages in /home/zaynap/ROS-starter-tutorial/ROS2_demo_ws/install
[0.198s] DEBUG:colcon.colcon_installed_package_information.package_discovery:Found 309 installed packages in /opt/ros/humble
[0.200s] Level 1:colcon.colcon_core.package_discovery:discover_packages(prefix_path) using defaults
[0.238s] Level 5:colcon.colcon_core.verb:set package 'robot_info_system_msg' build argument 'cmake_args' from command line to 'None'
[0.238s] Level 5:colcon.colcon_core.verb:set package 'robot_info_system_msg' build argument 'cmake_target' from command line to 'None'
[0.238s] Level 5:colcon.colcon_core.verb:set package 'robot_info_system_msg' build argument 'cmake_target_skip_unavailable' from command line to 'False'
[0.239s] Level 5:colcon.colcon_core.verb:set package 'robot_info_system_msg' build argument 'cmake_clean_cache' from command line to 'False'
[0.239s] Level 5:colcon.colcon_core.verb:set package 'robot_info_system_msg' build argument 'cmake_clean_first' from command line to 'False'
[0.239s] Level 5:colcon.colcon_core.verb:set package 'robot_info_system_msg' build argument 'cmake_force_configure' from command line to 'False'
[0.239s] Level 5:colcon.colcon_core.verb:set package 'robot_info_system_msg' build argument 'ament_cmake_args' from command line to 'None'
[0.239s] Level 5:colcon.colcon_core.verb:set package 'robot_info_system_msg' build argument 'catkin_cmake_args' from command line to 'None'
[0.239s] Level 5:colcon.colcon_core.verb:set package 'robot_info_system_msg' build argument 'catkin_skip_building_tests' from command line to 'False'
[0.239s] DEBUG:colcon.colcon_core.verb:Building package 'robot_info_system_msg' with the following arguments: {'ament_cmake_args': None, 'build_base': '/home/zaynap/ROS-starter-tutorial/ROS2_demo_ws/build/robot_info_system_msg', 'catkin_cmake_args': None, 'catkin_skip_building_tests': False, 'cmake_args': None, 'cmake_clean_cache': False, 'cmake_clean_first': False, 'cmake_force_configure': False, 'cmake_target': None, 'cmake_target_skip_unavailable': False, 'install_base': '/home/zaynap/ROS-starter-tutorial/ROS2_demo_ws/install/robot_info_system_msg', 'merge_install': False, 'path': '/home/zaynap/ROS-starter-tutorial/ROS2_demo_ws/src/robot_info_system_msg', 'symlink_install': False, 'test_result_base': None}
[0.239s] Level 5:colcon.colcon_core.verb:set package 'turtle_package' build argument 'cmake_args' from command line to 'None'
[0.239s] Level 5:colcon.colcon_core.verb:set package 'turtle_package' build argument 'cmake_target' from command line to 'None'
[0.239s] Level 5:colcon.colcon_core.verb:set package 'turtle_package' build argument 'cmake_target_skip_unavailable' from command line to 'False'
[0.239s] Level 5:colcon.colcon_core.verb:set package 'turtle_package' build argument 'cmake_clean_cache' from command line to 'False'
[0.239s] Level 5:colcon.colcon_core.verb:set package 'turtle_package' build argument 'cmake_clean_first' from command line to 'False'
[0.239s] Level 5:colcon.colcon_core.verb:set package 'turtle_package' build argument 'cmake_force_configure' from command line to 'False'
[0.239s] Level 5:colcon.colcon_core.verb:set package 'turtle_package' build argument 'ament_cmake_args' from command line to 'None'
[0.239s] Level 5:colcon.colcon_core.verb:set package 'turtle_package' build argument 'catkin_cmake_args' from command line to 'None'
[0.239s] Level 5:colcon.colcon_core.verb:set package 'turtle_package' build argument 'catkin_skip_building_tests' from command line to 'False'
[0.239s] DEBUG:colcon.colcon_core.verb:Building package 'turtle_package' with the following arguments: {'ament_cmake_args': None, 'build_base': '/home/zaynap/ROS-starter-tutorial/ROS2_demo_ws/build/turtle_package', 'catkin_cmake_args': None, 'catkin_skip_building_tests': False, 'cmake_args': None, 'cmake_clean_cache': False, 'cmake_clean_first': False, 'cmake_force_configure': False, 'cmake_target': None, 'cmake_target_skip_unavailable': False, 'install_base': '/home/zaynap/ROS-starter-tutorial/ROS2_demo_ws/install/turtle_package', 'merge_install': False, 'path': '/home/zaynap/ROS-starter-tutorial/ROS2_demo_ws/src/turtle_package', 'symlink_install': False, 'test_result_base': None}
[0.240s] Level 5:colcon.colcon_core.verb:set package 'robot_info_system2' build argument 'cmake_args' from command line to 'None'
[0.240s] Level 5:colcon.colcon_core.verb:set package 'robot_info_system2' build argument 'cmake_target' from command line to 'None'
[0.240s] Level 5:colcon.colcon_core.verb:set package 'robot_info_system2' build argument 'cmake_target_skip_unavailable' from command line to 'False'
[0.240s] Level 5:colcon.colcon_core.verb:set package 'robot_info_system2' build argument 'cmake_clean_cache' from command line to 'False'
[0.240s] Level 5:colcon.colcon_core.verb:set package 'robot_info_system2' build argument 'cmake_clean_first' from command line to 'False'
[0.240s] Level 5:colcon.colcon_core.verb:set package 'robot_info_system2' build argument 'cmake_force_configure' from command line to 'False'
[0.240s] Level 5:colcon.colcon_core.verb:set package 'robot_info_system2' build argument 'ament_cmake_args' from command line to 'None'
[0.240s] Level 5:colcon.colcon_core.verb:set package 'robot_info_system2' build argument 'catkin_cmake_args' from command line to 'None'
[0.240s] Level 5:colcon.colcon_core.verb:set package 'robot_info_system2' build argument 'catkin_skip_building_tests' from command line to 'False'
[0.240s] DEBUG:colcon.colcon_core.verb:Building package 'robot_info_system2' with the following arguments: {'ament_cmake_args': None, 'build_base': '/home/zaynap/ROS-starter-tutorial/ROS2_demo_ws/build/robot_info_system2', 'catkin_cmake_args': None, 'catkin_skip_building_tests': False, 'cmake_args': None, 'cmake_clean_cache': False, 'cmake_clean_first': False, 'cmake_force_configure': False, 'cmake_target': None, 'cmake_target_skip_unavailable': False, 'install_base': '/home/zaynap/ROS-starter-tutorial/ROS2_demo_ws/install/robot_info_system2', 'merge_install': False, 'path': '/home/zaynap/ROS-starter-tutorial/ROS2_demo_ws/src/robot_info_system2', 'symlink_install': False, 'test_result_base': None}
[0.240s] INFO:colcon.colcon_core.executor:Executing jobs using 'parallel' executor
[0.241s] DEBUG:colcon.colcon_parallel_executor.executor.parallel:run_until_complete
[0.241s] INFO:colcon.colcon_ros.task.ament_cmake.build:Building ROS package in '/home/zaynap/ROS-starter-tutorial/ROS2_demo_ws/src/robot_info_system_msg' with build type 'ament_cmake'
[0.241s] INFO:colcon.colcon_cmake.task.cmake.build:Building CMake package in '/home/zaynap/ROS-starter-tutorial/ROS2_demo_ws/src/robot_info_system_msg'
[0.243s] INFO:colcon.colcon_core.plugin_system:Skipping extension 'colcon_core.shell.bat': Not used on non-Windows systems
[0.243s] INFO:colcon.colcon_core.shell:Skip shell extension 'powershell' for command environment: Not usable outside of PowerShell
[0.243s] DEBUG:colcon.colcon_core.shell:Skip shell extension 'dsv' for command environment
[0.246s] INFO:colcon.colcon_ros.task.ament_cmake.build:Building ROS package in '/home/zaynap/ROS-starter-tutorial/ROS2_demo_ws/src/turtle_package' with build type 'ament_cmake'
[0.246s] INFO:colcon.colcon_cmake.task.cmake.build:Building CMake package in '/home/zaynap/ROS-starter-tutorial/ROS2_demo_ws/src/turtle_package'
[0.246s] INFO:colcon.colcon_core.shell:Skip shell extension 'powershell' for command environment: Not usable outside of PowerShell
[0.246s] DEBUG:colcon.colcon_core.shell:Skip shell extension 'dsv' for command environment
[0.254s] DEBUG:colcon.colcon_core.event_handler.log_command:Invoking command in '/home/zaynap/ROS-starter-tutorial/ROS2_demo_ws/build/robot_info_system_msg': CMAKE_PREFIX_PATH=${CMAKE_PREFIX_PATH}:/home/zaynap/ROS-starter-tutorial/ROS2_demo_ws/install/robot_info_system2:/home/zaynap/ROS-starter-tutorial/ROS2_demo_ws/install/robot_info_system:/opt/ros/humble /usr/bin/cmake --build /home/zaynap/ROS-starter-tutorial/ROS2_demo_ws/build/robot_info_system_msg -- -j8 -l8
[0.268s] DEBUG:colcon.colcon_core.event_handler.log_command:Invoking command in '/home/zaynap/ROS-starter-tutorial/ROS2_demo_ws/build/turtle_package': CMAKE_PREFIX_PATH=${CMAKE_PREFIX_PATH}:/home/zaynap/ROS-starter-tutorial/ROS2_demo_ws/install/robot_info_system2:/home/zaynap/ROS-starter-tutorial/ROS2_demo_ws/install/robot_info_system:/opt/ros/humble /usr/bin/cmake --build /home/zaynap/ROS-starter-tutorial/ROS2_demo_ws/build/turtle_package -- -j8 -l8
[0.309s] DEBUG:colcon.colcon_core.event_handler.log_command:Invoked command in '/home/zaynap/ROS-starter-tutorial/ROS2_demo_ws/build/turtle_package' returned '0': CMAKE_PREFIX_PATH=${CMAKE_PREFIX_PATH}:/home/zaynap/ROS-starter-tutorial/ROS2_demo_ws/install/robot_info_system2:/home/zaynap/ROS-starter-tutorial/ROS2_demo_ws/install/robot_info_system:/opt/ros/humble /usr/bin/cmake --build /home/zaynap/ROS-starter-tutorial/ROS2_demo_ws/build/turtle_package -- -j8 -l8
[0.343s] DEBUG:colcon.colcon_core.event_handler.log_command:Invoking command in '/home/zaynap/ROS-starter-tutorial/ROS2_demo_ws/build/turtle_package': CMAKE_PREFIX_PATH=${CMAKE_PREFIX_PATH}:/home/zaynap/ROS-starter-tutorial/ROS2_demo_ws/install/robot_info_system2:/home/zaynap/ROS-starter-tutorial/ROS2_demo_ws/install/robot_info_system:/opt/ros/humble /usr/bin/cmake --install /home/zaynap/ROS-starter-tutorial/ROS2_demo_ws/build/turtle_package
[0.354s] Level 1:colcon.colcon_core.environment:create_environment_scripts_only(turtle_package)
[0.354s] DEBUG:colcon.colcon_core.event_handler.log_command:Invoked command in '/home/zaynap/ROS-starter-tutorial/ROS2_demo_ws/build/turtle_package' returned '0': CMAKE_PREFIX_PATH=${CMAKE_PREFIX_PATH}:/home/zaynap/ROS-starter-tutorial/ROS2_demo_ws/install/robot_info_system2:/home/zaynap/ROS-starter-tutorial/ROS2_demo_ws/install/robot_info_system:/opt/ros/humble /usr/bin/cmake --install /home/zaynap/ROS-starter-tutorial/ROS2_demo_ws/build/turtle_package
[0.357s] Level 1:colcon.colcon_core.environment:checking '/home/zaynap/ROS-starter-tutorial/ROS2_demo_ws/install/turtle_package' for CMake module files
[0.358s] Level 1:colcon.colcon_core.environment:checking '/home/zaynap/ROS-starter-tutorial/ROS2_demo_ws/install/turtle_package' for CMake config files
[0.358s] Level 1:colcon.colcon_core.shell:create_environment_hook('turtle_package', 'cmake_prefix_path')
[0.359s] INFO:colcon.colcon_core.shell:Creating environment hook '/home/zaynap/ROS-starter-tutorial/ROS2_demo_ws/install/turtle_package/share/turtle_package/hook/cmake_prefix_path.ps1'
[0.360s] INFO:colcon.colcon_core.shell:Creating environment descriptor '/home/zaynap/ROS-starter-tutorial/ROS2_demo_ws/install/turtle_package/share/turtle_package/hook/cmake_prefix_path.dsv'
[0.360s] INFO:colcon.colcon_core.shell:Creating environment hook '/home/zaynap/ROS-starter-tutorial/ROS2_demo_ws/install/turtle_package/share/turtle_package/hook/cmake_prefix_path.sh'
[0.362s] Level 1:colcon.colcon_core.environment:checking '/home/zaynap/ROS-starter-tutorial/ROS2_demo_ws/install/turtle_package/lib'
[0.362s] Level 1:colcon.colcon_core.environment:checking '/home/zaynap/ROS-starter-tutorial/ROS2_demo_ws/install/turtle_package/bin'
[0.362s] Level 1:colcon.colcon_core.environment:checking '/home/zaynap/ROS-starter-tutorial/ROS2_demo_ws/install/turtle_package/lib/pkgconfig/turtle_package.pc'
[0.362s] Level 1:colcon.colcon_core.environment:checking '/home/zaynap/ROS-starter-tutorial/ROS2_demo_ws/install/turtle_package/lib/python3.10/site-packages'
[0.363s] Level 1:colcon.colcon_core.environment:checking '/home/zaynap/ROS-starter-tutorial/ROS2_demo_ws/install/turtle_package/bin'
[0.363s] INFO:colcon.colcon_core.shell:Creating package script '/home/zaynap/ROS-starter-tutorial/ROS2_demo_ws/install/turtle_package/share/turtle_package/package.ps1'
[0.364s] INFO:colcon.colcon_core.shell:Creating package descriptor '/home/zaynap/ROS-starter-tutorial/ROS2_demo_ws/install/turtle_package/share/turtle_package/package.dsv'
[0.365s] INFO:colcon.colcon_core.shell:Creating package script '/home/zaynap/ROS-starter-tutorial/ROS2_demo_ws/install/turtle_package/share/turtle_package/package.sh'
[0.366s] INFO:colcon.colcon_core.shell:Creating package script '/home/zaynap/ROS-starter-tutorial/ROS2_demo_ws/install/turtle_package/share/turtle_package/package.bash'
[0.367s] INFO:colcon.colcon_core.shell:Creating package script '/home/zaynap/ROS-starter-tutorial/ROS2_demo_ws/install/turtle_package/share/turtle_package/package.zsh'
[0.369s] Level 1:colcon.colcon_core.environment:create_file_with_runtime_dependencies(/home/zaynap/ROS-starter-tutorial/ROS2_demo_ws/install/turtle_package/share/colcon-core/packages/turtle_package)
[0.389s] Level 1:colcon.colcon_core.environment:create_environment_scripts_only(turtle_package)
[0.389s] Level 1:colcon.colcon_core.environment:checking '/home/zaynap/ROS-starter-tutorial/ROS2_demo_ws/install/turtle_package' for CMake module files
[0.390s] Level 1:colcon.colcon_core.environment:checking '/home/zaynap/ROS-starter-tutorial/ROS2_demo_ws/install/turtle_package' for CMake config files
[0.390s] Level 1:colcon.colcon_core.shell:create_environment_hook('turtle_package', 'cmake_prefix_path')
[0.390s] INFO:colcon.colcon_core.shell:Creating environment hook '/home/zaynap/ROS-starter-tutorial/ROS2_demo_ws/install/turtle_package/share/turtle_package/hook/cmake_prefix_path.ps1'
[0.391s] INFO:colcon.colcon_core.shell:Creating environment descriptor '/home/zaynap/ROS-starter-tutorial/ROS2_demo_ws/install/turtle_package/share/turtle_package/hook/cmake_prefix_path.dsv'
[0.392s] INFO:colcon.colcon_core.shell:Creating environment hook '/home/zaynap/ROS-starter-tutorial/ROS2_demo_ws/install/turtle_package/share/turtle_package/hook/cmake_prefix_path.sh'
[0.392s] Level 1:colcon.colcon_core.environment:checking '/home/zaynap/ROS-starter-tutorial/ROS2_demo_ws/install/turtle_package/lib'
[0.392s] Level 1:colcon.colcon_core.environment:checking '/home/zaynap/ROS-starter-tutorial/ROS2_demo_ws/install/turtle_package/bin'
[0.393s] Level 1:colcon.colcon_core.environment:checking '/home/zaynap/ROS-starter-tutorial/ROS2_demo_ws/install/turtle_package/lib/pkgconfig/turtle_package.pc'
[0.393s] Level 1:colcon.colcon_core.environment:checking '/home/zaynap/ROS-starter-tutorial/ROS2_demo_ws/install/turtle_package/lib/python3.10/site-packages'
[0.393s] Level 1:colcon.colcon_core.environment:checking '/home/zaynap/ROS-starter-tutorial/ROS2_demo_ws/install/turtle_package/bin'
[0.394s] INFO:colcon.colcon_core.shell:Creating package script '/home/zaynap/ROS-starter-tutorial/ROS2_demo_ws/install/turtle_package/share/turtle_package/package.ps1'
[0.395s] INFO:colcon.colcon_core.shell:Creating package descriptor '/home/zaynap/ROS-starter-tutorial/ROS2_demo_ws/install/turtle_package/share/turtle_package/package.dsv'
[0.395s] INFO:colcon.colcon_core.shell:Creating package script '/home/zaynap/ROS-starter-tutorial/ROS2_demo_ws/install/turtle_package/share/turtle_package/package.sh'
[0.396s] INFO:colcon.colcon_core.shell:Creating package script '/home/zaynap/ROS-starter-tutorial/ROS2_demo_ws/install/turtle_package/share/turtle_package/package.bash'
[0.397s] INFO:colcon.colcon_core.shell:Creating package script '/home/zaynap/ROS-starter-tutorial/ROS2_demo_ws/install/turtle_package/share/turtle_package/package.zsh'
[0.397s] Level 1:colcon.colcon_core.environment:create_file_with_runtime_dependencies(/home/zaynap/ROS-starter-tutorial/ROS2_demo_ws/install/turtle_package/share/colcon-core/packages/turtle_package)
[0.682s] DEBUG:colcon.colcon_core.event_handler.log_command:Invoked command in '/home/zaynap/ROS-starter-tutorial/ROS2_demo_ws/build/robot_info_system_msg' returned '0': CMAKE_PREFIX_PATH=${CMAKE_PREFIX_PATH}:/home/zaynap/ROS-starter-tutorial/ROS2_demo_ws/install/robot_info_system2:/home/zaynap/ROS-starter-tutorial/ROS2_demo_ws/install/robot_info_system:/opt/ros/humble /usr/bin/cmake --build /home/zaynap/ROS-starter-tutorial/ROS2_demo_ws/build/robot_info_system_msg -- -j8 -l8
[0.730s] DEBUG:colcon.colcon_core.event_handler.log_command:Invoking command in '/home/zaynap/ROS-starter-tutorial/ROS2_demo_ws/build/robot_info_system_msg': CMAKE_PREFIX_PATH=${CMAKE_PREFIX_PATH}:/home/zaynap/ROS-starter-tutorial/ROS2_demo_ws/install/robot_info_system2:/home/zaynap/ROS-starter-tutorial/ROS2_demo_ws/install/robot_info_system:/opt/ros/humble /usr/bin/cmake --install /home/zaynap/ROS-starter-tutorial/ROS2_demo_ws/build/robot_info_system_msg
[0.784s] Level 1:colcon.colcon_core.environment:create_environment_scripts_only(robot_info_system_msg)
[0.784s] Level 1:colcon.colcon_core.environment:checking '/home/zaynap/ROS-starter-tutorial/ROS2_demo_ws/install/robot_info_system_msg' for CMake module files
[0.785s] DEBUG:colcon.colcon_core.event_handler.log_command:Invoked command in '/home/zaynap/ROS-starter-tutorial/ROS2_demo_ws/build/robot_info_system_msg' returned '0': CMAKE_PREFIX_PATH=${CMAKE_PREFIX_PATH}:/home/zaynap/ROS-starter-tutorial/ROS2_demo_ws/install/robot_info_system2:/home/zaynap/ROS-starter-tutorial/ROS2_demo_ws/install/robot_info_system:/opt/ros/humble /usr/bin/cmake --install /home/zaynap/ROS-starter-tutorial/ROS2_demo_ws/build/robot_info_system_msg
[0.785s] Level 1:colcon.colcon_core.environment:checking '/home/zaynap/ROS-starter-tutorial/ROS2_demo_ws/install/robot_info_system_msg' for CMake config files
[0.785s] Level 1:colcon.colcon_core.shell:create_environment_hook('robot_info_system_msg', 'cmake_prefix_path')
[0.786s] INFO:colcon.colcon_core.shell:Creating environment hook '/home/zaynap/ROS-starter-tutorial/ROS2_demo_ws/install/robot_info_system_msg/share/robot_info_system_msg/hook/cmake_prefix_path.ps1'
[0.786s] INFO:colcon.colcon_core.shell:Creating environment descriptor '/home/zaynap/ROS-starter-tutorial/ROS2_demo_ws/install/robot_info_system_msg/share/robot_info_system_msg/hook/cmake_prefix_path.dsv'
[0.786s] INFO:colcon.colcon_core.shell:Creating environment hook '/home/zaynap/ROS-starter-tutorial/ROS2_demo_ws/install/robot_info_system_msg/share/robot_info_system_msg/hook/cmake_prefix_path.sh'
[0.787s] Level 1:colcon.colcon_core.environment:checking '/home/zaynap/ROS-starter-tutorial/ROS2_demo_ws/install/robot_info_system_msg/lib'
[0.787s] Level 1:colcon.colcon_core.shell:create_environment_hook('robot_info_system_msg', 'ld_library_path_lib')
[0.787s] INFO:colcon.colcon_core.shell:Creating environment hook '/home/zaynap/ROS-starter-tutorial/ROS2_demo_ws/install/robot_info_system_msg/share/robot_info_system_msg/hook/ld_library_path_lib.ps1'
[0.788s] INFO:colcon.colcon_core.shell:Creating environment descriptor '/home/zaynap/ROS-starter-tutorial/ROS2_demo_ws/install/robot_info_system_msg/share/robot_info_system_msg/hook/ld_library_path_lib.dsv'
[0.788s] INFO:colcon.colcon_core.shell:Creating environment hook '/home/zaynap/ROS-starter-tutorial/ROS2_demo_ws/install/robot_info_system_msg/share/robot_info_system_msg/hook/ld_library_path_lib.sh'
[0.788s] Level 1:colcon.colcon_core.environment:checking '/home/zaynap/ROS-starter-tutorial/ROS2_demo_ws/install/robot_info_system_msg/bin'
[0.788s] Level 1:colcon.colcon_core.environment:checking '/home/zaynap/ROS-starter-tutorial/ROS2_demo_ws/install/robot_info_system_msg/lib/pkgconfig/robot_info_system_msg.pc'
[0.789s] Level 1:colcon.colcon_core.environment:checking '/home/zaynap/ROS-starter-tutorial/ROS2_demo_ws/install/robot_info_system_msg/lib/python3.10/site-packages'
[0.789s] Level 1:colcon.colcon_core.environment:checking '/home/zaynap/ROS-starter-tutorial/ROS2_demo_ws/install/robot_info_system_msg/bin'
[0.789s] INFO:colcon.colcon_core.shell:Creating package script '/home/zaynap/ROS-starter-tutorial/ROS2_demo_ws/install/robot_info_system_msg/share/robot_info_system_msg/package.ps1'
[0.790s] INFO:colcon.colcon_core.shell:Creating package descriptor '/home/zaynap/ROS-starter-tutorial/ROS2_demo_ws/install/robot_info_system_msg/share/robot_info_system_msg/package.dsv'
[0.790s] INFO:colcon.colcon_core.shell:Creating package script '/home/zaynap/ROS-starter-tutorial/ROS2_demo_ws/install/robot_info_system_msg/share/robot_info_system_msg/package.sh'
[0.790s] INFO:colcon.colcon_core.shell:Creating package script '/home/zaynap/ROS-starter-tutorial/ROS2_demo_ws/install/robot_info_system_msg/share/robot_info_system_msg/package.bash'
[0.791s] INFO:colcon.colcon_core.shell:Creating package script '/home/zaynap/ROS-starter-tutorial/ROS2_demo_ws/install/robot_info_system_msg/share/robot_info_system_msg/package.zsh'
[0.791s] Level 1:colcon.colcon_core.environment:create_file_with_runtime_dependencies(/home/zaynap/ROS-starter-tutorial/ROS2_demo_ws/install/robot_info_system_msg/share/colcon-core/packages/robot_info_system_msg)
[0.833s] Level 1:colcon.colcon_core.environment:create_environment_scripts_only(robot_info_system_msg)
[0.834s] Level 1:colcon.colcon_core.environment:checking '/home/zaynap/ROS-starter-tutorial/ROS2_demo_ws/install/robot_info_system_msg' for CMake module files
[0.834s] Level 1:colcon.colcon_core.environment:checking '/home/zaynap/ROS-starter-tutorial/ROS2_demo_ws/install/robot_info_system_msg' for CMake config files
[0.835s] Level 1:colcon.colcon_core.shell:create_environment_hook('robot_info_system_msg', 'cmake_prefix_path')
[0.835s] INFO:colcon.colcon_core.shell:Creating environment hook '/home/zaynap/ROS-starter-tutorial/ROS2_demo_ws/install/robot_info_system_msg/share/robot_info_system_msg/hook/cmake_prefix_path.ps1'
[0.835s] INFO:colcon.colcon_core.shell:Creating environment descriptor '/home/zaynap/ROS-starter-tutorial/ROS2_demo_ws/install/robot_info_system_msg/share/robot_info_system_msg/hook/cmake_prefix_path.dsv'
[0.836s] INFO:colcon.colcon_core.shell:Creating environment hook '/home/zaynap/ROS-starter-tutorial/ROS2_demo_ws/install/robot_info_system_msg/share/robot_info_system_msg/hook/cmake_prefix_path.sh'
[0.836s] Level 1:colcon.colcon_core.environment:checking '/home/zaynap/ROS-starter-tutorial/ROS2_demo_ws/install/robot_info_system_msg/lib'
[0.836s] Level 1:colcon.colcon_core.shell:create_environment_hook('robot_info_system_msg', 'ld_library_path_lib')
[0.836s] INFO:colcon.colcon_core.shell:Creating environment hook '/home/zaynap/ROS-starter-tutorial/ROS2_demo_ws/install/robot_info_system_msg/share/robot_info_system_msg/hook/ld_library_path_lib.ps1'
[0.837s] INFO:colcon.colcon_core.shell:Creating environment descriptor '/home/zaynap/ROS-starter-tutorial/ROS2_demo_ws/install/robot_info_system_msg/share/robot_info_system_msg/hook/ld_library_path_lib.dsv'
[0.837s] INFO:colcon.colcon_core.shell:Creating environment hook '/home/zaynap/ROS-starter-tutorial/ROS2_demo_ws/install/robot_info_system_msg/share/robot_info_system_msg/hook/ld_library_path_lib.sh'
[0.837s] Level 1:colcon.colcon_core.environment:checking '/home/zaynap/ROS-starter-tutorial/ROS2_demo_ws/install/robot_info_system_msg/bin'
[0.837s] Level 1:colcon.colcon_core.environment:checking '/home/zaynap/ROS-starter-tutorial/ROS2_demo_ws/install/robot_info_system_msg/lib/pkgconfig/robot_info_system_msg.pc'
[0.838s] Level 1:colcon.colcon_core.environment:checking '/home/zaynap/ROS-starter-tutorial/ROS2_demo_ws/install/robot_info_system_msg/lib/python3.10/site-packages'
[0.838s] Level 1:colcon.colcon_core.environment:checking '/home/zaynap/ROS-starter-tutorial/ROS2_demo_ws/install/robot_info_system_msg/bin'
[0.838s] INFO:colcon.colcon_core.shell:Creating package script '/home/zaynap/ROS-starter-tutorial/ROS2_demo_ws/install/robot_info_system_msg/share/robot_info_system_msg/package.ps1'
[0.839s] INFO:colcon.colcon_core.shell:Creating package descriptor '/home/zaynap/ROS-starter-tutorial/ROS2_demo_ws/install/robot_info_system_msg/share/robot_info_system_msg/package.dsv'
[0.839s] INFO:colcon.colcon_core.shell:Creating package script '/home/zaynap/ROS-starter-tutorial/ROS2_demo_ws/install/robot_info_system_msg/share/robot_info_system_msg/package.sh'
[0.840s] INFO:colcon.colcon_core.shell:Creating package script '/home/zaynap/ROS-starter-tutorial/ROS2_demo_ws/install/robot_info_system_msg/share/robot_info_system_msg/package.bash'
[0.840s] INFO:colcon.colcon_core.shell:Creating package script '/home/zaynap/ROS-starter-tutorial/ROS2_demo_ws/install/robot_info_system_msg/share/robot_info_system_msg/package.zsh'
[0.840s] Level 1:colcon.colcon_core.environment:create_file_with_runtime_dependencies(/home/zaynap/ROS-starter-tutorial/ROS2_demo_ws/install/robot_info_system_msg/share/colcon-core/packages/robot_info_system_msg)
[0.841s] INFO:colcon.colcon_ros.task.ament_python.build:Building ROS package in '/home/zaynap/ROS-starter-tutorial/ROS2_demo_ws/src/robot_info_system2' with build type 'ament_python'
[0.841s] Level 1:colcon.colcon_core.shell:create_environment_hook('robot_info_system2', 'ament_prefix_path')
[0.841s] INFO:colcon.colcon_core.shell:Creating environment hook '/home/zaynap/ROS-starter-tutorial/ROS2_demo_ws/install/robot_info_system2/share/robot_info_system2/hook/ament_prefix_path.ps1'
[0.842s] INFO:colcon.colcon_core.shell:Creating environment descriptor '/home/zaynap/ROS-starter-tutorial/ROS2_demo_ws/install/robot_info_system2/share/robot_info_system2/hook/ament_prefix_path.dsv'
[0.842s] INFO:colcon.colcon_core.shell:Creating environment hook '/home/zaynap/ROS-starter-tutorial/ROS2_demo_ws/install/robot_info_system2/share/robot_info_system2/hook/ament_prefix_path.sh'
[0.843s] INFO:colcon.colcon_core.shell:Skip shell extension 'powershell' for command environment: Not usable outside of PowerShell
[0.843s] DEBUG:colcon.colcon_core.shell:Skip shell extension 'dsv' for command environment
[1.074s] INFO:colcon.colcon_core.task.python.build:Building Python package in '/home/zaynap/ROS-starter-tutorial/ROS2_demo_ws/src/robot_info_system2'
[1.074s] INFO:colcon.colcon_core.shell:Skip shell extension 'powershell' for command environment: Not usable outside of PowerShell
[1.074s] DEBUG:colcon.colcon_core.shell:Skip shell extension 'dsv' for command environment
[1.653s] DEBUG:colcon.colcon_core.event_handler.log_command:Invoking command in '/home/zaynap/ROS-starter-tutorial/ROS2_demo_ws/src/robot_info_system2': CMAKE_PREFIX_PATH=/home/zaynap/ROS-starter-tutorial/ROS2_demo_ws/install/robot_info_system_msg:/home/zaynap/ROS-starter-tutorial/ROS2_demo_ws/install/turtle_package PYTHONPATH=/home/zaynap/ROS-starter-tutorial/ROS2_demo_ws/build/robot_info_system2/prefix_override:/usr/lib/python3/dist-packages/colcon_core/task/python/colcon_distutils_commands:/home/zaynap/ROS-starter-tutorial/ROS2_demo_ws/install/robot_info_system2/lib/python3.10/site-packages:${PYTHONPATH} /usr/bin/python3 -W ignore:setup.py install is deprecated setup.py egg_info --egg-base ../../build/robot_info_system2 build --build-base /home/zaynap/ROS-starter-tutorial/ROS2_demo_ws/build/robot_info_system2/build install --record /home/zaynap/ROS-starter-tutorial/ROS2_demo_ws/build/robot_info_system2/install.log --single-version-externally-managed install_data
[2.244s] Level 1:colcon.colcon_core.environment:checking '/home/zaynap/ROS-starter-tutorial/ROS2_demo_ws/install/robot_info_system2' for CMake module files
[2.245s] DEBUG:colcon.colcon_core.event_handler.log_command:Invoked command in '/home/zaynap/ROS-starter-tutorial/ROS2_demo_ws/src/robot_info_system2' returned '0': CMAKE_PREFIX_PATH=/home/zaynap/ROS-starter-tutorial/ROS2_demo_ws/install/robot_info_system_msg:/home/zaynap/ROS-starter-tutorial/ROS2_demo_ws/install/turtle_package PYTHONPATH=/home/zaynap/ROS-starter-tutorial/ROS2_demo_ws/build/robot_info_system2/prefix_override:/usr/lib/python3/dist-packages/colcon_core/task/python/colcon_distutils_commands:/home/zaynap/ROS-starter-tutorial/ROS2_demo_ws/install/robot_info_system2/lib/python3.10/site-packages:${PYTHONPATH} /usr/bin/python3 -W ignore:setup.py install is deprecated setup.py egg_info --egg-base ../../build/robot_info_system2 build --build-base /home/zaynap/ROS-starter-tutorial/ROS2_demo_ws/build/robot_info_system2/build install --record /home/zaynap/ROS-starter-tutorial/ROS2_demo_ws/build/robot_info_system2/install.log --single-version-externally-managed install_data
[2.245s] Level 1:colcon.colcon_core.environment:checking '/home/zaynap/ROS-starter-tutorial/ROS2_demo_ws/install/robot_info_system2' for CMake config files
[2.246s] Level 1:colcon.colcon_core.environment:checking '/home/zaynap/ROS-starter-tutorial/ROS2_demo_ws/install/robot_info_system2/lib'
[2.246s] Level 1:colcon.colcon_core.environment:checking '/home/zaynap/ROS-starter-tutorial/ROS2_demo_ws/install/robot_info_system2/bin'
[2.246s] Level 1:colcon.colcon_core.environment:checking '/home/zaynap/ROS-starter-tutorial/ROS2_demo_ws/install/robot_info_system2/lib/pkgconfig/robot_info_system2.pc'
[2.246s] Level 1:colcon.colcon_core.environment:checking '/home/zaynap/ROS-starter-tutorial/ROS2_demo_ws/install/robot_info_system2/lib/python3.10/site-packages'
[2.246s] Level 1:colcon.colcon_core.shell:create_environment_hook('robot_info_system2', 'pythonpath')
[2.246s] INFO:colcon.colcon_core.shell:Creating environment hook '/home/zaynap/ROS-starter-tutorial/ROS2_demo_ws/install/robot_info_system2/share/robot_info_system2/hook/pythonpath.ps1'
[2.247s] INFO:colcon.colcon_core.shell:Creating environment descriptor '/home/zaynap/ROS-starter-tutorial/ROS2_demo_ws/install/robot_info_system2/share/robot_info_system2/hook/pythonpath.dsv'
[2.247s] INFO:colcon.colcon_core.shell:Creating environment hook '/home/zaynap/ROS-starter-tutorial/ROS2_demo_ws/install/robot_info_system2/share/robot_info_system2/hook/pythonpath.sh'
[2.247s] Level 1:colcon.colcon_core.environment:checking '/home/zaynap/ROS-starter-tutorial/ROS2_demo_ws/install/robot_info_system2/bin'
[2.248s] Level 1:colcon.colcon_core.environment:create_environment_scripts_only(robot_info_system2)
[2.248s] INFO:colcon.colcon_core.shell:Creating package script '/home/zaynap/ROS-starter-tutorial/ROS2_demo_ws/install/robot_info_system2/share/robot_info_system2/package.ps1'
[2.248s] INFO:colcon.colcon_core.shell:Creating package descriptor '/home/zaynap/ROS-starter-tutorial/ROS2_demo_ws/install/robot_info_system2/share/robot_info_system2/package.dsv'
[2.249s] INFO:colcon.colcon_core.shell:Creating package script '/home/zaynap/ROS-starter-tutorial/ROS2_demo_ws/install/robot_info_system2/share/robot_info_system2/package.sh'
[2.249s] INFO:colcon.colcon_core.shell:Creating package script '/home/zaynap/ROS-starter-tutorial/ROS2_demo_ws/install/robot_info_system2/share/robot_info_system2/package.bash'
[2.250s] INFO:colcon.colcon_core.shell:Creating package script '/home/zaynap/ROS-starter-tutorial/ROS2_demo_ws/install/robot_info_system2/share/robot_info_system2/package.zsh'
[2.250s] Level 1:colcon.colcon_core.environment:create_file_with_runtime_dependencies(/home/zaynap/ROS-starter-tutorial/ROS2_demo_ws/install/robot_info_system2/share/colcon-core/packages/robot_info_system2)
[2.250s] DEBUG:colcon.colcon_parallel_executor.executor.parallel:closing loop
[2.250s] DEBUG:colcon.colcon_parallel_executor.executor.parallel:loop closed
[2.250s] DEBUG:colcon.colcon_parallel_executor.executor.parallel:run_until_complete finished with '0'
[2.250s] DEBUG:colcon.colcon_core.event_reactor:joining thread
[2.255s] INFO:colcon.colcon_core.plugin_system:Skipping extension 'colcon_notification.desktop_notification.terminal_notifier': Not used on non-Darwin systems
[2.255s] INFO:colcon.colcon_core.plugin_system:Skipping extension 'colcon_notification.desktop_notification.win32': Not used on non-Windows systems
[2.255s] INFO:colcon.colcon_notification.desktop_notification:Sending desktop notification using 'notify2'
[2.266s] DEBUG:colcon.colcon_core.event_reactor:joined thread
[2.266s] INFO:colcon.colcon_core.shell:Creating prefix script '/home/zaynap/ROS-starter-tutorial/ROS2_demo_ws/install/local_setup.ps1'
[2.267s] INFO:colcon.colcon_core.shell:Creating prefix util module '/home/zaynap/ROS-starter-tutorial/ROS2_demo_ws/install/_local_setup_util_ps1.py'
[2.269s] INFO:colcon.colcon_core.shell:Creating prefix chain script '/home/zaynap/ROS-starter-tutorial/ROS2_demo_ws/install/setup.ps1'
[2.270s] INFO:colcon.colcon_core.shell:Creating prefix script '/home/zaynap/ROS-starter-tutorial/ROS2_demo_ws/install/local_setup.sh'
[2.270s] INFO:colcon.colcon_core.shell:Creating prefix util module '/home/zaynap/ROS-starter-tutorial/ROS2_demo_ws/install/_local_setup_util_sh.py'
[2.271s] INFO:colcon.colcon_core.shell:Creating prefix chain script '/home/zaynap/ROS-starter-tutorial/ROS2_demo_ws/install/setup.sh'
[2.272s] INFO:colcon.colcon_core.shell:Creating prefix script '/home/zaynap/ROS-starter-tutorial/ROS2_demo_ws/install/local_setup.bash'
[2.273s] INFO:colcon.colcon_core.shell:Creating prefix chain script '/home/zaynap/ROS-starter-tutorial/ROS2_demo_ws/install/setup.bash'
[2.274s] INFO:colcon.colcon_core.shell:Creating prefix script '/home/zaynap/ROS-starter-tutorial/ROS2_demo_ws/install/local_setup.zsh'
[2.274s] INFO:colcon.colcon_core.shell:Creating prefix chain script '/home/zaynap/ROS-starter-tutorial/ROS2_demo_ws/install/setup.zsh'
