[0.019s] Invoking command in '/home/zaynap/ROS-starter-tutorial/ROS2_demo_ws/build/robot_info_system_msg': CMAKE_PREFIX_PATH=${CMAKE_PREFIX_PATH}:/home/zaynap/ROS-starter-tutorial/ROS2_demo_ws/install/robot_info_system:/opt/ros/humble /usr/bin/cmake /home/zaynap/ROS-starter-tutorial/ROS2_demo_ws/src/robot_info_system_msg -DCMAKE_INSTALL_PREFIX=/home/zaynap/ROS-starter-tutorial/ROS2_demo_ws/install/robot_info_system_msg
[0.279s] -- The C compiler identification is GNU 11.4.0
[0.279s] -- The CXX compiler identification is GNU 11.4.0
[0.279s] -- Detecting C compiler ABI info
[0.279s] -- Detecting C compiler ABI info - done
[0.279s] -- Check for working C compiler: /usr/bin/cc - skipped
[0.279s] -- Detecting C compile features
[0.279s] -- Detecting C compile features - done
[0.279s] -- Detecting CXX compiler ABI info
[0.283s] -- Detecting CXX compiler ABI info - done
[0.289s] -- Check for working CXX compiler: /usr/bin/c++ - skipped
[0.289s] -- Detecting CXX compile features
[0.290s] -- Detecting CXX compile features - done
[0.291s] -- Found ament_cmake: 1.3.10 (/opt/ros/humble/share/ament_cmake/cmake)
[0.661s] -- Found Python3: /usr/bin/python3 (found version "3.10.12") found components: Interpreter 
[0.743s] -- Found rosidl_default_generators: 1.2.0 (/opt/ros/humble/share/rosidl_default_generators/cmake)
[0.746s] -- Using all available rosidl_typesupport_c: rosidl_typesupport_fastrtps_c;rosidl_typesupport_introspection_c
[0.751s] -- Found rosidl_adapter: 3.1.5 (/opt/ros/humble/share/rosidl_adapter/cmake)
[0.790s] -- Using all available rosidl_typesupport_cpp: rosidl_typesupport_fastrtps_cpp;rosidl_typesupport_introspection_cpp
[0.820s] -- Found std_msgs: 4.2.4 (/opt/ros/humble/share/std_msgs/cmake)
[1.154s] -- Found ament_cmake_ros: 0.10.0 (/opt/ros/humble/share/ament_cmake_ros/cmake)
[1.384s] -- Using all available rosidl_typesupport_c: rosidl_typesupport_fastrtps_c;rosidl_typesupport_introspection_c
[1.683s] -- Using all available rosidl_typesupport_cpp: rosidl_typesupport_fastrtps_cpp;rosidl_typesupport_introspection_cpp
[1.709s] -- Found PythonInterp: /usr/bin/python3 (found suitable version "3.10.12", minimum required is "3.6") 
[1.710s] -- Found python_cmake_module: 0.10.0 (/opt/ros/humble/share/python_cmake_module/cmake)
[1.738s] -- Found PythonLibs: /usr/lib/x86_64-linux-gnu/libpython3.10.so (found suitable version "3.10.12", minimum required is "3.5") 
[1.738s] -- Using PYTHON_EXECUTABLE: /usr/bin/python3
[1.738s] -- Using PYTHON_INCLUDE_DIRS: /usr/include/python3.10
[1.738s] -- Using PYTHON_LIBRARIES: /usr/lib/x86_64-linux-gnu/libpython3.10.so
[1.759s] -- Found PythonExtra: .so  
[1.809s] -- Configuring done
[1.836s] -- Generating done
[1.839s] -- Build files have been written to: /home/zaynap/ROS-starter-tutorial/ROS2_demo_ws/build/robot_info_system_msg
[1.844s] Invoked command in '/home/zaynap/ROS-starter-tutorial/ROS2_demo_ws/build/robot_info_system_msg' returned '0': CMAKE_PREFIX_PATH=${CMAKE_PREFIX_PATH}:/home/zaynap/ROS-starter-tutorial/ROS2_demo_ws/install/robot_info_system:/opt/ros/humble /usr/bin/cmake /home/zaynap/ROS-starter-tutorial/ROS2_demo_ws/src/robot_info_system_msg -DCMAKE_INSTALL_PREFIX=/home/zaynap/ROS-starter-tutorial/ROS2_demo_ws/install/robot_info_system_msg
[1.846s] Invoking command in '/home/zaynap/ROS-starter-tutorial/ROS2_demo_ws/build/robot_info_system_msg': CMAKE_PREFIX_PATH=${CMAKE_PREFIX_PATH}:/home/zaynap/ROS-starter-tutorial/ROS2_demo_ws/install/robot_info_system:/opt/ros/humble /usr/bin/cmake --build /home/zaynap/ROS-starter-tutorial/ROS2_demo_ws/build/robot_info_system_msg -- -j8 -l8
[1.878s] [  3%] [34m[1mGenerating C code for ROS interfaces[0m
[1.886s] [  6%] [34m[1mGenerating C++ code for ROS interfaces[0m
[1.894s] [  6%] Built target ament_cmake_python_copy_robot_info_system_msg
[2.135s] [  6%] Built target robot_info_system_msg__cpp
[2.135s] [  9%] [32mBuilding C object CMakeFiles/robot_info_system_msg__rosidl_generator_c.dir/rosidl_generator_c/robot_info_system_msg/msg/detail/robot_status__functions.c.o[0m
[2.145s] [ 16%] [34m[1mGenerating C++ type support for eProsima Fast-RTPS[0m
[2.145s] [ 16%] [34m[1mGenerating C++ type support dispatch for ROS interfaces[0m
[2.146s] [ 19%] [34m[1mGenerating C++ introspection for ROS interfaces[0m
[2.147s] running egg_info
[2.171s] creating robot_info_system_msg.egg-info
[2.171s] writing robot_info_system_msg.egg-info/PKG-INFO
[2.171s] writing dependency_links to robot_info_system_msg.egg-info/dependency_links.txt
[2.172s] writing top-level names to robot_info_system_msg.egg-info/top_level.txt
[2.172s] writing manifest file 'robot_info_system_msg.egg-info/SOURCES.txt'
[2.181s] [ 22%] [32m[1mLinking C shared library librobot_info_system_msg__rosidl_generator_c.so[0m
[2.214s] [ 22%] Built target robot_info_system_msg__rosidl_generator_c
[2.227s] [ 29%] [34m[1mGenerating C introspection for ROS interfaces[0m
[2.227s] [ 29%] [34m[1mGenerating C type support for eProsima Fast-RTPS[0m
[2.227s] [ 32%] [34m[1mGenerating C type support dispatch for ROS interfaces[0m
[2.249s] reading manifest file 'robot_info_system_msg.egg-info/SOURCES.txt'
[2.250s] writing manifest file 'robot_info_system_msg.egg-info/SOURCES.txt'
[2.282s] [ 32%] Built target ament_cmake_python_build_robot_info_system_msg_egg
[2.507s] [ 35%] [32mBuilding CXX object CMakeFiles/robot_info_system_msg__rosidl_typesupport_fastrtps_cpp.dir/rosidl_typesupport_fastrtps_cpp/robot_info_system_msg/msg/detail/dds_fastrtps/robot_status__type_support.cpp.o[0m
[2.515s] [ 38%] [32mBuilding CXX object CMakeFiles/robot_info_system_msg__rosidl_typesupport_cpp.dir/rosidl_typesupport_cpp/robot_info_system_msg/msg/robot_status__type_support.cpp.o[0m
[2.536s] [ 41%] [32mBuilding CXX object CMakeFiles/robot_info_system_msg__rosidl_typesupport_introspection_cpp.dir/rosidl_typesupport_introspection_cpp/robot_info_system_msg/msg/detail/robot_status__type_support.cpp.o[0m
[2.580s] [ 45%] [32mBuilding CXX object CMakeFiles/robot_info_system_msg__rosidl_typesupport_c.dir/rosidl_typesupport_c/robot_info_system_msg/msg/robot_status__type_support.cpp.o[0m
[2.620s] [ 48%] [32m[1mLinking CXX shared library librobot_info_system_msg__rosidl_typesupport_c.so[0m
[2.639s] [ 51%] [32mBuilding CXX object CMakeFiles/robot_info_system_msg__rosidl_typesupport_fastrtps_c.dir/rosidl_typesupport_fastrtps_c/robot_info_system_msg/msg/detail/robot_status__type_support_c.cpp.o[0m
[2.644s] [ 54%] [32mBuilding C object CMakeFiles/robot_info_system_msg__rosidl_typesupport_introspection_c.dir/rosidl_typesupport_introspection_c/robot_info_system_msg/msg/detail/robot_status__type_support.c.o[0m
[2.682s] [ 54%] Built target robot_info_system_msg__rosidl_typesupport_c
[2.692s] [ 58%] [32m[1mLinking C shared library librobot_info_system_msg__rosidl_typesupport_introspection_c.so[0m
[2.735s] [ 58%] Built target robot_info_system_msg__rosidl_typesupport_introspection_c
[3.017s] [ 67%] [32m[1mLinking CXX shared library librobot_info_system_msg__rosidl_typesupport_fastrtps_cpp.so[0m
[3.017s] [ 67%] [32m[1mLinking CXX shared library librobot_info_system_msg__rosidl_typesupport_introspection_cpp.so[0m
[3.017s] [ 67%] [32m[1mLinking CXX shared library librobot_info_system_msg__rosidl_typesupport_fastrtps_c.so[0m
[3.017s] [ 70%] [32m[1mLinking CXX shared library librobot_info_system_msg__rosidl_typesupport_cpp.so[0m
[3.086s] [ 70%] Built target robot_info_system_msg__rosidl_typesupport_cpp
[3.110s] [ 70%] Built target robot_info_system_msg__rosidl_typesupport_introspection_cpp
[3.130s] [ 70%] Built target robot_info_system_msg__rosidl_typesupport_fastrtps_cpp
[3.137s] [ 70%] Built target robot_info_system_msg__rosidl_typesupport_fastrtps_c
[3.158s] [ 70%] Built target robot_info_system_msg
[3.179s] [ 74%] [34m[1mGenerating Python code for ROS interfaces[0m
[3.523s] [ 74%] Built target robot_info_system_msg__py
[3.540s] [ 77%] [32mBuilding C object CMakeFiles/robot_info_system_msg__rosidl_generator_py.dir/rosidl_generator_py/robot_info_system_msg/msg/_robot_status_s.c.o[0m
[3.629s] [ 80%] [32m[1mLinking C shared library rosidl_generator_py/robot_info_system_msg/librobot_info_system_msg__rosidl_generator_py.so[0m
[3.664s] [ 80%] Built target robot_info_system_msg__rosidl_generator_py
[3.682s] [ 90%] [32mBuilding C object CMakeFiles/robot_info_system_msg__rosidl_typesupport_fastrtps_c__pyext.dir/rosidl_generator_py/robot_info_system_msg/_robot_info_system_msg_s.ep.rosidl_typesupport_fastrtps_c.c.o[0m
[3.682s] [ 90%] [32mBuilding C object CMakeFiles/robot_info_system_msg__rosidl_typesupport_introspection_c__pyext.dir/rosidl_generator_py/robot_info_system_msg/_robot_info_system_msg_s.ep.rosidl_typesupport_introspection_c.c.o[0m
[3.682s] [ 90%] [32mBuilding C object CMakeFiles/robot_info_system_msg__rosidl_typesupport_c__pyext.dir/rosidl_generator_py/robot_info_system_msg/_robot_info_system_msg_s.ep.rosidl_typesupport_c.c.o[0m
[3.770s] [100%] [32m[1mLinking C shared library rosidl_generator_py/robot_info_system_msg/robot_info_system_msg_s__rosidl_typesupport_introspection_c.cpython-310-x86_64-linux-gnu.so[0m
[3.771s] [100%] [32m[1mLinking C shared library rosidl_generator_py/robot_info_system_msg/robot_info_system_msg_s__rosidl_typesupport_c.cpython-310-x86_64-linux-gnu.so[0m
[3.771s] [100%] [32m[1mLinking C shared library rosidl_generator_py/robot_info_system_msg/robot_info_system_msg_s__rosidl_typesupport_fastrtps_c.cpython-310-x86_64-linux-gnu.so[0m
[3.804s] [100%] Built target robot_info_system_msg__rosidl_typesupport_c__pyext
[3.804s] [100%] Built target robot_info_system_msg__rosidl_typesupport_introspection_c__pyext
[3.804s] [100%] Built target robot_info_system_msg__rosidl_typesupport_fastrtps_c__pyext
[3.814s] Invoked command in '/home/zaynap/ROS-starter-tutorial/ROS2_demo_ws/build/robot_info_system_msg' returned '0': CMAKE_PREFIX_PATH=${CMAKE_PREFIX_PATH}:/home/zaynap/ROS-starter-tutorial/ROS2_demo_ws/install/robot_info_system:/opt/ros/humble /usr/bin/cmake --build /home/zaynap/ROS-starter-tutorial/ROS2_demo_ws/build/robot_info_system_msg -- -j8 -l8
[3.856s] Invoking command in '/home/zaynap/ROS-starter-tutorial/ROS2_demo_ws/build/robot_info_system_msg': CMAKE_PREFIX_PATH=${CMAKE_PREFIX_PATH}:/home/zaynap/ROS-starter-tutorial/ROS2_demo_ws/install/robot_info_system:/opt/ros/humble /usr/bin/cmake --install /home/zaynap/ROS-starter-tutorial/ROS2_demo_ws/build/robot_info_system_msg
[3.862s] -- Install configuration: ""
[3.862s] -- Installing: /home/zaynap/ROS-starter-tutorial/ROS2_demo_ws/install/robot_info_system_msg/share/ament_index/resource_index/rosidl_interfaces/robot_info_system_msg
[3.863s] -- Installing: /home/zaynap/ROS-starter-tutorial/ROS2_demo_ws/install/robot_info_system_msg/include/robot_info_system_msg/robot_info_system_msg
[3.863s] -- Installing: /home/zaynap/ROS-starter-tutorial/ROS2_demo_ws/install/robot_info_system_msg/include/robot_info_system_msg/robot_info_system_msg/msg
[3.863s] -- Installing: /home/zaynap/ROS-starter-tutorial/ROS2_demo_ws/install/robot_info_system_msg/include/robot_info_system_msg/robot_info_system_msg/msg/rosidl_generator_c__visibility_control.h
[3.863s] -- Installing: /home/zaynap/ROS-starter-tutorial/ROS2_demo_ws/install/robot_info_system_msg/include/robot_info_system_msg/robot_info_system_msg/msg/robot_status.h
[3.863s] -- Installing: /home/zaynap/ROS-starter-tutorial/ROS2_demo_ws/install/robot_info_system_msg/include/robot_info_system_msg/robot_info_system_msg/msg/detail
[3.863s] -- Installing: /home/zaynap/ROS-starter-tutorial/ROS2_demo_ws/install/robot_info_system_msg/include/robot_info_system_msg/robot_info_system_msg/msg/detail/robot_status__type_support.h
[3.863s] -- Installing: /home/zaynap/ROS-starter-tutorial/ROS2_demo_ws/install/robot_info_system_msg/include/robot_info_system_msg/robot_info_system_msg/msg/detail/robot_status__struct.h
[3.863s] -- Installing: /home/zaynap/ROS-starter-tutorial/ROS2_demo_ws/install/robot_info_system_msg/include/robot_info_system_msg/robot_info_system_msg/msg/detail/robot_status__functions.h
[3.863s] -- Installing: /home/zaynap/ROS-starter-tutorial/ROS2_demo_ws/install/robot_info_system_msg/include/robot_info_system_msg/robot_info_system_msg/msg/detail/robot_status__functions.c
[3.864s] -- Installing: /home/zaynap/ROS-starter-tutorial/ROS2_demo_ws/install/robot_info_system_msg/share/robot_info_system_msg/environment/library_path.sh
[3.864s] -- Installing: /home/zaynap/ROS-starter-tutorial/ROS2_demo_ws/install/robot_info_system_msg/share/robot_info_system_msg/environment/library_path.dsv
[3.864s] -- Installing: /home/zaynap/ROS-starter-tutorial/ROS2_demo_ws/install/robot_info_system_msg/lib/librobot_info_system_msg__rosidl_generator_c.so
[3.864s] -- Set runtime path of "/home/zaynap/ROS-starter-tutorial/ROS2_demo_ws/install/robot_info_system_msg/lib/librobot_info_system_msg__rosidl_generator_c.so" to ""
[3.865s] -- Up-to-date: /home/zaynap/ROS-starter-tutorial/ROS2_demo_ws/install/robot_info_system_msg/include/robot_info_system_msg/robot_info_system_msg
[3.865s] -- Up-to-date: /home/zaynap/ROS-starter-tutorial/ROS2_demo_ws/install/robot_info_system_msg/include/robot_info_system_msg/robot_info_system_msg/msg
[3.865s] -- Up-to-date: /home/zaynap/ROS-starter-tutorial/ROS2_demo_ws/install/robot_info_system_msg/include/robot_info_system_msg/robot_info_system_msg/msg/detail
[3.865s] -- Installing: /home/zaynap/ROS-starter-tutorial/ROS2_demo_ws/install/robot_info_system_msg/include/robot_info_system_msg/robot_info_system_msg/msg/detail/robot_status__rosidl_typesupport_fastrtps_c.h
[3.865s] -- Installing: /home/zaynap/ROS-starter-tutorial/ROS2_demo_ws/install/robot_info_system_msg/include/robot_info_system_msg/robot_info_system_msg/msg/rosidl_typesupport_fastrtps_c__visibility_control.h
[3.865s] -- Installing: /home/zaynap/ROS-starter-tutorial/ROS2_demo_ws/install/robot_info_system_msg/lib/librobot_info_system_msg__rosidl_typesupport_fastrtps_c.so
[3.865s] -- Set runtime path of "/home/zaynap/ROS-starter-tutorial/ROS2_demo_ws/install/robot_info_system_msg/lib/librobot_info_system_msg__rosidl_typesupport_fastrtps_c.so" to ""
[3.865s] -- Up-to-date: /home/zaynap/ROS-starter-tutorial/ROS2_demo_ws/install/robot_info_system_msg/include/robot_info_system_msg/robot_info_system_msg
[3.865s] -- Up-to-date: /home/zaynap/ROS-starter-tutorial/ROS2_demo_ws/install/robot_info_system_msg/include/robot_info_system_msg/robot_info_system_msg/msg
[3.866s] -- Installing: /home/zaynap/ROS-starter-tutorial/ROS2_demo_ws/install/robot_info_system_msg/include/robot_info_system_msg/robot_info_system_msg/msg/rosidl_typesupport_introspection_c__visibility_control.h
[3.866s] -- Up-to-date: /home/zaynap/ROS-starter-tutorial/ROS2_demo_ws/install/robot_info_system_msg/include/robot_info_system_msg/robot_info_system_msg/msg/detail
[3.866s] -- Installing: /home/zaynap/ROS-starter-tutorial/ROS2_demo_ws/install/robot_info_system_msg/include/robot_info_system_msg/robot_info_system_msg/msg/detail/robot_status__rosidl_typesupport_introspection_c.h
[3.866s] -- Installing: /home/zaynap/ROS-starter-tutorial/ROS2_demo_ws/install/robot_info_system_msg/include/robot_info_system_msg/robot_info_system_msg/msg/detail/robot_status__type_support.c
[3.866s] -- Installing: /home/zaynap/ROS-starter-tutorial/ROS2_demo_ws/install/robot_info_system_msg/lib/librobot_info_system_msg__rosidl_typesupport_introspection_c.so
[3.866s] -- Set runtime path of "/home/zaynap/ROS-starter-tutorial/ROS2_demo_ws/install/robot_info_system_msg/lib/librobot_info_system_msg__rosidl_typesupport_introspection_c.so" to ""
[3.866s] -- Installing: /home/zaynap/ROS-starter-tutorial/ROS2_demo_ws/install/robot_info_system_msg/lib/librobot_info_system_msg__rosidl_typesupport_c.so
[3.866s] -- Set runtime path of "/home/zaynap/ROS-starter-tutorial/ROS2_demo_ws/install/robot_info_system_msg/lib/librobot_info_system_msg__rosidl_typesupport_c.so" to ""
[3.866s] -- Up-to-date: /home/zaynap/ROS-starter-tutorial/ROS2_demo_ws/install/robot_info_system_msg/include/robot_info_system_msg/robot_info_system_msg
[3.866s] -- Up-to-date: /home/zaynap/ROS-starter-tutorial/ROS2_demo_ws/install/robot_info_system_msg/include/robot_info_system_msg/robot_info_system_msg/msg
[3.867s] -- Installing: /home/zaynap/ROS-starter-tutorial/ROS2_demo_ws/install/robot_info_system_msg/include/robot_info_system_msg/robot_info_system_msg/msg/robot_status.hpp
[3.867s] -- Up-to-date: /home/zaynap/ROS-starter-tutorial/ROS2_demo_ws/install/robot_info_system_msg/include/robot_info_system_msg/robot_info_system_msg/msg/detail
[3.867s] -- Installing: /home/zaynap/ROS-starter-tutorial/ROS2_demo_ws/install/robot_info_system_msg/include/robot_info_system_msg/robot_info_system_msg/msg/detail/robot_status__traits.hpp
[3.867s] -- Installing: /home/zaynap/ROS-starter-tutorial/ROS2_demo_ws/install/robot_info_system_msg/include/robot_info_system_msg/robot_info_system_msg/msg/detail/robot_status__struct.hpp
[3.867s] -- Installing: /home/zaynap/ROS-starter-tutorial/ROS2_demo_ws/install/robot_info_system_msg/include/robot_info_system_msg/robot_info_system_msg/msg/detail/robot_status__builder.hpp
[3.867s] -- Up-to-date: /home/zaynap/ROS-starter-tutorial/ROS2_demo_ws/install/robot_info_system_msg/include/robot_info_system_msg/robot_info_system_msg
[3.867s] -- Up-to-date: /home/zaynap/ROS-starter-tutorial/ROS2_demo_ws/install/robot_info_system_msg/include/robot_info_system_msg/robot_info_system_msg/msg
[3.867s] -- Up-to-date: /home/zaynap/ROS-starter-tutorial/ROS2_demo_ws/install/robot_info_system_msg/include/robot_info_system_msg/robot_info_system_msg/msg/detail
[3.867s] -- Installing: /home/zaynap/ROS-starter-tutorial/ROS2_demo_ws/install/robot_info_system_msg/include/robot_info_system_msg/robot_info_system_msg/msg/detail/robot_status__rosidl_typesupport_fastrtps_cpp.hpp
[3.867s] -- Installing: /home/zaynap/ROS-starter-tutorial/ROS2_demo_ws/install/robot_info_system_msg/include/robot_info_system_msg/robot_info_system_msg/msg/detail/dds_fastrtps
[3.868s] -- Installing: /home/zaynap/ROS-starter-tutorial/ROS2_demo_ws/install/robot_info_system_msg/include/robot_info_system_msg/robot_info_system_msg/msg/rosidl_typesupport_fastrtps_cpp__visibility_control.h
[3.868s] -- Installing: /home/zaynap/ROS-starter-tutorial/ROS2_demo_ws/install/robot_info_system_msg/lib/librobot_info_system_msg__rosidl_typesupport_fastrtps_cpp.so
[3.868s] -- Set runtime path of "/home/zaynap/ROS-starter-tutorial/ROS2_demo_ws/install/robot_info_system_msg/lib/librobot_info_system_msg__rosidl_typesupport_fastrtps_cpp.so" to ""
[3.868s] -- Up-to-date: /home/zaynap/ROS-starter-tutorial/ROS2_demo_ws/install/robot_info_system_msg/include/robot_info_system_msg/robot_info_system_msg
[3.868s] -- Up-to-date: /home/zaynap/ROS-starter-tutorial/ROS2_demo_ws/install/robot_info_system_msg/include/robot_info_system_msg/robot_info_system_msg/msg
[3.868s] -- Up-to-date: /home/zaynap/ROS-starter-tutorial/ROS2_demo_ws/install/robot_info_system_msg/include/robot_info_system_msg/robot_info_system_msg/msg/detail
[3.868s] -- Installing: /home/zaynap/ROS-starter-tutorial/ROS2_demo_ws/install/robot_info_system_msg/include/robot_info_system_msg/robot_info_system_msg/msg/detail/robot_status__type_support.cpp
[3.868s] -- Installing: /home/zaynap/ROS-starter-tutorial/ROS2_demo_ws/install/robot_info_system_msg/include/robot_info_system_msg/robot_info_system_msg/msg/detail/robot_status__rosidl_typesupport_introspection_cpp.hpp
[3.868s] -- Installing: /home/zaynap/ROS-starter-tutorial/ROS2_demo_ws/install/robot_info_system_msg/lib/librobot_info_system_msg__rosidl_typesupport_introspection_cpp.so
[3.868s] -- Set runtime path of "/home/zaynap/ROS-starter-tutorial/ROS2_demo_ws/install/robot_info_system_msg/lib/librobot_info_system_msg__rosidl_typesupport_introspection_cpp.so" to ""
[3.869s] -- Installing: /home/zaynap/ROS-starter-tutorial/ROS2_demo_ws/install/robot_info_system_msg/lib/librobot_info_system_msg__rosidl_typesupport_cpp.so
[3.869s] -- Set runtime path of "/home/zaynap/ROS-starter-tutorial/ROS2_demo_ws/install/robot_info_system_msg/lib/librobot_info_system_msg__rosidl_typesupport_cpp.so" to ""
[3.869s] -- Installing: /home/zaynap/ROS-starter-tutorial/ROS2_demo_ws/install/robot_info_system_msg/share/robot_info_system_msg/environment/pythonpath.sh
[3.869s] -- Installing: /home/zaynap/ROS-starter-tutorial/ROS2_demo_ws/install/robot_info_system_msg/share/robot_info_system_msg/environment/pythonpath.dsv
[3.869s] -- Installing: /home/zaynap/ROS-starter-tutorial/ROS2_demo_ws/install/robot_info_system_msg/local/lib/python3.10/dist-packages/robot_info_system_msg-0.0.0-py3.10.egg-info
[3.869s] -- Installing: /home/zaynap/ROS-starter-tutorial/ROS2_demo_ws/install/robot_info_system_msg/local/lib/python3.10/dist-packages/robot_info_system_msg-0.0.0-py3.10.egg-info/top_level.txt
[3.869s] -- Installing: /home/zaynap/ROS-starter-tutorial/ROS2_demo_ws/install/robot_info_system_msg/local/lib/python3.10/dist-packages/robot_info_system_msg-0.0.0-py3.10.egg-info/PKG-INFO
[3.869s] -- Installing: /home/zaynap/ROS-starter-tutorial/ROS2_demo_ws/install/robot_info_system_msg/local/lib/python3.10/dist-packages/robot_info_system_msg-0.0.0-py3.10.egg-info/SOURCES.txt
[3.869s] -- Installing: /home/zaynap/ROS-starter-tutorial/ROS2_demo_ws/install/robot_info_system_msg/local/lib/python3.10/dist-packages/robot_info_system_msg-0.0.0-py3.10.egg-info/dependency_links.txt
[3.869s] -- Installing: /home/zaynap/ROS-starter-tutorial/ROS2_demo_ws/install/robot_info_system_msg/local/lib/python3.10/dist-packages/robot_info_system_msg
[3.870s] -- Installing: /home/zaynap/ROS-starter-tutorial/ROS2_demo_ws/install/robot_info_system_msg/local/lib/python3.10/dist-packages/robot_info_system_msg/librobot_info_system_msg__rosidl_generator_py.so
[3.870s] -- Installing: /home/zaynap/ROS-starter-tutorial/ROS2_demo_ws/install/robot_info_system_msg/local/lib/python3.10/dist-packages/robot_info_system_msg/__init__.py
[3.870s] -- Installing: /home/zaynap/ROS-starter-tutorial/ROS2_demo_ws/install/robot_info_system_msg/local/lib/python3.10/dist-packages/robot_info_system_msg/robot_info_system_msg_s__rosidl_typesupport_fastrtps_c.cpython-310-x86_64-linux-gnu.so
[3.870s] -- Installing: /home/zaynap/ROS-starter-tutorial/ROS2_demo_ws/install/robot_info_system_msg/local/lib/python3.10/dist-packages/robot_info_system_msg/robot_info_system_msg_s__rosidl_typesupport_introspection_c.cpython-310-x86_64-linux-gnu.so
[3.870s] -- Installing: /home/zaynap/ROS-starter-tutorial/ROS2_demo_ws/install/robot_info_system_msg/local/lib/python3.10/dist-packages/robot_info_system_msg/robot_info_system_msg_s__rosidl_typesupport_c.cpython-310-x86_64-linux-gnu.so
[3.870s] -- Installing: /home/zaynap/ROS-starter-tutorial/ROS2_demo_ws/install/robot_info_system_msg/local/lib/python3.10/dist-packages/robot_info_system_msg/msg
[3.870s] -- Installing: /home/zaynap/ROS-starter-tutorial/ROS2_demo_ws/install/robot_info_system_msg/local/lib/python3.10/dist-packages/robot_info_system_msg/msg/__init__.py
[3.870s] -- Installing: /home/zaynap/ROS-starter-tutorial/ROS2_demo_ws/install/robot_info_system_msg/local/lib/python3.10/dist-packages/robot_info_system_msg/msg/_robot_status_s.c
[3.870s] -- Installing: /home/zaynap/ROS-starter-tutorial/ROS2_demo_ws/install/robot_info_system_msg/local/lib/python3.10/dist-packages/robot_info_system_msg/msg/_robot_status.py
[3.870s] -- Installing: /home/zaynap/ROS-starter-tutorial/ROS2_demo_ws/install/robot_info_system_msg/local/lib/python3.10/dist-packages/robot_info_system_msg/_robot_info_system_msg_s.ep.rosidl_typesupport_c.c
[3.870s] -- Installing: /home/zaynap/ROS-starter-tutorial/ROS2_demo_ws/install/robot_info_system_msg/local/lib/python3.10/dist-packages/robot_info_system_msg/_robot_info_system_msg_s.ep.rosidl_typesupport_fastrtps_c.c
[3.871s] -- Installing: /home/zaynap/ROS-starter-tutorial/ROS2_demo_ws/install/robot_info_system_msg/local/lib/python3.10/dist-packages/robot_info_system_msg/_robot_info_system_msg_s.ep.rosidl_typesupport_introspection_c.c
[3.902s] Listing '/home/zaynap/ROS-starter-tutorial/ROS2_demo_ws/install/robot_info_system_msg/local/lib/python3.10/dist-packages/robot_info_system_msg'...
[3.902s] Compiling '/home/zaynap/ROS-starter-tutorial/ROS2_demo_ws/install/robot_info_system_msg/local/lib/python3.10/dist-packages/robot_info_system_msg/__init__.py'...
[3.903s] Listing '/home/zaynap/ROS-starter-tutorial/ROS2_demo_ws/install/robot_info_system_msg/local/lib/python3.10/dist-packages/robot_info_system_msg/msg'...
[3.903s] Compiling '/home/zaynap/ROS-starter-tutorial/ROS2_demo_ws/install/robot_info_system_msg/local/lib/python3.10/dist-packages/robot_info_system_msg/msg/__init__.py'...
[3.903s] Compiling '/home/zaynap/ROS-starter-tutorial/ROS2_demo_ws/install/robot_info_system_msg/local/lib/python3.10/dist-packages/robot_info_system_msg/msg/_robot_status.py'...
[3.907s] -- Installing: /home/zaynap/ROS-starter-tutorial/ROS2_demo_ws/install/robot_info_system_msg/local/lib/python3.10/dist-packages/robot_info_system_msg/robot_info_system_msg_s__rosidl_typesupport_fastrtps_c.cpython-310-x86_64-linux-gnu.so
[3.907s] -- Set runtime path of "/home/zaynap/ROS-starter-tutorial/ROS2_demo_ws/install/robot_info_system_msg/local/lib/python3.10/dist-packages/robot_info_system_msg/robot_info_system_msg_s__rosidl_typesupport_fastrtps_c.cpython-310-x86_64-linux-gnu.so" to ""
[3.907s] -- Installing: /home/zaynap/ROS-starter-tutorial/ROS2_demo_ws/install/robot_info_system_msg/local/lib/python3.10/dist-packages/robot_info_system_msg/robot_info_system_msg_s__rosidl_typesupport_introspection_c.cpython-310-x86_64-linux-gnu.so
[3.908s] -- Set runtime path of "/home/zaynap/ROS-starter-tutorial/ROS2_demo_ws/install/robot_info_system_msg/local/lib/python3.10/dist-packages/robot_info_system_msg/robot_info_system_msg_s__rosidl_typesupport_introspection_c.cpython-310-x86_64-linux-gnu.so" to ""
[3.908s] -- Installing: /home/zaynap/ROS-starter-tutorial/ROS2_demo_ws/install/robot_info_system_msg/local/lib/python3.10/dist-packages/robot_info_system_msg/robot_info_system_msg_s__rosidl_typesupport_c.cpython-310-x86_64-linux-gnu.so
[3.908s] -- Set runtime path of "/home/zaynap/ROS-starter-tutorial/ROS2_demo_ws/install/robot_info_system_msg/local/lib/python3.10/dist-packages/robot_info_system_msg/robot_info_system_msg_s__rosidl_typesupport_c.cpython-310-x86_64-linux-gnu.so" to ""
[3.908s] -- Installing: /home/zaynap/ROS-starter-tutorial/ROS2_demo_ws/install/robot_info_system_msg/lib/librobot_info_system_msg__rosidl_generator_py.so
[3.908s] -- Set runtime path of "/home/zaynap/ROS-starter-tutorial/ROS2_demo_ws/install/robot_info_system_msg/lib/librobot_info_system_msg__rosidl_generator_py.so" to ""
[3.908s] -- Installing: /home/zaynap/ROS-starter-tutorial/ROS2_demo_ws/install/robot_info_system_msg/share/robot_info_system_msg/msg/RobotStatus.idl
[3.908s] -- Installing: /home/zaynap/ROS-starter-tutorial/ROS2_demo_ws/install/robot_info_system_msg/share/robot_info_system_msg/msg/RobotStatus.msg
[3.908s] -- Installing: /home/zaynap/ROS-starter-tutorial/ROS2_demo_ws/install/robot_info_system_msg/share/ament_index/resource_index/package_run_dependencies/robot_info_system_msg
[3.909s] -- Installing: /home/zaynap/ROS-starter-tutorial/ROS2_demo_ws/install/robot_info_system_msg/share/ament_index/resource_index/parent_prefix_path/robot_info_system_msg
[3.909s] -- Installing: /home/zaynap/ROS-starter-tutorial/ROS2_demo_ws/install/robot_info_system_msg/share/robot_info_system_msg/environment/ament_prefix_path.sh
[3.909s] -- Installing: /home/zaynap/ROS-starter-tutorial/ROS2_demo_ws/install/robot_info_system_msg/share/robot_info_system_msg/environment/ament_prefix_path.dsv
[3.909s] -- Installing: /home/zaynap/ROS-starter-tutorial/ROS2_demo_ws/install/robot_info_system_msg/share/robot_info_system_msg/environment/path.sh
[3.909s] -- Installing: /home/zaynap/ROS-starter-tutorial/ROS2_demo_ws/install/robot_info_system_msg/share/robot_info_system_msg/environment/path.dsv
[3.909s] -- Installing: /home/zaynap/ROS-starter-tutorial/ROS2_demo_ws/install/robot_info_system_msg/share/robot_info_system_msg/local_setup.bash
[3.909s] -- Installing: /home/zaynap/ROS-starter-tutorial/ROS2_demo_ws/install/robot_info_system_msg/share/robot_info_system_msg/local_setup.sh
[3.909s] -- Installing: /home/zaynap/ROS-starter-tutorial/ROS2_demo_ws/install/robot_info_system_msg/share/robot_info_system_msg/local_setup.zsh
[3.910s] -- Installing: /home/zaynap/ROS-starter-tutorial/ROS2_demo_ws/install/robot_info_system_msg/share/robot_info_system_msg/local_setup.dsv
[3.910s] -- Installing: /home/zaynap/ROS-starter-tutorial/ROS2_demo_ws/install/robot_info_system_msg/share/robot_info_system_msg/package.dsv
[3.910s] -- Installing: /home/zaynap/ROS-starter-tutorial/ROS2_demo_ws/install/robot_info_system_msg/share/ament_index/resource_index/packages/robot_info_system_msg
[3.910s] -- Installing: /home/zaynap/ROS-starter-tutorial/ROS2_demo_ws/install/robot_info_system_msg/share/robot_info_system_msg/cmake/export_robot_info_system_msg__rosidl_generator_cExport.cmake
[3.910s] -- Installing: /home/zaynap/ROS-starter-tutorial/ROS2_demo_ws/install/robot_info_system_msg/share/robot_info_system_msg/cmake/export_robot_info_system_msg__rosidl_generator_cExport-noconfig.cmake
[3.910s] -- Installing: /home/zaynap/ROS-starter-tutorial/ROS2_demo_ws/install/robot_info_system_msg/share/robot_info_system_msg/cmake/export_robot_info_system_msg__rosidl_typesupport_fastrtps_cExport.cmake
[3.910s] -- Installing: /home/zaynap/ROS-starter-tutorial/ROS2_demo_ws/install/robot_info_system_msg/share/robot_info_system_msg/cmake/export_robot_info_system_msg__rosidl_typesupport_fastrtps_cExport-noconfig.cmake
[3.910s] -- Installing: /home/zaynap/ROS-starter-tutorial/ROS2_demo_ws/install/robot_info_system_msg/share/robot_info_system_msg/cmake/robot_info_system_msg__rosidl_typesupport_introspection_cExport.cmake
[3.910s] -- Installing: /home/zaynap/ROS-starter-tutorial/ROS2_demo_ws/install/robot_info_system_msg/share/robot_info_system_msg/cmake/robot_info_system_msg__rosidl_typesupport_introspection_cExport-noconfig.cmake
[3.911s] -- Installing: /home/zaynap/ROS-starter-tutorial/ROS2_demo_ws/install/robot_info_system_msg/share/robot_info_system_msg/cmake/robot_info_system_msg__rosidl_typesupport_cExport.cmake
[3.911s] -- Installing: /home/zaynap/ROS-starter-tutorial/ROS2_demo_ws/install/robot_info_system_msg/share/robot_info_system_msg/cmake/robot_info_system_msg__rosidl_typesupport_cExport-noconfig.cmake
[3.911s] -- Installing: /home/zaynap/ROS-starter-tutorial/ROS2_demo_ws/install/robot_info_system_msg/share/robot_info_system_msg/cmake/export_robot_info_system_msg__rosidl_generator_cppExport.cmake
[3.911s] -- Installing: /home/zaynap/ROS-starter-tutorial/ROS2_demo_ws/install/robot_info_system_msg/share/robot_info_system_msg/cmake/export_robot_info_system_msg__rosidl_typesupport_fastrtps_cppExport.cmake
[3.911s] -- Installing: /home/zaynap/ROS-starter-tutorial/ROS2_demo_ws/install/robot_info_system_msg/share/robot_info_system_msg/cmake/export_robot_info_system_msg__rosidl_typesupport_fastrtps_cppExport-noconfig.cmake
[3.911s] -- Installing: /home/zaynap/ROS-starter-tutorial/ROS2_demo_ws/install/robot_info_system_msg/share/robot_info_system_msg/cmake/robot_info_system_msg__rosidl_typesupport_introspection_cppExport.cmake
[3.911s] -- Installing: /home/zaynap/ROS-starter-tutorial/ROS2_demo_ws/install/robot_info_system_msg/share/robot_info_system_msg/cmake/robot_info_system_msg__rosidl_typesupport_introspection_cppExport-noconfig.cmake
[3.911s] -- Installing: /home/zaynap/ROS-starter-tutorial/ROS2_demo_ws/install/robot_info_system_msg/share/robot_info_system_msg/cmake/robot_info_system_msg__rosidl_typesupport_cppExport.cmake
[3.912s] -- Installing: /home/zaynap/ROS-starter-tutorial/ROS2_demo_ws/install/robot_info_system_msg/share/robot_info_system_msg/cmake/robot_info_system_msg__rosidl_typesupport_cppExport-noconfig.cmake
[3.912s] -- Installing: /home/zaynap/ROS-starter-tutorial/ROS2_demo_ws/install/robot_info_system_msg/share/robot_info_system_msg/cmake/export_robot_info_system_msg__rosidl_generator_pyExport.cmake
[3.912s] -- Installing: /home/zaynap/ROS-starter-tutorial/ROS2_demo_ws/install/robot_info_system_msg/share/robot_info_system_msg/cmake/export_robot_info_system_msg__rosidl_generator_pyExport-noconfig.cmake
[3.912s] -- Installing: /home/zaynap/ROS-starter-tutorial/ROS2_demo_ws/install/robot_info_system_msg/share/robot_info_system_msg/cmake/rosidl_cmake-extras.cmake
[3.912s] -- Installing: /home/zaynap/ROS-starter-tutorial/ROS2_demo_ws/install/robot_info_system_msg/share/robot_info_system_msg/cmake/ament_cmake_export_dependencies-extras.cmake
[3.912s] -- Installing: /home/zaynap/ROS-starter-tutorial/ROS2_demo_ws/install/robot_info_system_msg/share/robot_info_system_msg/cmake/ament_cmake_export_include_directories-extras.cmake
[3.912s] -- Installing: /home/zaynap/ROS-starter-tutorial/ROS2_demo_ws/install/robot_info_system_msg/share/robot_info_system_msg/cmake/ament_cmake_export_libraries-extras.cmake
[3.912s] -- Installing: /home/zaynap/ROS-starter-tutorial/ROS2_demo_ws/install/robot_info_system_msg/share/robot_info_system_msg/cmake/ament_cmake_export_targets-extras.cmake
[3.912s] -- Installing: /home/zaynap/ROS-starter-tutorial/ROS2_demo_ws/install/robot_info_system_msg/share/robot_info_system_msg/cmake/rosidl_cmake_export_typesupport_targets-extras.cmake
[3.912s] -- Installing: /home/zaynap/ROS-starter-tutorial/ROS2_demo_ws/install/robot_info_system_msg/share/robot_info_system_msg/cmake/rosidl_cmake_export_typesupport_libraries-extras.cmake
[3.913s] -- Installing: /home/zaynap/ROS-starter-tutorial/ROS2_demo_ws/install/robot_info_system_msg/share/robot_info_system_msg/cmake/robot_info_system_msgConfig.cmake
[3.913s] -- Installing: /home/zaynap/ROS-starter-tutorial/ROS2_demo_ws/install/robot_info_system_msg/share/robot_info_system_msg/cmake/robot_info_system_msgConfig-version.cmake
[3.913s] -- Installing: /home/zaynap/ROS-starter-tutorial/ROS2_demo_ws/install/robot_info_system_msg/share/robot_info_system_msg/package.xml
[3.915s] Invoked command in '/home/zaynap/ROS-starter-tutorial/ROS2_demo_ws/build/robot_info_system_msg' returned '0': CMAKE_PREFIX_PATH=${CMAKE_PREFIX_PATH}:/home/zaynap/ROS-starter-tutorial/ROS2_demo_ws/install/robot_info_system:/opt/ros/humble /usr/bin/cmake --install /home/zaynap/ROS-starter-tutorial/ROS2_demo_ws/build/robot_info_system_msg
