[0.111s] DEBUG:colcon:Command line arguments: ['/usr/bin/colcon', 'build']
[0.111s] DEBUG:colcon:Parsed command line arguments: Namespace(log_base=None, log_level=None, verb_name='build', build_base='build', install_base='install', merge_install=False, symlink_install=False, test_result_base=None, continue_on_error=False, executor='parallel', parallel_workers=8, event_handlers=None, ignore_user_meta=False, metas=['./colcon.meta'], base_paths=['.'], packages_ignore=None, packages_ignore_regex=None, paths=None, packages_up_to=None, packages_up_to_regex=None, packages_above=None, packages_above_and_dependencies=None, packages_above_depth=None, packages_select_by_dep=None, packages_skip_by_dep=None, packages_skip_up_to=None, packages_select_build_failed=False, packages_skip_build_finished=False, packages_select_test_failures=False, packages_skip_test_passed=False, packages_select=None, packages_skip=None, packages_select_regex=None, packages_skip_regex=None, packages_start=None, packages_end=None, allow_overriding=[], cmake_args=None, cmake_target=None, cmake_target_skip_unavailable=False, cmake_clean_cache=False, cmake_clean_first=False, cmake_force_configure=False, ament_cmake_args=None, catkin_cmake_args=None, catkin_skip_building_tests=False, mixin_files=None, mixin=None, verb_parser=<colcon_mixin.mixin.mixin_argument.MixinArgumentDecorator object at 0x70c689180a90>, verb_extension=<colcon_core.verb.build.BuildVerb object at 0x70c68929d7e0>, main=<bound method BuildVerb.main of <colcon_core.verb.build.BuildVerb object at 0x70c68929d7e0>>, mixin_verb=('build',))
[0.147s] Level 1:colcon.colcon_core.package_discovery:discover_packages(colcon_meta) check parameters
[0.148s] Level 1:colcon.colcon_core.package_discovery:discover_packages(recursive) check parameters
[0.148s] Level 1:colcon.colcon_core.package_discovery:discover_packages(ignore) check parameters
[0.148s] Level 1:colcon.colcon_core.package_discovery:discover_packages(path) check parameters
[0.148s] Level 1:colcon.colcon_core.package_discovery:discover_packages(colcon_meta) discover
[0.148s] Level 1:colcon.colcon_core.package_discovery:discover_packages(recursive) discover
[0.148s] INFO:colcon.colcon_core.package_discovery:Crawling recursively for packages in '/home/zaynap/ROS-starter-tutorial/ROS2_demo_ws'
[0.148s] Level 1:colcon.colcon_core.package_identification:_identify(.) by extensions ['ignore', 'ignore_ament_install']
[0.148s] Level 1:colcon.colcon_core.package_identification:_identify(.) by extension 'ignore'
[0.148s] Level 1:colcon.colcon_core.package_identification:_identify(.) by extension 'ignore_ament_install'
[0.148s] Level 1:colcon.colcon_core.package_identification:_identify(.) by extensions ['colcon_pkg']
[0.148s] Level 1:colcon.colcon_core.package_identification:_identify(.) by extension 'colcon_pkg'
[0.148s] Level 1:colcon.colcon_core.package_identification:_identify(.) by extensions ['colcon_meta']
[0.148s] Level 1:colcon.colcon_core.package_identification:_identify(.) by extension 'colcon_meta'
[0.148s] Level 1:colcon.colcon_core.package_identification:_identify(.) by extensions ['ros']
[0.148s] Level 1:colcon.colcon_core.package_identification:_identify(.) by extension 'ros'
[0.171s] Level 1:colcon.colcon_core.package_identification:_identify(.) by extensions ['cmake', 'python']
[0.171s] Level 1:colcon.colcon_core.package_identification:_identify(.) by extension 'cmake'
[0.171s] Level 1:colcon.colcon_core.package_identification:_identify(.) by extension 'python'
[0.171s] Level 1:colcon.colcon_core.package_identification:_identify(.) by extensions ['python_setup_py']
[0.171s] Level 1:colcon.colcon_core.package_identification:_identify(.) by extension 'python_setup_py'
[0.171s] Level 1:colcon.colcon_core.package_identification:_identify(build) by extensions ['ignore', 'ignore_ament_install']
[0.171s] Level 1:colcon.colcon_core.package_identification:_identify(build) by extension 'ignore'
[0.172s] Level 1:colcon.colcon_core.package_identification:_identify(build) ignored
[0.172s] Level 1:colcon.colcon_core.package_identification:_identify(install) by extensions ['ignore', 'ignore_ament_install']
[0.172s] Level 1:colcon.colcon_core.package_identification:_identify(install) by extension 'ignore'
[0.172s] Level 1:colcon.colcon_core.package_identification:_identify(install) ignored
[0.172s] Level 1:colcon.colcon_core.package_identification:_identify(log) by extensions ['ignore', 'ignore_ament_install']
[0.172s] Level 1:colcon.colcon_core.package_identification:_identify(log) by extension 'ignore'
[0.172s] Level 1:colcon.colcon_core.package_identification:_identify(log) ignored
[0.172s] Level 1:colcon.colcon_core.package_identification:_identify(src) by extensions ['ignore', 'ignore_ament_install']
[0.172s] Level 1:colcon.colcon_core.package_identification:_identify(src) by extension 'ignore'
[0.172s] Level 1:colcon.colcon_core.package_identification:_identify(src) by extension 'ignore_ament_install'
[0.172s] Level 1:colcon.colcon_core.package_identification:_identify(src) by extensions ['colcon_pkg']
[0.172s] Level 1:colcon.colcon_core.package_identification:_identify(src) by extension 'colcon_pkg'
[0.172s] Level 1:colcon.colcon_core.package_identification:_identify(src) by extensions ['colcon_meta']
[0.172s] Level 1:colcon.colcon_core.package_identification:_identify(src) by extension 'colcon_meta'
[0.172s] Level 1:colcon.colcon_core.package_identification:_identify(src) by extensions ['ros']
[0.172s] Level 1:colcon.colcon_core.package_identification:_identify(src) by extension 'ros'
[0.173s] Level 1:colcon.colcon_core.package_identification:_identify(src) by extensions ['cmake', 'python']
[0.173s] Level 1:colcon.colcon_core.package_identification:_identify(src) by extension 'cmake'
[0.173s] Level 1:colcon.colcon_core.package_identification:_identify(src) by extension 'python'
[0.173s] Level 1:colcon.colcon_core.package_identification:_identify(src) by extensions ['python_setup_py']
[0.173s] Level 1:colcon.colcon_core.package_identification:_identify(src) by extension 'python_setup_py'
[0.173s] Level 1:colcon.colcon_core.package_identification:_identify(src/robot_info_system) by extensions ['ignore', 'ignore_ament_install']
[0.173s] Level 1:colcon.colcon_core.package_identification:_identify(src/robot_info_system) by extension 'ignore'
[0.173s] Level 1:colcon.colcon_core.package_identification:_identify(src/robot_info_system) by extension 'ignore_ament_install'
[0.173s] Level 1:colcon.colcon_core.package_identification:_identify(src/robot_info_system) by extensions ['colcon_pkg']
[0.173s] Level 1:colcon.colcon_core.package_identification:_identify(src/robot_info_system) by extension 'colcon_pkg'
[0.173s] Level 1:colcon.colcon_core.package_identification:_identify(src/robot_info_system) by extensions ['colcon_meta']
[0.173s] Level 1:colcon.colcon_core.package_identification:_identify(src/robot_info_system) by extension 'colcon_meta'
[0.173s] Level 1:colcon.colcon_core.package_identification:_identify(src/robot_info_system) by extensions ['ros']
[0.173s] Level 1:colcon.colcon_core.package_identification:_identify(src/robot_info_system) by extension 'ros'
[0.176s] DEBUG:colcon.colcon_core.package_identification:Package 'src/robot_info_system' with type 'ros.ament_python' and name 'robot_info_system'
[0.176s] Level 1:colcon.colcon_core.package_identification:_identify(src/robot_info_system2) by extensions ['ignore', 'ignore_ament_install']
[0.176s] Level 1:colcon.colcon_core.package_identification:_identify(src/robot_info_system2) by extension 'ignore'
[0.176s] Level 1:colcon.colcon_core.package_identification:_identify(src/robot_info_system2) by extension 'ignore_ament_install'
[0.176s] Level 1:colcon.colcon_core.package_identification:_identify(src/robot_info_system2) by extensions ['colcon_pkg']
[0.176s] Level 1:colcon.colcon_core.package_identification:_identify(src/robot_info_system2) by extension 'colcon_pkg'
[0.176s] Level 1:colcon.colcon_core.package_identification:_identify(src/robot_info_system2) by extensions ['colcon_meta']
[0.176s] Level 1:colcon.colcon_core.package_identification:_identify(src/robot_info_system2) by extension 'colcon_meta'
[0.176s] Level 1:colcon.colcon_core.package_identification:_identify(src/robot_info_system2) by extensions ['ros']
[0.176s] Level 1:colcon.colcon_core.package_identification:_identify(src/robot_info_system2) by extension 'ros'
[0.177s] DEBUG:colcon.colcon_core.package_identification:Package 'src/robot_info_system2' with type 'ros.ament_python' and name 'robot_info_system2'
[0.177s] Level 1:colcon.colcon_core.package_identification:_identify(src/robot_info_system_msg) by extensions ['ignore', 'ignore_ament_install']
[0.177s] Level 1:colcon.colcon_core.package_identification:_identify(src/robot_info_system_msg) by extension 'ignore'
[0.177s] Level 1:colcon.colcon_core.package_identification:_identify(src/robot_info_system_msg) by extension 'ignore_ament_install'
[0.177s] Level 1:colcon.colcon_core.package_identification:_identify(src/robot_info_system_msg) by extensions ['colcon_pkg']
[0.177s] Level 1:colcon.colcon_core.package_identification:_identify(src/robot_info_system_msg) by extension 'colcon_pkg'
[0.177s] Level 1:colcon.colcon_core.package_identification:_identify(src/robot_info_system_msg) by extensions ['colcon_meta']
[0.177s] Level 1:colcon.colcon_core.package_identification:_identify(src/robot_info_system_msg) by extension 'colcon_meta'
[0.177s] Level 1:colcon.colcon_core.package_identification:_identify(src/robot_info_system_msg) by extensions ['ros']
[0.177s] Level 1:colcon.colcon_core.package_identification:_identify(src/robot_info_system_msg) by extension 'ros'
[0.178s] DEBUG:colcon.colcon_core.package_identification:Package 'src/robot_info_system_msg' with type 'ros.ament_cmake' and name 'robot_info_system_msg'
[0.178s] Level 1:colcon.colcon_core.package_identification:_identify(src/turtle_package) by extensions ['ignore', 'ignore_ament_install']
[0.178s] Level 1:colcon.colcon_core.package_identification:_identify(src/turtle_package) by extension 'ignore'
[0.178s] Level 1:colcon.colcon_core.package_identification:_identify(src/turtle_package) by extension 'ignore_ament_install'
[0.179s] Level 1:colcon.colcon_core.package_identification:_identify(src/turtle_package) by extensions ['colcon_pkg']
[0.179s] Level 1:colcon.colcon_core.package_identification:_identify(src/turtle_package) by extension 'colcon_pkg'
[0.179s] Level 1:colcon.colcon_core.package_identification:_identify(src/turtle_package) by extensions ['colcon_meta']
[0.179s] Level 1:colcon.colcon_core.package_identification:_identify(src/turtle_package) by extension 'colcon_meta'
[0.179s] Level 1:colcon.colcon_core.package_identification:_identify(src/turtle_package) by extensions ['ros']
[0.179s] Level 1:colcon.colcon_core.package_identification:_identify(src/turtle_package) by extension 'ros'
[0.179s] DEBUG:colcon.colcon_core.package_identification:Package 'src/turtle_package' with type 'ros.ament_cmake' and name 'turtle_package'
[0.179s] Level 1:colcon.colcon_core.package_discovery:discover_packages(recursive) using defaults
[0.179s] Level 1:colcon.colcon_core.package_discovery:discover_packages(ignore) discover
[0.179s] Level 1:colcon.colcon_core.package_discovery:discover_packages(ignore) using defaults
[0.179s] Level 1:colcon.colcon_core.package_discovery:discover_packages(path) discover
[0.179s] Level 1:colcon.colcon_core.package_discovery:discover_packages(path) using defaults
[0.198s] Level 1:colcon.colcon_core.package_discovery:discover_packages(prefix_path) check parameters
[0.198s] Level 1:colcon.colcon_core.package_discovery:discover_packages(prefix_path) discover
[0.200s] DEBUG:colcon.colcon_installed_package_information.package_discovery:Found 4 installed packages in /home/zaynap/ROS-starter-tutorial/ROS2_demo_ws/install
[0.201s] DEBUG:colcon.colcon_installed_package_information.package_discovery:Found 309 installed packages in /opt/ros/humble
[0.203s] Level 1:colcon.colcon_core.package_discovery:discover_packages(prefix_path) using defaults
[0.241s] Level 5:colcon.colcon_core.verb:set package 'robot_info_system' build argument 'cmake_args' from command line to 'None'
[0.241s] Level 5:colcon.colcon_core.verb:set package 'robot_info_system' build argument 'cmake_target' from command line to 'None'
[0.241s] Level 5:colcon.colcon_core.verb:set package 'robot_info_system' build argument 'cmake_target_skip_unavailable' from command line to 'False'
[0.241s] Level 5:colcon.colcon_core.verb:set package 'robot_info_system' build argument 'cmake_clean_cache' from command line to 'False'
[0.241s] Level 5:colcon.colcon_core.verb:set package 'robot_info_system' build argument 'cmake_clean_first' from command line to 'False'
[0.241s] Level 5:colcon.colcon_core.verb:set package 'robot_info_system' build argument 'cmake_force_configure' from command line to 'False'
[0.241s] Level 5:colcon.colcon_core.verb:set package 'robot_info_system' build argument 'ament_cmake_args' from command line to 'None'
[0.241s] Level 5:colcon.colcon_core.verb:set package 'robot_info_system' build argument 'catkin_cmake_args' from command line to 'None'
[0.241s] Level 5:colcon.colcon_core.verb:set package 'robot_info_system' build argument 'catkin_skip_building_tests' from command line to 'False'
[0.241s] DEBUG:colcon.colcon_core.verb:Building package 'robot_info_system' with the following arguments: {'ament_cmake_args': None, 'build_base': '/home/zaynap/ROS-starter-tutorial/ROS2_demo_ws/build/robot_info_system', 'catkin_cmake_args': None, 'catkin_skip_building_tests': False, 'cmake_args': None, 'cmake_clean_cache': False, 'cmake_clean_first': False, 'cmake_force_configure': False, 'cmake_target': None, 'cmake_target_skip_unavailable': False, 'install_base': '/home/zaynap/ROS-starter-tutorial/ROS2_demo_ws/install/robot_info_system', 'merge_install': False, 'path': '/home/zaynap/ROS-starter-tutorial/ROS2_demo_ws/src/robot_info_system', 'symlink_install': False, 'test_result_base': None}
[0.242s] Level 5:colcon.colcon_core.verb:set package 'robot_info_system_msg' build argument 'cmake_args' from command line to 'None'
[0.242s] Level 5:colcon.colcon_core.verb:set package 'robot_info_system_msg' build argument 'cmake_target' from command line to 'None'
[0.242s] Level 5:colcon.colcon_core.verb:set package 'robot_info_system_msg' build argument 'cmake_target_skip_unavailable' from command line to 'False'
[0.242s] Level 5:colcon.colcon_core.verb:set package 'robot_info_system_msg' build argument 'cmake_clean_cache' from command line to 'False'
[0.242s] Level 5:colcon.colcon_core.verb:set package 'robot_info_system_msg' build argument 'cmake_clean_first' from command line to 'False'
[0.242s] Level 5:colcon.colcon_core.verb:set package 'robot_info_system_msg' build argument 'cmake_force_configure' from command line to 'False'
[0.242s] Level 5:colcon.colcon_core.verb:set package 'robot_info_system_msg' build argument 'ament_cmake_args' from command line to 'None'
[0.242s] Level 5:colcon.colcon_core.verb:set package 'robot_info_system_msg' build argument 'catkin_cmake_args' from command line to 'None'
[0.242s] Level 5:colcon.colcon_core.verb:set package 'robot_info_system_msg' build argument 'catkin_skip_building_tests' from command line to 'False'
[0.242s] DEBUG:colcon.colcon_core.verb:Building package 'robot_info_system_msg' with the following arguments: {'ament_cmake_args': None, 'build_base': '/home/zaynap/ROS-starter-tutorial/ROS2_demo_ws/build/robot_info_system_msg', 'catkin_cmake_args': None, 'catkin_skip_building_tests': False, 'cmake_args': None, 'cmake_clean_cache': False, 'cmake_clean_first': False, 'cmake_force_configure': False, 'cmake_target': None, 'cmake_target_skip_unavailable': False, 'install_base': '/home/zaynap/ROS-starter-tutorial/ROS2_demo_ws/install/robot_info_system_msg', 'merge_install': False, 'path': '/home/zaynap/ROS-starter-tutorial/ROS2_demo_ws/src/robot_info_system_msg', 'symlink_install': False, 'test_result_base': None}
[0.242s] Level 5:colcon.colcon_core.verb:set package 'turtle_package' build argument 'cmake_args' from command line to 'None'
[0.242s] Level 5:colcon.colcon_core.verb:set package 'turtle_package' build argument 'cmake_target' from command line to 'None'
[0.242s] Level 5:colcon.colcon_core.verb:set package 'turtle_package' build argument 'cmake_target_skip_unavailable' from command line to 'False'
[0.242s] Level 5:colcon.colcon_core.verb:set package 'turtle_package' build argument 'cmake_clean_cache' from command line to 'False'
[0.242s] Level 5:colcon.colcon_core.verb:set package 'turtle_package' build argument 'cmake_clean_first' from command line to 'False'
[0.242s] Level 5:colcon.colcon_core.verb:set package 'turtle_package' build argument 'cmake_force_configure' from command line to 'False'
[0.242s] Level 5:colcon.colcon_core.verb:set package 'turtle_package' build argument 'ament_cmake_args' from command line to 'None'
[0.242s] Level 5:colcon.colcon_core.verb:set package 'turtle_package' build argument 'catkin_cmake_args' from command line to 'None'
[0.242s] Level 5:colcon.colcon_core.verb:set package 'turtle_package' build argument 'catkin_skip_building_tests' from command line to 'False'
[0.242s] DEBUG:colcon.colcon_core.verb:Building package 'turtle_package' with the following arguments: {'ament_cmake_args': None, 'build_base': '/home/zaynap/ROS-starter-tutorial/ROS2_demo_ws/build/turtle_package', 'catkin_cmake_args': None, 'catkin_skip_building_tests': False, 'cmake_args': None, 'cmake_clean_cache': False, 'cmake_clean_first': False, 'cmake_force_configure': False, 'cmake_target': None, 'cmake_target_skip_unavailable': False, 'install_base': '/home/zaynap/ROS-starter-tutorial/ROS2_demo_ws/install/turtle_package', 'merge_install': False, 'path': '/home/zaynap/ROS-starter-tutorial/ROS2_demo_ws/src/turtle_package', 'symlink_install': False, 'test_result_base': None}
[0.243s] Level 5:colcon.colcon_core.verb:set package 'robot_info_system2' build argument 'cmake_args' from command line to 'None'
[0.243s] Level 5:colcon.colcon_core.verb:set package 'robot_info_system2' build argument 'cmake_target' from command line to 'None'
[0.243s] Level 5:colcon.colcon_core.verb:set package 'robot_info_system2' build argument 'cmake_target_skip_unavailable' from command line to 'False'
[0.243s] Level 5:colcon.colcon_core.verb:set package 'robot_info_system2' build argument 'cmake_clean_cache' from command line to 'False'
[0.243s] Level 5:colcon.colcon_core.verb:set package 'robot_info_system2' build argument 'cmake_clean_first' from command line to 'False'
[0.243s] Level 5:colcon.colcon_core.verb:set package 'robot_info_system2' build argument 'cmake_force_configure' from command line to 'False'
[0.243s] Level 5:colcon.colcon_core.verb:set package 'robot_info_system2' build argument 'ament_cmake_args' from command line to 'None'
[0.243s] Level 5:colcon.colcon_core.verb:set package 'robot_info_system2' build argument 'catkin_cmake_args' from command line to 'None'
[0.243s] Level 5:colcon.colcon_core.verb:set package 'robot_info_system2' build argument 'catkin_skip_building_tests' from command line to 'False'
[0.243s] DEBUG:colcon.colcon_core.verb:Building package 'robot_info_system2' with the following arguments: {'ament_cmake_args': None, 'build_base': '/home/zaynap/ROS-starter-tutorial/ROS2_demo_ws/build/robot_info_system2', 'catkin_cmake_args': None, 'catkin_skip_building_tests': False, 'cmake_args': None, 'cmake_clean_cache': False, 'cmake_clean_first': False, 'cmake_force_configure': False, 'cmake_target': None, 'cmake_target_skip_unavailable': False, 'install_base': '/home/zaynap/ROS-starter-tutorial/ROS2_demo_ws/install/robot_info_system2', 'merge_install': False, 'path': '/home/zaynap/ROS-starter-tutorial/ROS2_demo_ws/src/robot_info_system2', 'symlink_install': False, 'test_result_base': None}
[0.243s] INFO:colcon.colcon_core.executor:Executing jobs using 'parallel' executor
[0.244s] DEBUG:colcon.colcon_parallel_executor.executor.parallel:run_until_complete
[0.244s] INFO:colcon.colcon_ros.task.ament_cmake.build:Building ROS package in '/home/zaynap/ROS-starter-tutorial/ROS2_demo_ws/src/robot_info_system_msg' with build type 'ament_cmake'
[0.244s] INFO:colcon.colcon_cmake.task.cmake.build:Building CMake package in '/home/zaynap/ROS-starter-tutorial/ROS2_demo_ws/src/robot_info_system_msg'
[0.246s] INFO:colcon.colcon_core.plugin_system:Skipping extension 'colcon_core.shell.bat': Not used on non-Windows systems
[0.246s] INFO:colcon.colcon_core.shell:Skip shell extension 'powershell' for command environment: Not usable outside of PowerShell
[0.246s] DEBUG:colcon.colcon_core.shell:Skip shell extension 'dsv' for command environment
[0.249s] INFO:colcon.colcon_ros.task.ament_python.build:Building ROS package in '/home/zaynap/ROS-starter-tutorial/ROS2_demo_ws/src/robot_info_system' with build type 'ament_python'
[0.250s] Level 1:colcon.colcon_core.shell:create_environment_hook('robot_info_system', 'ament_prefix_path')
[0.250s] INFO:colcon.colcon_core.shell:Creating environment hook '/home/zaynap/ROS-starter-tutorial/ROS2_demo_ws/install/robot_info_system/share/robot_info_system/hook/ament_prefix_path.ps1'
[0.250s] INFO:colcon.colcon_core.shell:Creating environment descriptor '/home/zaynap/ROS-starter-tutorial/ROS2_demo_ws/install/robot_info_system/share/robot_info_system/hook/ament_prefix_path.dsv'
[0.251s] INFO:colcon.colcon_core.shell:Creating environment hook '/home/zaynap/ROS-starter-tutorial/ROS2_demo_ws/install/robot_info_system/share/robot_info_system/hook/ament_prefix_path.sh'
[0.252s] INFO:colcon.colcon_core.shell:Skip shell extension 'powershell' for command environment: Not usable outside of PowerShell
[0.252s] DEBUG:colcon.colcon_core.shell:Skip shell extension 'dsv' for command environment
[0.254s] INFO:colcon.colcon_ros.task.ament_cmake.build:Building ROS package in '/home/zaynap/ROS-starter-tutorial/ROS2_demo_ws/src/turtle_package' with build type 'ament_cmake'
[0.255s] INFO:colcon.colcon_cmake.task.cmake.build:Building CMake package in '/home/zaynap/ROS-starter-tutorial/ROS2_demo_ws/src/turtle_package'
[0.255s] INFO:colcon.colcon_core.shell:Skip shell extension 'powershell' for command environment: Not usable outside of PowerShell
[0.255s] DEBUG:colcon.colcon_core.shell:Skip shell extension 'dsv' for command environment
[0.273s] DEBUG:colcon.colcon_core.event_handler.log_command:Invoking command in '/home/zaynap/ROS-starter-tutorial/ROS2_demo_ws/build/robot_info_system_msg': CMAKE_PREFIX_PATH=${CMAKE_PREFIX_PATH}:/home/zaynap/ROS-starter-tutorial/ROS2_demo_ws/install/robot_info_system2:/home/zaynap/ROS-starter-tutorial/ROS2_demo_ws/install/robot_info_system:/opt/ros/humble /usr/bin/cmake --build /home/zaynap/ROS-starter-tutorial/ROS2_demo_ws/build/robot_info_system_msg -- -j8 -l8
[0.522s] INFO:colcon.colcon_core.task.python.build:Building Python package in '/home/zaynap/ROS-starter-tutorial/ROS2_demo_ws/src/robot_info_system'
[0.523s] INFO:colcon.colcon_core.shell:Skip shell extension 'powershell' for command environment: Not usable outside of PowerShell
[0.523s] DEBUG:colcon.colcon_core.shell:Skip shell extension 'dsv' for command environment
[0.530s] DEBUG:colcon.colcon_core.event_handler.log_command:Invoking command in '/home/zaynap/ROS-starter-tutorial/ROS2_demo_ws/build/turtle_package': CMAKE_PREFIX_PATH=${CMAKE_PREFIX_PATH}:/home/zaynap/ROS-starter-tutorial/ROS2_demo_ws/install/robot_info_system2:/home/zaynap/ROS-starter-tutorial/ROS2_demo_ws/install/robot_info_system:/opt/ros/humble /usr/bin/cmake --build /home/zaynap/ROS-starter-tutorial/ROS2_demo_ws/build/turtle_package -- -j8 -l8
[0.585s] DEBUG:colcon.colcon_core.event_handler.log_command:Invoked command in '/home/zaynap/ROS-starter-tutorial/ROS2_demo_ws/build/turtle_package' returned '0': CMAKE_PREFIX_PATH=${CMAKE_PREFIX_PATH}:/home/zaynap/ROS-starter-tutorial/ROS2_demo_ws/install/robot_info_system2:/home/zaynap/ROS-starter-tutorial/ROS2_demo_ws/install/robot_info_system:/opt/ros/humble /usr/bin/cmake --build /home/zaynap/ROS-starter-tutorial/ROS2_demo_ws/build/turtle_package -- -j8 -l8
[0.612s] DEBUG:colcon.colcon_core.event_handler.log_command:Invoking command in '/home/zaynap/ROS-starter-tutorial/ROS2_demo_ws/build/turtle_package': CMAKE_PREFIX_PATH=${CMAKE_PREFIX_PATH}:/home/zaynap/ROS-starter-tutorial/ROS2_demo_ws/install/robot_info_system2:/home/zaynap/ROS-starter-tutorial/ROS2_demo_ws/install/robot_info_system:/opt/ros/humble /usr/bin/cmake --install /home/zaynap/ROS-starter-tutorial/ROS2_demo_ws/build/turtle_package
[0.621s] Level 1:colcon.colcon_core.environment:create_environment_scripts_only(turtle_package)
[0.622s] DEBUG:colcon.colcon_core.event_handler.log_command:Invoked command in '/home/zaynap/ROS-starter-tutorial/ROS2_demo_ws/build/turtle_package' returned '0': CMAKE_PREFIX_PATH=${CMAKE_PREFIX_PATH}:/home/zaynap/ROS-starter-tutorial/ROS2_demo_ws/install/robot_info_system2:/home/zaynap/ROS-starter-tutorial/ROS2_demo_ws/install/robot_info_system:/opt/ros/humble /usr/bin/cmake --install /home/zaynap/ROS-starter-tutorial/ROS2_demo_ws/build/turtle_package
[0.624s] Level 1:colcon.colcon_core.environment:checking '/home/zaynap/ROS-starter-tutorial/ROS2_demo_ws/install/turtle_package' for CMake module files
[0.624s] Level 1:colcon.colcon_core.environment:checking '/home/zaynap/ROS-starter-tutorial/ROS2_demo_ws/install/turtle_package' for CMake config files
[0.624s] Level 1:colcon.colcon_core.shell:create_environment_hook('turtle_package', 'cmake_prefix_path')
[0.625s] INFO:colcon.colcon_core.shell:Creating environment hook '/home/zaynap/ROS-starter-tutorial/ROS2_demo_ws/install/turtle_package/share/turtle_package/hook/cmake_prefix_path.ps1'
[0.625s] INFO:colcon.colcon_core.shell:Creating environment descriptor '/home/zaynap/ROS-starter-tutorial/ROS2_demo_ws/install/turtle_package/share/turtle_package/hook/cmake_prefix_path.dsv'
[0.625s] INFO:colcon.colcon_core.shell:Creating environment hook '/home/zaynap/ROS-starter-tutorial/ROS2_demo_ws/install/turtle_package/share/turtle_package/hook/cmake_prefix_path.sh'
[0.626s] Level 1:colcon.colcon_core.environment:checking '/home/zaynap/ROS-starter-tutorial/ROS2_demo_ws/install/turtle_package/lib'
[0.626s] Level 1:colcon.colcon_core.environment:checking '/home/zaynap/ROS-starter-tutorial/ROS2_demo_ws/install/turtle_package/bin'
[0.626s] Level 1:colcon.colcon_core.environment:checking '/home/zaynap/ROS-starter-tutorial/ROS2_demo_ws/install/turtle_package/lib/pkgconfig/turtle_package.pc'
[0.627s] Level 1:colcon.colcon_core.environment:checking '/home/zaynap/ROS-starter-tutorial/ROS2_demo_ws/install/turtle_package/lib/python3.10/site-packages'
[0.627s] Level 1:colcon.colcon_core.environment:checking '/home/zaynap/ROS-starter-tutorial/ROS2_demo_ws/install/turtle_package/bin'
[0.627s] INFO:colcon.colcon_core.shell:Creating package script '/home/zaynap/ROS-starter-tutorial/ROS2_demo_ws/install/turtle_package/share/turtle_package/package.ps1'
[0.628s] INFO:colcon.colcon_core.shell:Creating package descriptor '/home/zaynap/ROS-starter-tutorial/ROS2_demo_ws/install/turtle_package/share/turtle_package/package.dsv'
[0.628s] INFO:colcon.colcon_core.shell:Creating package script '/home/zaynap/ROS-starter-tutorial/ROS2_demo_ws/install/turtle_package/share/turtle_package/package.sh'
[0.629s] INFO:colcon.colcon_core.shell:Creating package script '/home/zaynap/ROS-starter-tutorial/ROS2_demo_ws/install/turtle_package/share/turtle_package/package.bash'
[0.630s] INFO:colcon.colcon_core.shell:Creating package script '/home/zaynap/ROS-starter-tutorial/ROS2_demo_ws/install/turtle_package/share/turtle_package/package.zsh'
[0.630s] Level 1:colcon.colcon_core.environment:create_file_with_runtime_dependencies(/home/zaynap/ROS-starter-tutorial/ROS2_demo_ws/install/turtle_package/share/colcon-core/packages/turtle_package)
[0.650s] Level 1:colcon.colcon_core.environment:create_environment_scripts_only(turtle_package)
[0.650s] Level 1:colcon.colcon_core.environment:checking '/home/zaynap/ROS-starter-tutorial/ROS2_demo_ws/install/turtle_package' for CMake module files
[0.651s] Level 1:colcon.colcon_core.environment:checking '/home/zaynap/ROS-starter-tutorial/ROS2_demo_ws/install/turtle_package' for CMake config files
[0.651s] Level 1:colcon.colcon_core.shell:create_environment_hook('turtle_package', 'cmake_prefix_path')
[0.651s] INFO:colcon.colcon_core.shell:Creating environment hook '/home/zaynap/ROS-starter-tutorial/ROS2_demo_ws/install/turtle_package/share/turtle_package/hook/cmake_prefix_path.ps1'
[0.652s] INFO:colcon.colcon_core.shell:Creating environment descriptor '/home/zaynap/ROS-starter-tutorial/ROS2_demo_ws/install/turtle_package/share/turtle_package/hook/cmake_prefix_path.dsv'
[0.652s] INFO:colcon.colcon_core.shell:Creating environment hook '/home/zaynap/ROS-starter-tutorial/ROS2_demo_ws/install/turtle_package/share/turtle_package/hook/cmake_prefix_path.sh'
[0.653s] Level 1:colcon.colcon_core.environment:checking '/home/zaynap/ROS-starter-tutorial/ROS2_demo_ws/install/turtle_package/lib'
[0.653s] Level 1:colcon.colcon_core.environment:checking '/home/zaynap/ROS-starter-tutorial/ROS2_demo_ws/install/turtle_package/bin'
[0.653s] Level 1:colcon.colcon_core.environment:checking '/home/zaynap/ROS-starter-tutorial/ROS2_demo_ws/install/turtle_package/lib/pkgconfig/turtle_package.pc'
[0.653s] Level 1:colcon.colcon_core.environment:checking '/home/zaynap/ROS-starter-tutorial/ROS2_demo_ws/install/turtle_package/lib/python3.10/site-packages'
[0.653s] Level 1:colcon.colcon_core.environment:checking '/home/zaynap/ROS-starter-tutorial/ROS2_demo_ws/install/turtle_package/bin'
[0.653s] INFO:colcon.colcon_core.shell:Creating package script '/home/zaynap/ROS-starter-tutorial/ROS2_demo_ws/install/turtle_package/share/turtle_package/package.ps1'
[0.654s] INFO:colcon.colcon_core.shell:Creating package descriptor '/home/zaynap/ROS-starter-tutorial/ROS2_demo_ws/install/turtle_package/share/turtle_package/package.dsv'
[0.655s] INFO:colcon.colcon_core.shell:Creating package script '/home/zaynap/ROS-starter-tutorial/ROS2_demo_ws/install/turtle_package/share/turtle_package/package.sh'
[0.655s] INFO:colcon.colcon_core.shell:Creating package script '/home/zaynap/ROS-starter-tutorial/ROS2_demo_ws/install/turtle_package/share/turtle_package/package.bash'
[0.655s] INFO:colcon.colcon_core.shell:Creating package script '/home/zaynap/ROS-starter-tutorial/ROS2_demo_ws/install/turtle_package/share/turtle_package/package.zsh'
[0.656s] Level 1:colcon.colcon_core.environment:create_file_with_runtime_dependencies(/home/zaynap/ROS-starter-tutorial/ROS2_demo_ws/install/turtle_package/share/colcon-core/packages/turtle_package)
[0.743s] DEBUG:colcon.colcon_core.event_handler.log_command:Invoked command in '/home/zaynap/ROS-starter-tutorial/ROS2_demo_ws/build/robot_info_system_msg' returned '0': CMAKE_PREFIX_PATH=${CMAKE_PREFIX_PATH}:/home/zaynap/ROS-starter-tutorial/ROS2_demo_ws/install/robot_info_system2:/home/zaynap/ROS-starter-tutorial/ROS2_demo_ws/install/robot_info_system:/opt/ros/humble /usr/bin/cmake --build /home/zaynap/ROS-starter-tutorial/ROS2_demo_ws/build/robot_info_system_msg -- -j8 -l8
[0.789s] DEBUG:colcon.colcon_core.event_handler.log_command:Invoking command in '/home/zaynap/ROS-starter-tutorial/ROS2_demo_ws/build/robot_info_system_msg': CMAKE_PREFIX_PATH=${CMAKE_PREFIX_PATH}:/home/zaynap/ROS-starter-tutorial/ROS2_demo_ws/install/robot_info_system2:/home/zaynap/ROS-starter-tutorial/ROS2_demo_ws/install/robot_info_system:/opt/ros/humble /usr/bin/cmake --install /home/zaynap/ROS-starter-tutorial/ROS2_demo_ws/build/robot_info_system_msg
[0.842s] Level 1:colcon.colcon_core.environment:create_environment_scripts_only(robot_info_system_msg)
[0.843s] Level 1:colcon.colcon_core.environment:checking '/home/zaynap/ROS-starter-tutorial/ROS2_demo_ws/install/robot_info_system_msg' for CMake module files
[0.843s] DEBUG:colcon.colcon_core.event_handler.log_command:Invoked command in '/home/zaynap/ROS-starter-tutorial/ROS2_demo_ws/build/robot_info_system_msg' returned '0': CMAKE_PREFIX_PATH=${CMAKE_PREFIX_PATH}:/home/zaynap/ROS-starter-tutorial/ROS2_demo_ws/install/robot_info_system2:/home/zaynap/ROS-starter-tutorial/ROS2_demo_ws/install/robot_info_system:/opt/ros/humble /usr/bin/cmake --install /home/zaynap/ROS-starter-tutorial/ROS2_demo_ws/build/robot_info_system_msg
[0.844s] Level 1:colcon.colcon_core.environment:checking '/home/zaynap/ROS-starter-tutorial/ROS2_demo_ws/install/robot_info_system_msg' for CMake config files
[0.844s] Level 1:colcon.colcon_core.shell:create_environment_hook('robot_info_system_msg', 'cmake_prefix_path')
[0.844s] INFO:colcon.colcon_core.shell:Creating environment hook '/home/zaynap/ROS-starter-tutorial/ROS2_demo_ws/install/robot_info_system_msg/share/robot_info_system_msg/hook/cmake_prefix_path.ps1'
[0.845s] INFO:colcon.colcon_core.shell:Creating environment descriptor '/home/zaynap/ROS-starter-tutorial/ROS2_demo_ws/install/robot_info_system_msg/share/robot_info_system_msg/hook/cmake_prefix_path.dsv'
[0.845s] INFO:colcon.colcon_core.shell:Creating environment hook '/home/zaynap/ROS-starter-tutorial/ROS2_demo_ws/install/robot_info_system_msg/share/robot_info_system_msg/hook/cmake_prefix_path.sh'
[0.846s] Level 1:colcon.colcon_core.environment:checking '/home/zaynap/ROS-starter-tutorial/ROS2_demo_ws/install/robot_info_system_msg/lib'
[0.846s] Level 1:colcon.colcon_core.shell:create_environment_hook('robot_info_system_msg', 'ld_library_path_lib')
[0.846s] INFO:colcon.colcon_core.shell:Creating environment hook '/home/zaynap/ROS-starter-tutorial/ROS2_demo_ws/install/robot_info_system_msg/share/robot_info_system_msg/hook/ld_library_path_lib.ps1'
[0.846s] INFO:colcon.colcon_core.shell:Creating environment descriptor '/home/zaynap/ROS-starter-tutorial/ROS2_demo_ws/install/robot_info_system_msg/share/robot_info_system_msg/hook/ld_library_path_lib.dsv'
[0.846s] INFO:colcon.colcon_core.shell:Creating environment hook '/home/zaynap/ROS-starter-tutorial/ROS2_demo_ws/install/robot_info_system_msg/share/robot_info_system_msg/hook/ld_library_path_lib.sh'
[0.847s] Level 1:colcon.colcon_core.environment:checking '/home/zaynap/ROS-starter-tutorial/ROS2_demo_ws/install/robot_info_system_msg/bin'
[0.847s] Level 1:colcon.colcon_core.environment:checking '/home/zaynap/ROS-starter-tutorial/ROS2_demo_ws/install/robot_info_system_msg/lib/pkgconfig/robot_info_system_msg.pc'
[0.847s] Level 1:colcon.colcon_core.environment:checking '/home/zaynap/ROS-starter-tutorial/ROS2_demo_ws/install/robot_info_system_msg/lib/python3.10/site-packages'
[0.847s] Level 1:colcon.colcon_core.environment:checking '/home/zaynap/ROS-starter-tutorial/ROS2_demo_ws/install/robot_info_system_msg/bin'
[0.848s] INFO:colcon.colcon_core.shell:Creating package script '/home/zaynap/ROS-starter-tutorial/ROS2_demo_ws/install/robot_info_system_msg/share/robot_info_system_msg/package.ps1'
[0.848s] INFO:colcon.colcon_core.shell:Creating package descriptor '/home/zaynap/ROS-starter-tutorial/ROS2_demo_ws/install/robot_info_system_msg/share/robot_info_system_msg/package.dsv'
[0.848s] INFO:colcon.colcon_core.shell:Creating package script '/home/zaynap/ROS-starter-tutorial/ROS2_demo_ws/install/robot_info_system_msg/share/robot_info_system_msg/package.sh'
[0.849s] INFO:colcon.colcon_core.shell:Creating package script '/home/zaynap/ROS-starter-tutorial/ROS2_demo_ws/install/robot_info_system_msg/share/robot_info_system_msg/package.bash'
[0.849s] INFO:colcon.colcon_core.shell:Creating package script '/home/zaynap/ROS-starter-tutorial/ROS2_demo_ws/install/robot_info_system_msg/share/robot_info_system_msg/package.zsh'
[0.849s] Level 1:colcon.colcon_core.environment:create_file_with_runtime_dependencies(/home/zaynap/ROS-starter-tutorial/ROS2_demo_ws/install/robot_info_system_msg/share/colcon-core/packages/robot_info_system_msg)
[0.892s] Level 1:colcon.colcon_core.environment:create_environment_scripts_only(robot_info_system_msg)
[0.893s] Level 1:colcon.colcon_core.environment:checking '/home/zaynap/ROS-starter-tutorial/ROS2_demo_ws/install/robot_info_system_msg' for CMake module files
[0.893s] Level 1:colcon.colcon_core.environment:checking '/home/zaynap/ROS-starter-tutorial/ROS2_demo_ws/install/robot_info_system_msg' for CMake config files
[0.894s] Level 1:colcon.colcon_core.shell:create_environment_hook('robot_info_system_msg', 'cmake_prefix_path')
[0.894s] INFO:colcon.colcon_core.shell:Creating environment hook '/home/zaynap/ROS-starter-tutorial/ROS2_demo_ws/install/robot_info_system_msg/share/robot_info_system_msg/hook/cmake_prefix_path.ps1'
[0.894s] INFO:colcon.colcon_core.shell:Creating environment descriptor '/home/zaynap/ROS-starter-tutorial/ROS2_demo_ws/install/robot_info_system_msg/share/robot_info_system_msg/hook/cmake_prefix_path.dsv'
[0.895s] INFO:colcon.colcon_core.shell:Creating environment hook '/home/zaynap/ROS-starter-tutorial/ROS2_demo_ws/install/robot_info_system_msg/share/robot_info_system_msg/hook/cmake_prefix_path.sh'
[0.895s] Level 1:colcon.colcon_core.environment:checking '/home/zaynap/ROS-starter-tutorial/ROS2_demo_ws/install/robot_info_system_msg/lib'
[0.895s] Level 1:colcon.colcon_core.shell:create_environment_hook('robot_info_system_msg', 'ld_library_path_lib')
[0.896s] INFO:colcon.colcon_core.shell:Creating environment hook '/home/zaynap/ROS-starter-tutorial/ROS2_demo_ws/install/robot_info_system_msg/share/robot_info_system_msg/hook/ld_library_path_lib.ps1'
[0.896s] INFO:colcon.colcon_core.shell:Creating environment descriptor '/home/zaynap/ROS-starter-tutorial/ROS2_demo_ws/install/robot_info_system_msg/share/robot_info_system_msg/hook/ld_library_path_lib.dsv'
[0.896s] INFO:colcon.colcon_core.shell:Creating environment hook '/home/zaynap/ROS-starter-tutorial/ROS2_demo_ws/install/robot_info_system_msg/share/robot_info_system_msg/hook/ld_library_path_lib.sh'
[0.897s] Level 1:colcon.colcon_core.environment:checking '/home/zaynap/ROS-starter-tutorial/ROS2_demo_ws/install/robot_info_system_msg/bin'
[0.897s] Level 1:colcon.colcon_core.environment:checking '/home/zaynap/ROS-starter-tutorial/ROS2_demo_ws/install/robot_info_system_msg/lib/pkgconfig/robot_info_system_msg.pc'
[0.897s] Level 1:colcon.colcon_core.environment:checking '/home/zaynap/ROS-starter-tutorial/ROS2_demo_ws/install/robot_info_system_msg/lib/python3.10/site-packages'
[0.897s] Level 1:colcon.colcon_core.environment:checking '/home/zaynap/ROS-starter-tutorial/ROS2_demo_ws/install/robot_info_system_msg/bin'
[0.897s] INFO:colcon.colcon_core.shell:Creating package script '/home/zaynap/ROS-starter-tutorial/ROS2_demo_ws/install/robot_info_system_msg/share/robot_info_system_msg/package.ps1'
[0.898s] INFO:colcon.colcon_core.shell:Creating package descriptor '/home/zaynap/ROS-starter-tutorial/ROS2_demo_ws/install/robot_info_system_msg/share/robot_info_system_msg/package.dsv'
[0.898s] INFO:colcon.colcon_core.shell:Creating package script '/home/zaynap/ROS-starter-tutorial/ROS2_demo_ws/install/robot_info_system_msg/share/robot_info_system_msg/package.sh'
[0.899s] INFO:colcon.colcon_core.shell:Creating package script '/home/zaynap/ROS-starter-tutorial/ROS2_demo_ws/install/robot_info_system_msg/share/robot_info_system_msg/package.bash'
[0.899s] INFO:colcon.colcon_core.shell:Creating package script '/home/zaynap/ROS-starter-tutorial/ROS2_demo_ws/install/robot_info_system_msg/share/robot_info_system_msg/package.zsh'
[0.900s] Level 1:colcon.colcon_core.environment:create_file_with_runtime_dependencies(/home/zaynap/ROS-starter-tutorial/ROS2_demo_ws/install/robot_info_system_msg/share/colcon-core/packages/robot_info_system_msg)
[0.900s] INFO:colcon.colcon_ros.task.ament_python.build:Building ROS package in '/home/zaynap/ROS-starter-tutorial/ROS2_demo_ws/src/robot_info_system2' with build type 'ament_python'
[0.900s] Level 1:colcon.colcon_core.shell:create_environment_hook('robot_info_system2', 'ament_prefix_path')
[0.900s] INFO:colcon.colcon_core.shell:Creating environment hook '/home/zaynap/ROS-starter-tutorial/ROS2_demo_ws/install/robot_info_system2/share/robot_info_system2/hook/ament_prefix_path.ps1'
[0.901s] INFO:colcon.colcon_core.shell:Creating environment descriptor '/home/zaynap/ROS-starter-tutorial/ROS2_demo_ws/install/robot_info_system2/share/robot_info_system2/hook/ament_prefix_path.dsv'
[0.901s] INFO:colcon.colcon_core.shell:Creating environment hook '/home/zaynap/ROS-starter-tutorial/ROS2_demo_ws/install/robot_info_system2/share/robot_info_system2/hook/ament_prefix_path.sh'
[0.902s] INFO:colcon.colcon_core.shell:Skip shell extension 'powershell' for command environment: Not usable outside of PowerShell
[0.902s] DEBUG:colcon.colcon_core.shell:Skip shell extension 'dsv' for command environment
[1.140s] INFO:colcon.colcon_core.task.python.build:Building Python package in '/home/zaynap/ROS-starter-tutorial/ROS2_demo_ws/src/robot_info_system2'
[1.141s] INFO:colcon.colcon_core.shell:Skip shell extension 'powershell' for command environment: Not usable outside of PowerShell
[1.141s] DEBUG:colcon.colcon_core.shell:Skip shell extension 'dsv' for command environment
[1.154s] DEBUG:colcon.colcon_core.event_handler.log_command:Invoking command in '/home/zaynap/ROS-starter-tutorial/ROS2_demo_ws/src/robot_info_system': PYTHONPATH=/home/zaynap/ROS-starter-tutorial/ROS2_demo_ws/build/robot_info_system/prefix_override:/usr/lib/python3/dist-packages/colcon_core/task/python/colcon_distutils_commands:/home/zaynap/ROS-starter-tutorial/ROS2_demo_ws/install/robot_info_system/lib/python3.10/site-packages:${PYTHONPATH} /usr/bin/python3 -W ignore:setup.py install is deprecated setup.py egg_info --egg-base ../../build/robot_info_system build --build-base /home/zaynap/ROS-starter-tutorial/ROS2_demo_ws/build/robot_info_system/build install --record /home/zaynap/ROS-starter-tutorial/ROS2_demo_ws/build/robot_info_system/install.log --single-version-externally-managed install_data
[1.747s] DEBUG:colcon.colcon_core.event_handler.log_command:Invoking command in '/home/zaynap/ROS-starter-tutorial/ROS2_demo_ws/src/robot_info_system2': PYTHONPATH=/home/zaynap/ROS-starter-tutorial/ROS2_demo_ws/build/robot_info_system2/prefix_override:/usr/lib/python3/dist-packages/colcon_core/task/python/colcon_distutils_commands:/home/zaynap/ROS-starter-tutorial/ROS2_demo_ws/install/robot_info_system2/lib/python3.10/site-packages:${PYTHONPATH} /usr/bin/python3 -W ignore:setup.py install is deprecated setup.py egg_info --egg-base ../../build/robot_info_system2 build --build-base /home/zaynap/ROS-starter-tutorial/ROS2_demo_ws/build/robot_info_system2/build install --record /home/zaynap/ROS-starter-tutorial/ROS2_demo_ws/build/robot_info_system2/install.log --single-version-externally-managed install_data
[1.784s] Level 1:colcon.colcon_core.environment:checking '/home/zaynap/ROS-starter-tutorial/ROS2_demo_ws/install/robot_info_system' for CMake module files
[1.785s] DEBUG:colcon.colcon_core.event_handler.log_command:Invoked command in '/home/zaynap/ROS-starter-tutorial/ROS2_demo_ws/src/robot_info_system' returned '0': PYTHONPATH=/home/zaynap/ROS-starter-tutorial/ROS2_demo_ws/build/robot_info_system/prefix_override:/usr/lib/python3/dist-packages/colcon_core/task/python/colcon_distutils_commands:/home/zaynap/ROS-starter-tutorial/ROS2_demo_ws/install/robot_info_system/lib/python3.10/site-packages:${PYTHONPATH} /usr/bin/python3 -W ignore:setup.py install is deprecated setup.py egg_info --egg-base ../../build/robot_info_system build --build-base /home/zaynap/ROS-starter-tutorial/ROS2_demo_ws/build/robot_info_system/build install --record /home/zaynap/ROS-starter-tutorial/ROS2_demo_ws/build/robot_info_system/install.log --single-version-externally-managed install_data
[1.785s] Level 1:colcon.colcon_core.environment:checking '/home/zaynap/ROS-starter-tutorial/ROS2_demo_ws/install/robot_info_system' for CMake config files
[1.786s] Level 1:colcon.colcon_core.environment:checking '/home/zaynap/ROS-starter-tutorial/ROS2_demo_ws/install/robot_info_system/lib'
[1.786s] Level 1:colcon.colcon_core.environment:checking '/home/zaynap/ROS-starter-tutorial/ROS2_demo_ws/install/robot_info_system/bin'
[1.786s] Level 1:colcon.colcon_core.environment:checking '/home/zaynap/ROS-starter-tutorial/ROS2_demo_ws/install/robot_info_system/lib/pkgconfig/robot_info_system.pc'
[1.786s] Level 1:colcon.colcon_core.environment:checking '/home/zaynap/ROS-starter-tutorial/ROS2_demo_ws/install/robot_info_system/lib/python3.10/site-packages'
[1.786s] Level 1:colcon.colcon_core.shell:create_environment_hook('robot_info_system', 'pythonpath')
[1.787s] INFO:colcon.colcon_core.shell:Creating environment hook '/home/zaynap/ROS-starter-tutorial/ROS2_demo_ws/install/robot_info_system/share/robot_info_system/hook/pythonpath.ps1'
[1.787s] INFO:colcon.colcon_core.shell:Creating environment descriptor '/home/zaynap/ROS-starter-tutorial/ROS2_demo_ws/install/robot_info_system/share/robot_info_system/hook/pythonpath.dsv'
[1.788s] INFO:colcon.colcon_core.shell:Creating environment hook '/home/zaynap/ROS-starter-tutorial/ROS2_demo_ws/install/robot_info_system/share/robot_info_system/hook/pythonpath.sh'
[1.788s] Level 1:colcon.colcon_core.environment:checking '/home/zaynap/ROS-starter-tutorial/ROS2_demo_ws/install/robot_info_system/bin'
[1.788s] Level 1:colcon.colcon_core.environment:create_environment_scripts_only(robot_info_system)
[1.789s] INFO:colcon.colcon_core.shell:Creating package script '/home/zaynap/ROS-starter-tutorial/ROS2_demo_ws/install/robot_info_system/share/robot_info_system/package.ps1'
[1.789s] INFO:colcon.colcon_core.shell:Creating package descriptor '/home/zaynap/ROS-starter-tutorial/ROS2_demo_ws/install/robot_info_system/share/robot_info_system/package.dsv'
[1.790s] INFO:colcon.colcon_core.shell:Creating package script '/home/zaynap/ROS-starter-tutorial/ROS2_demo_ws/install/robot_info_system/share/robot_info_system/package.sh'
[1.790s] INFO:colcon.colcon_core.shell:Creating package script '/home/zaynap/ROS-starter-tutorial/ROS2_demo_ws/install/robot_info_system/share/robot_info_system/package.bash'
[1.791s] INFO:colcon.colcon_core.shell:Creating package script '/home/zaynap/ROS-starter-tutorial/ROS2_demo_ws/install/robot_info_system/share/robot_info_system/package.zsh'
[1.791s] Level 1:colcon.colcon_core.environment:create_file_with_runtime_dependencies(/home/zaynap/ROS-starter-tutorial/ROS2_demo_ws/install/robot_info_system/share/colcon-core/packages/robot_info_system)
[2.362s] Level 1:colcon.colcon_core.environment:checking '/home/zaynap/ROS-starter-tutorial/ROS2_demo_ws/install/robot_info_system2' for CMake module files
[2.363s] DEBUG:colcon.colcon_core.event_handler.log_command:Invoked command in '/home/zaynap/ROS-starter-tutorial/ROS2_demo_ws/src/robot_info_system2' returned '0': PYTHONPATH=/home/zaynap/ROS-starter-tutorial/ROS2_demo_ws/build/robot_info_system2/prefix_override:/usr/lib/python3/dist-packages/colcon_core/task/python/colcon_distutils_commands:/home/zaynap/ROS-starter-tutorial/ROS2_demo_ws/install/robot_info_system2/lib/python3.10/site-packages:${PYTHONPATH} /usr/bin/python3 -W ignore:setup.py install is deprecated setup.py egg_info --egg-base ../../build/robot_info_system2 build --build-base /home/zaynap/ROS-starter-tutorial/ROS2_demo_ws/build/robot_info_system2/build install --record /home/zaynap/ROS-starter-tutorial/ROS2_demo_ws/build/robot_info_system2/install.log --single-version-externally-managed install_data
[2.363s] Level 1:colcon.colcon_core.environment:checking '/home/zaynap/ROS-starter-tutorial/ROS2_demo_ws/install/robot_info_system2' for CMake config files
[2.363s] Level 1:colcon.colcon_core.environment:checking '/home/zaynap/ROS-starter-tutorial/ROS2_demo_ws/install/robot_info_system2/lib'
[2.363s] Level 1:colcon.colcon_core.environment:checking '/home/zaynap/ROS-starter-tutorial/ROS2_demo_ws/install/robot_info_system2/bin'
[2.364s] Level 1:colcon.colcon_core.environment:checking '/home/zaynap/ROS-starter-tutorial/ROS2_demo_ws/install/robot_info_system2/lib/pkgconfig/robot_info_system2.pc'
[2.364s] Level 1:colcon.colcon_core.environment:checking '/home/zaynap/ROS-starter-tutorial/ROS2_demo_ws/install/robot_info_system2/lib/python3.10/site-packages'
[2.364s] Level 1:colcon.colcon_core.shell:create_environment_hook('robot_info_system2', 'pythonpath')
[2.364s] INFO:colcon.colcon_core.shell:Creating environment hook '/home/zaynap/ROS-starter-tutorial/ROS2_demo_ws/install/robot_info_system2/share/robot_info_system2/hook/pythonpath.ps1'
[2.365s] INFO:colcon.colcon_core.shell:Creating environment descriptor '/home/zaynap/ROS-starter-tutorial/ROS2_demo_ws/install/robot_info_system2/share/robot_info_system2/hook/pythonpath.dsv'
[2.365s] INFO:colcon.colcon_core.shell:Creating environment hook '/home/zaynap/ROS-starter-tutorial/ROS2_demo_ws/install/robot_info_system2/share/robot_info_system2/hook/pythonpath.sh'
[2.365s] Level 1:colcon.colcon_core.environment:checking '/home/zaynap/ROS-starter-tutorial/ROS2_demo_ws/install/robot_info_system2/bin'
[2.365s] Level 1:colcon.colcon_core.environment:create_environment_scripts_only(robot_info_system2)
[2.366s] INFO:colcon.colcon_core.shell:Creating package script '/home/zaynap/ROS-starter-tutorial/ROS2_demo_ws/install/robot_info_system2/share/robot_info_system2/package.ps1'
[2.366s] INFO:colcon.colcon_core.shell:Creating package descriptor '/home/zaynap/ROS-starter-tutorial/ROS2_demo_ws/install/robot_info_system2/share/robot_info_system2/package.dsv'
[2.367s] INFO:colcon.colcon_core.shell:Creating package script '/home/zaynap/ROS-starter-tutorial/ROS2_demo_ws/install/robot_info_system2/share/robot_info_system2/package.sh'
[2.367s] INFO:colcon.colcon_core.shell:Creating package script '/home/zaynap/ROS-starter-tutorial/ROS2_demo_ws/install/robot_info_system2/share/robot_info_system2/package.bash'
[2.367s] INFO:colcon.colcon_core.shell:Creating package script '/home/zaynap/ROS-starter-tutorial/ROS2_demo_ws/install/robot_info_system2/share/robot_info_system2/package.zsh'
[2.368s] Level 1:colcon.colcon_core.environment:create_file_with_runtime_dependencies(/home/zaynap/ROS-starter-tutorial/ROS2_demo_ws/install/robot_info_system2/share/colcon-core/packages/robot_info_system2)
[2.368s] DEBUG:colcon.colcon_parallel_executor.executor.parallel:closing loop
[2.368s] DEBUG:colcon.colcon_parallel_executor.executor.parallel:loop closed
[2.369s] DEBUG:colcon.colcon_parallel_executor.executor.parallel:run_until_complete finished with '0'
[2.369s] DEBUG:colcon.colcon_core.event_reactor:joining thread
[2.373s] INFO:colcon.colcon_core.plugin_system:Skipping extension 'colcon_notification.desktop_notification.terminal_notifier': Not used on non-Darwin systems
[2.374s] INFO:colcon.colcon_core.plugin_system:Skipping extension 'colcon_notification.desktop_notification.win32': Not used on non-Windows systems
[2.374s] INFO:colcon.colcon_notification.desktop_notification:Sending desktop notification using 'notify2'
[2.389s] DEBUG:colcon.colcon_core.event_reactor:joined thread
[2.389s] INFO:colcon.colcon_core.shell:Creating prefix script '/home/zaynap/ROS-starter-tutorial/ROS2_demo_ws/install/local_setup.ps1'
[2.391s] INFO:colcon.colcon_core.shell:Creating prefix util module '/home/zaynap/ROS-starter-tutorial/ROS2_demo_ws/install/_local_setup_util_ps1.py'
[2.392s] INFO:colcon.colcon_core.shell:Creating prefix chain script '/home/zaynap/ROS-starter-tutorial/ROS2_demo_ws/install/setup.ps1'
[2.393s] INFO:colcon.colcon_core.shell:Creating prefix script '/home/zaynap/ROS-starter-tutorial/ROS2_demo_ws/install/local_setup.sh'
[2.394s] INFO:colcon.colcon_core.shell:Creating prefix util module '/home/zaynap/ROS-starter-tutorial/ROS2_demo_ws/install/_local_setup_util_sh.py'
[2.394s] INFO:colcon.colcon_core.shell:Creating prefix chain script '/home/zaynap/ROS-starter-tutorial/ROS2_demo_ws/install/setup.sh'
[2.395s] INFO:colcon.colcon_core.shell:Creating prefix script '/home/zaynap/ROS-starter-tutorial/ROS2_demo_ws/install/local_setup.bash'
[2.396s] INFO:colcon.colcon_core.shell:Creating prefix chain script '/home/zaynap/ROS-starter-tutorial/ROS2_demo_ws/install/setup.bash'
[2.397s] INFO:colcon.colcon_core.shell:Creating prefix script '/home/zaynap/ROS-starter-tutorial/ROS2_demo_ws/install/local_setup.zsh'
[2.398s] INFO:colcon.colcon_core.shell:Creating prefix chain script '/home/zaynap/ROS-starter-tutorial/ROS2_demo_ws/install/setup.zsh'
