running egg_info
writing ../../build/robot_info_system/robot_info_system.egg-info/PKG-INFO
writing dependency_links to ../../build/robot_info_system/robot_info_system.egg-info/dependency_links.txt
writing entry points to ../../build/robot_info_system/robot_info_system.egg-info/entry_points.txt
writing requirements to ../../build/robot_info_system/robot_info_system.egg-info/requires.txt
writing top-level names to ../../build/robot_info_system/robot_info_system.egg-info/top_level.txt
reading manifest file '../../build/robot_info_system/robot_info_system.egg-info/SOURCES.txt'
writing manifest file '../../build/robot_info_system/robot_info_system.egg-info/SOURCES.txt'
running build
running build_py
running install
running install_lib
running install_data
running install_egg_info
removing '/home/zaynap/ROS-starter-tutorial/ROS2_demo_ws/install/robot_info_system/lib/python3.10/site-packages/robot_info_system-0.0.1-py3.10.egg-info' (and everything under it)
Copying ../../build/robot_info_system/robot_info_system.egg-info to /home/zaynap/ROS-starter-tutorial/ROS2_demo_ws/install/robot_info_system/lib/python3.10/site-packages/robot_info_system-0.0.1-py3.10.egg-info
running install_scripts
Installing robot_monitor script to /home/zaynap/ROS-starter-tutorial/ROS2_demo_ws/install/robot_info_system/lib/robot_info_system
Installing robot_state_publisher script to /home/zaynap/ROS-starter-tutorial/ROS2_demo_ws/install/robot_info_system/lib/robot_info_system
writing list of installed files to '/home/zaynap/ROS-starter-tutorial/ROS2_demo_ws/build/robot_info_system/install.log'
