-- Found ament_cmake: 1.3.11 (/opt/ros/humble/share/ament_cmake/cmake)
-- Found ament_lint_auto: 0.12.11 (/opt/ros/humble/share/ament_lint_auto/cmake)
-- Added test 'cppcheck' to perform static code analysis on C / C++ code
-- Configured cppcheck include dirs: $<BUILD_INTERFACE:/home/yousef/ROS-starter-tutorial/ROS2_demo_ws/src/turtle_package/include>
-- Configured cppcheck exclude dirs and/or files: 
-- Added test 'flake8' to check Python code syntax and style conventions
-- Added test 'lint_cmake' to check CMake code style
-- Added test 'pep257' to check Python code against some of the docstring style conventions in PEP 257
-- Added test 'uncrustify' to check C / C++ code style
-- Configured uncrustify additional arguments: 
-- Added test 'xmllint' to check XML markup files
-- Configuring done
-- Generating done
-- Build files have been written to: /home/yousef/ROS-starter-tutorial/ROS2_demo_ws/build/turtle_package
[35m[1mConsolidate compiler generated dependencies of target demo_node[0m
[100%] Built target demo_node
-- Install configuration: ""
-- Up-to-date: /home/yousef/ROS-starter-tutorial/ROS2_demo_ws/install/turtle_package/lib/turtle_package/demo_node
[31mCMake Error at cmake_install.cmake:62 (file):
  file INSTALL cannot find
  "/home/yousef/ROS-starter-tutorial/ROS2_demo_ws/src/turtle_package/circle.py":
  No such file or directory.

[0m
