[0.014s] Invoking command in '/home/yousef/ROS-starter-tutorial/ROS2_demo_ws/build/turtle_package': CMAKE_PREFIX_PATH=${CMAKE_PREFIX_PATH}:/opt/ros/humble /usr/bin/cmake --build /home/yousef/ROS-starter-tutorial/ROS2_demo_ws/build/turtle_package -- -j6 -l6
[0.036s] -- Found ament_cmake: 1.3.11 (/opt/ros/humble/share/ament_cmake/cmake)
[0.161s] -- Found ament_lint_auto: 0.12.11 (/opt/ros/humble/share/ament_lint_auto/cmake)
[0.231s] -- Added test 'cppcheck' to perform static code analysis on C / C++ code
[0.231s] -- Configured cppcheck include dirs: $<BUILD_INTERFACE:/home/yousef/ROS-starter-tutorial/ROS2_demo_ws/src/turtle_package/include>
[0.231s] -- Configured cppcheck exclude dirs and/or files: 
[0.231s] -- Added test 'flake8' to check Python code syntax and style conventions
[0.232s] -- Added test 'lint_cmake' to check CMake code style
[0.232s] -- Added test 'pep257' to check Python code against some of the docstring style conventions in PEP 257
[0.233s] -- Added test 'uncrustify' to check C / C++ code style
[0.233s] -- Configured uncrustify additional arguments: 
[0.233s] -- Added test 'xmllint' to check XML markup files
[0.234s] -- Configuring done
[0.240s] -- Generating done
[0.242s] -- Build files have been written to: /home/yousef/ROS-starter-tutorial/ROS2_demo_ws/build/turtle_package
[0.263s] [35m[1mConsolidate compiler generated dependencies of target demo_node[0m
[0.273s] [100%] Built target demo_node
[0.284s] Invoked command in '/home/yousef/ROS-starter-tutorial/ROS2_demo_ws/build/turtle_package' returned '0': CMAKE_PREFIX_PATH=${CMAKE_PREFIX_PATH}:/opt/ros/humble /usr/bin/cmake --build /home/yousef/ROS-starter-tutorial/ROS2_demo_ws/build/turtle_package -- -j6 -l6
[0.294s] Invoking command in '/home/yousef/ROS-starter-tutorial/ROS2_demo_ws/build/turtle_package': CMAKE_PREFIX_PATH=${CMAKE_PREFIX_PATH}:/opt/ros/humble /usr/bin/cmake --install /home/yousef/ROS-starter-tutorial/ROS2_demo_ws/build/turtle_package
[0.300s] -- Install configuration: ""
[0.300s] -- Up-to-date: /home/yousef/ROS-starter-tutorial/ROS2_demo_ws/install/turtle_package/lib/turtle_package/demo_node
[0.301s] [31mCMake Error at cmake_install.cmake:62 (file):
[0.301s]   file INSTALL cannot find
[0.301s]   "/home/yousef/ROS-starter-tutorial/ROS2_demo_ws/src/turtle_package/circle.py":
[0.301s]   No such file or directory.
[0.301s] 
[0.301s] [0m
[0.302s] Invoked command in '/home/yousef/ROS-starter-tutorial/ROS2_demo_ws/build/turtle_package' returned '1': CMAKE_PREFIX_PATH=${CMAKE_PREFIX_PATH}:/opt/ros/humble /usr/bin/cmake --install /home/yousef/ROS-starter-tutorial/ROS2_demo_ws/build/turtle_package
