[0.012s] Invoking command in '/home/yousef/ROS-starter-tutorial/ROS2_demo_ws/build/turtle_package': CMAKE_PREFIX_PATH=${CMAKE_PREFIX_PATH}:/opt/ros/humble /usr/bin/cmake --build /home/yousef/ROS-starter-tutorial/ROS2_demo_ws/build/turtle_package -- -j6 -l6
[0.035s] -- Found ament_cmake: 1.3.11 (/opt/ros/humble/share/ament_cmake/cmake)
[0.156s] [31mCMake Error at CMakeLists.txt:20 (install):
[0.157s]   install TARGETS given target "PROGRAMS" which does not exist.
[0.157s] 
[0.157s] [0m
[0.157s] -- Found ament_lint_auto: 0.12.11 (/opt/ros/humble/share/ament_lint_auto/cmake)
[0.222s] -- Added test 'cppcheck' to perform static code analysis on C / C++ code
[0.222s] -- Configured cppcheck include dirs: $<BUILD_INTERFACE:/home/yousef/ROS-starter-tutorial/ROS2_demo_ws/src/turtle_package/include>
[0.222s] -- Configured cppcheck exclude dirs and/or files: 
[0.223s] -- Added test 'flake8' to check Python code syntax and style conventions
[0.223s] -- Added test 'lint_cmake' to check CMake code style
[0.223s] -- Added test 'pep257' to check Python code against some of the docstring style conventions in PEP 257
[0.224s] -- Added test 'uncrustify' to check C / C++ code style
[0.224s] -- Configured uncrustify additional arguments: 
[0.225s] -- Added test 'xmllint' to check XML markup files
[0.225s] -- Configuring incomplete, errors occurred!
[0.225s] See also "/home/yousef/ROS-starter-tutorial/ROS2_demo_ws/build/turtle_package/CMakeFiles/CMakeOutput.log".
[0.228s] gmake: *** [Makefile:281: cmake_check_build_system] Error 1
[0.231s] Invoked command in '/home/yousef/ROS-starter-tutorial/ROS2_demo_ws/build/turtle_package' returned '2': CMAKE_PREFIX_PATH=${CMAKE_PREFIX_PATH}:/opt/ros/humble /usr/bin/cmake --build /home/yousef/ROS-starter-tutorial/ROS2_demo_ws/build/turtle_package -- -j6 -l6
