[0.020s] Invoking command in '/home/yousef/ROS-starter-tutorial/ROS2_demo_ws/build/turtle_package': CMAKE_PREFIX_PATH=/opt/ros/humble /usr/bin/cmake /home/yousef/ROS-starter-tutorial/ROS2_demo_ws/src/turtle_package -DCMAKE_INSTALL_PREFIX=/home/yousef/ROS-starter-tutorial/ROS2_demo_ws/install/turtle_package
[0.150s] -- The C compiler identification is GNU 11.4.0
[0.254s] -- The CXX compiler identification is GNU 11.4.0
[0.266s] -- Detecting C compiler ABI info
[0.346s] -- Detecting C compiler ABI info - done
[0.357s] -- Check for working C compiler: /usr/bin/cc - skipped
[0.358s] -- Detecting C compile features
[0.359s] -- Detecting C compile features - done
[0.363s] -- Detecting CXX compiler ABI info
[0.449s] -- Detecting CXX compiler ABI info - done
[0.460s] -- Check for working CXX compiler: /usr/bin/c++ - skipped
[0.460s] -- Detecting CXX compile features
[0.461s] -- Detecting CXX compile features - done
[0.472s] -- Found ament_cmake: 1.3.11 (/opt/ros/humble/share/ament_cmake/cmake)
[0.622s] -- Found Python3: /usr/bin/python3 (found version "3.10.12") found components: Interpreter 
[0.724s] -- Found ament_lint_auto: 0.12.11 (/opt/ros/humble/share/ament_lint_auto/cmake)
[0.811s] -- Added test 'cppcheck' to perform static code analysis on C / C++ code
[0.811s] -- Configured cppcheck include dirs: $<BUILD_INTERFACE:/home/yousef/ROS-starter-tutorial/ROS2_demo_ws/src/turtle_package/include>
[0.811s] -- Configured cppcheck exclude dirs and/or files: 
[0.812s] -- Added test 'lint_cmake' to check CMake code style
[0.814s] -- Added test 'uncrustify' to check C / C++ code style
[0.814s] -- Configured uncrustify additional arguments: 
[0.815s] -- Added test 'xmllint' to check XML markup files
[0.817s] -- Configuring done
[0.823s] -- Generating done
[0.825s] -- Build files have been written to: /home/yousef/ROS-starter-tutorial/ROS2_demo_ws/build/turtle_package
[0.830s] Invoked command in '/home/yousef/ROS-starter-tutorial/ROS2_demo_ws/build/turtle_package' returned '0': CMAKE_PREFIX_PATH=/opt/ros/humble /usr/bin/cmake /home/yousef/ROS-starter-tutorial/ROS2_demo_ws/src/turtle_package -DCMAKE_INSTALL_PREFIX=/home/yousef/ROS-starter-tutorial/ROS2_demo_ws/install/turtle_package
[0.832s] Invoking command in '/home/yousef/ROS-starter-tutorial/ROS2_demo_ws/build/turtle_package': CMAKE_PREFIX_PATH=/opt/ros/humble /usr/bin/cmake --build /home/yousef/ROS-starter-tutorial/ROS2_demo_ws/build/turtle_package -- -j6 -l6
[0.877s] [ 50%] [32mBuilding CXX object CMakeFiles/demo_node.dir/src/demo_node.cpp.o[0m
[0.915s] [100%] [32m[1mLinking CXX executable demo_node[0m
[0.963s] [100%] Built target demo_node
[0.976s] Invoked command in '/home/yousef/ROS-starter-tutorial/ROS2_demo_ws/build/turtle_package' returned '0': CMAKE_PREFIX_PATH=/opt/ros/humble /usr/bin/cmake --build /home/yousef/ROS-starter-tutorial/ROS2_demo_ws/build/turtle_package -- -j6 -l6
[0.986s] Invoking command in '/home/yousef/ROS-starter-tutorial/ROS2_demo_ws/build/turtle_package': CMAKE_PREFIX_PATH=/opt/ros/humble /usr/bin/cmake --install /home/yousef/ROS-starter-tutorial/ROS2_demo_ws/build/turtle_package
[0.992s] -- Install configuration: ""
[0.992s] -- Installing: /home/yousef/ROS-starter-tutorial/ROS2_demo_ws/install/turtle_package/lib/turtle_package/demo_node
[0.993s] -- Installing: /home/yousef/ROS-starter-tutorial/ROS2_demo_ws/install/turtle_package/share/ament_index/resource_index/package_run_dependencies/turtle_package
[0.993s] -- Installing: /home/yousef/ROS-starter-tutorial/ROS2_demo_ws/install/turtle_package/share/ament_index/resource_index/parent_prefix_path/turtle_package
[0.993s] -- Installing: /home/yousef/ROS-starter-tutorial/ROS2_demo_ws/install/turtle_package/share/turtle_package/environment/ament_prefix_path.sh
[0.993s] -- Installing: /home/yousef/ROS-starter-tutorial/ROS2_demo_ws/install/turtle_package/share/turtle_package/environment/ament_prefix_path.dsv
[0.993s] -- Installing: /home/yousef/ROS-starter-tutorial/ROS2_demo_ws/install/turtle_package/share/turtle_package/environment/path.sh
[0.994s] -- Installing: /home/yousef/ROS-starter-tutorial/ROS2_demo_ws/install/turtle_package/share/turtle_package/environment/path.dsv
[0.994s] -- Installing: /home/yousef/ROS-starter-tutorial/ROS2_demo_ws/install/turtle_package/share/turtle_package/local_setup.bash
[0.994s] -- Installing: /home/yousef/ROS-starter-tutorial/ROS2_demo_ws/install/turtle_package/share/turtle_package/local_setup.sh
[0.994s] -- Installing: /home/yousef/ROS-starter-tutorial/ROS2_demo_ws/install/turtle_package/share/turtle_package/local_setup.zsh
[0.994s] -- Installing: /home/yousef/ROS-starter-tutorial/ROS2_demo_ws/install/turtle_package/share/turtle_package/local_setup.dsv
[0.994s] -- Installing: /home/yousef/ROS-starter-tutorial/ROS2_demo_ws/install/turtle_package/share/turtle_package/package.dsv
[0.994s] -- Installing: /home/yousef/ROS-starter-tutorial/ROS2_demo_ws/install/turtle_package/share/ament_index/resource_index/packages/turtle_package
[0.995s] -- Installing: /home/yousef/ROS-starter-tutorial/ROS2_demo_ws/install/turtle_package/share/turtle_package/cmake/turtle_packageConfig.cmake
[0.995s] -- Installing: /home/yousef/ROS-starter-tutorial/ROS2_demo_ws/install/turtle_package/share/turtle_package/cmake/turtle_packageConfig-version.cmake
[0.995s] -- Installing: /home/yousef/ROS-starter-tutorial/ROS2_demo_ws/install/turtle_package/share/turtle_package/package.xml
[0.997s] Invoked command in '/home/yousef/ROS-starter-tutorial/ROS2_demo_ws/build/turtle_package' returned '0': CMAKE_PREFIX_PATH=/opt/ros/humble /usr/bin/cmake --install /home/yousef/ROS-starter-tutorial/ROS2_demo_ws/build/turtle_package
