[0.851s] Invoking command in '/home/zaynap/ROS-starter-tutorial/ROS2_demo_ws/src/robot_info_system2': PYTHONPATH=/home/zaynap/ROS-starter-tutorial/ROS2_demo_ws/build/robot_info_system2/prefix_override:/usr/lib/python3/dist-packages/colcon_core/task/python/colcon_distutils_commands:/home/zaynap/ROS-starter-tutorial/ROS2_demo_ws/install/robot_info_system2/lib/python3.10/site-packages:${PYTHONPATH} /usr/bin/python3 -W ignore:setup.py install is deprecated setup.py egg_info --egg-base ../../build/robot_info_system2 build --build-base /home/zaynap/ROS-starter-tutorial/ROS2_demo_ws/build/robot_info_system2/build install --record /home/zaynap/ROS-starter-tutorial/ROS2_demo_ws/build/robot_info_system2/install.log --single-version-externally-managed install_data
[1.021s] /home/zaynap/.local/lib/python3.10/site-packages/setuptools/_distutils/dist.py:270: UserWarning: Unknown distribution option: 'tests_require'
[1.022s]   warnings.warn(msg)
[1.154s] running egg_info
[1.175s] writing ../../build/robot_info_system2/robot_info_system2.egg-info/PKG-INFO
[1.176s] writing dependency_links to ../../build/robot_info_system2/robot_info_system2.egg-info/dependency_links.txt
[1.176s] writing entry points to ../../build/robot_info_system2/robot_info_system2.egg-info/entry_points.txt
[1.176s] writing requirements to ../../build/robot_info_system2/robot_info_system2.egg-info/requires.txt
[1.177s] writing top-level names to ../../build/robot_info_system2/robot_info_system2.egg-info/top_level.txt
[1.221s] reading manifest file '../../build/robot_info_system2/robot_info_system2.egg-info/SOURCES.txt'
[1.222s] writing manifest file '../../build/robot_info_system2/robot_info_system2.egg-info/SOURCES.txt'
[1.228s] running build
[1.228s] running build_py
[1.228s] copying robot_info_system2/robot_monitor.py -> /home/zaynap/ROS-starter-tutorial/ROS2_demo_ws/build/robot_info_system2/build/lib/robot_info_system2
[1.228s] copying robot_info_system2/__init__.py -> /home/zaynap/ROS-starter-tutorial/ROS2_demo_ws/build/robot_info_system2/build/lib/robot_info_system2
[1.228s] copying robot_info_system2/robot_state_publisher.py -> /home/zaynap/ROS-starter-tutorial/ROS2_demo_ws/build/robot_info_system2/build/lib/robot_info_system2
[1.229s] running install
[1.234s] running install_lib
[1.256s] copying /home/zaynap/ROS-starter-tutorial/ROS2_demo_ws/build/robot_info_system2/build/lib/robot_info_system2/robot_monitor.py -> /home/zaynap/ROS-starter-tutorial/ROS2_demo_ws/install/robot_info_system2/lib/python3.10/site-packages/robot_info_system2
[1.257s] byte-compiling /home/zaynap/ROS-starter-tutorial/ROS2_demo_ws/install/robot_info_system2/lib/python3.10/site-packages/robot_info_system2/robot_monitor.py to robot_monitor.cpython-310.pyc
[1.257s] running install_data
[1.257s] copying resource/robot_info_system2 -> /home/zaynap/ROS-starter-tutorial/ROS2_demo_ws/install/robot_info_system2/share/ament_index/resource_index/packages
[1.258s] copying package.xml -> /home/zaynap/ROS-starter-tutorial/ROS2_demo_ws/install/robot_info_system2/share/robot_info_system2
[1.289s] running install_egg_info
[1.335s] removing '/home/zaynap/ROS-starter-tutorial/ROS2_demo_ws/install/robot_info_system2/lib/python3.10/site-packages/robot_info_system2-0.0.0-py3.10.egg-info' (and everything under it)
[1.335s] Copying ../../build/robot_info_system2/robot_info_system2.egg-info to /home/zaynap/ROS-starter-tutorial/ROS2_demo_ws/install/robot_info_system2/lib/python3.10/site-packages/robot_info_system2-0.0.0-py3.10.egg-info
[1.336s] running install_scripts
[1.505s] Installing robot_monitor script to /home/zaynap/ROS-starter-tutorial/ROS2_demo_ws/install/robot_info_system2/lib/robot_info_system2
[1.505s] Installing robot_state_publisher script to /home/zaynap/ROS-starter-tutorial/ROS2_demo_ws/install/robot_info_system2/lib/robot_info_system2
[1.505s] writing list of installed files to '/home/zaynap/ROS-starter-tutorial/ROS2_demo_ws/build/robot_info_system2/install.log'
[1.528s] Invoked command in '/home/zaynap/ROS-starter-tutorial/ROS2_demo_ws/src/robot_info_system2' returned '0': PYTHONPATH=/home/zaynap/ROS-starter-tutorial/ROS2_demo_ws/build/robot_info_system2/prefix_override:/usr/lib/python3/dist-packages/colcon_core/task/python/colcon_distutils_commands:/home/zaynap/ROS-starter-tutorial/ROS2_demo_ws/install/robot_info_system2/lib/python3.10/site-packages:${PYTHONPATH} /usr/bin/python3 -W ignore:setup.py install is deprecated setup.py egg_info --egg-base ../../build/robot_info_system2 build --build-base /home/zaynap/ROS-starter-tutorial/ROS2_demo_ws/build/robot_info_system2/build install --record /home/zaynap/ROS-starter-tutorial/ROS2_demo_ws/build/robot_info_system2/install.log --single-version-externally-managed install_data
