running egg_info
creating ../../build/robot_info_system/robot_info_system.egg-info
writing ../../build/robot_info_system/robot_info_system.egg-info/PKG-INFO
writing dependency_links to ../../build/robot_info_system/robot_info_system.egg-info/dependency_links.txt
writing entry points to ../../build/robot_info_system/robot_info_system.egg-info/entry_points.txt
writing requirements to ../../build/robot_info_system/robot_info_system.egg-info/requires.txt
writing top-level names to ../../build/robot_info_system/robot_info_system.egg-info/top_level.txt
writing manifest file '../../build/robot_info_system/robot_info_system.egg-info/SOURCES.txt'
reading manifest file '../../build/robot_info_system/robot_info_system.egg-info/SOURCES.txt'
writing manifest file '../../build/robot_info_system/robot_info_system.egg-info/SOURCES.txt'
running build
running build_py
creating /home/zaynap/ROS-starter-tutorial/ROS2_demo_ws/build/robot_info_system/build
creating /home/zaynap/ROS-starter-tutorial/ROS2_demo_ws/build/robot_info_system/build/lib
creating /home/zaynap/ROS-starter-tutorial/ROS2_demo_ws/build/robot_info_system/build/lib/robot_info_system
copying robot_info_system/__init__.py -> /home/zaynap/ROS-starter-tutorial/ROS2_demo_ws/build/robot_info_system/build/lib/robot_info_system
running install
running install_lib
creating /home/zaynap/ROS-starter-tutorial/ROS2_demo_ws/install/robot_info_system/lib/python3.10/site-packages/robot_info_system
copying /home/zaynap/ROS-starter-tutorial/ROS2_demo_ws/build/robot_info_system/build/lib/robot_info_system/__init__.py -> /home/zaynap/ROS-starter-tutorial/ROS2_demo_ws/install/robot_info_system/lib/python3.10/site-packages/robot_info_system
byte-compiling /home/zaynap/ROS-starter-tutorial/ROS2_demo_ws/install/robot_info_system/lib/python3.10/site-packages/robot_info_system/__init__.py to __init__.cpython-310.pyc
running install_data
creating /home/zaynap/ROS-starter-tutorial/ROS2_demo_ws/install/robot_info_system/share/ament_index
creating /home/zaynap/ROS-starter-tutorial/ROS2_demo_ws/install/robot_info_system/share/ament_index/resource_index
creating /home/zaynap/ROS-starter-tutorial/ROS2_demo_ws/install/robot_info_system/share/ament_index/resource_index/packages
copying resource/robot_info_system -> /home/zaynap/ROS-starter-tutorial/ROS2_demo_ws/install/robot_info_system/share/ament_index/resource_index/packages
copying package.xml -> /home/zaynap/ROS-starter-tutorial/ROS2_demo_ws/install/robot_info_system/share/robot_info_system
running install_egg_info
Copying ../../build/robot_info_system/robot_info_system.egg-info to /home/zaynap/ROS-starter-tutorial/ROS2_demo_ws/install/robot_info_system/lib/python3.10/site-packages/robot_info_system-0.0.0-py3.10.egg-info
running install_scripts
writing list of installed files to '/home/zaynap/ROS-starter-tutorial/ROS2_demo_ws/build/robot_info_system/install.log'
